2016-10-13 08:53:18,438 [5140] ERROR File LinQConnection getDataTableLogin failed for user 'sa'.
2016-10-13 08:53:19,683 [5876] ERROR File LinQConnection getDataTableLogin failed for user 'sa'.
2016-10-13 08:55:29,915 [6072] ERROR File LinQConnection getDataTableLogin failed for user 'sa'.
2016-10-13 08:55:31,218 [2628] ERROR File LinQConnection getDataTableLogin failed for user 'sa'.
2016-10-13 08:57:06,392 [5736] ERROR File LinQConnection getDataTableLogin failed for user 'sa'.
2016-10-13 08:57:07,618 [5736] ERROR File LinQConnection getDataTableLogin failed for user 'sa'.
2016-10-13 08:57:08,461 [884] ERROR File LinQConnection getDataTableLogin failed for user 'sa'.
2016-10-13 08:59:32,760 [6084] ERROR File LinQConnection getDataTableLogin failed for user 'sa'.
2016-10-13 09:00:36,257 [3444] ERROR File LinQConnection getDataTableLogin failed for user 'sa'.
2016-10-13 09:00:37,229 [3444] ERROR File LinQConnection getDataTableLogin failed for user 'sa'.
2016-10-13 09:01:44,857 [5516] ERROR File LinQConnection getDataTableLogin failed for user 'sa'.
2016-10-13 09:01:45,747 [3444] ERROR File LinQConnection getDataTableLogin failed for user 'sa'.
2016-10-13 09:04:28,226 [3680] ERROR File LinQConnection getDataTableLogin failed for user 'sa'.
2016-10-13 09:05:47,527 [2948] ERROR File LinQConnection getDataTableLogin failed for user 'sa'.
2016-10-13 09:06:41,014 [2948] ERROR File LinQConnection getDataTableLogin failed for user 'sa'.
2016-10-14 11:50:53,278 [5680] ERROR File OleDbConnection getDataTableCould not find file 'D:\WiseEyeOn39.mdb'.
2016-10-14 11:54:29,372 [5680] ERROR File OleDbConnection getDataTableCould not find file 'D:\WiseEyeOn39.mdb'.
2016-10-14 11:55:27,885 [5680] ERROR File OleDbConnection getDataTableCould not find file 'D:\WiseEyeOn39.mdb'.
2016-10-14 11:59:27,294 [5680] ERROR File OleDbConnection getDataTableNo value given for one or more required parameters.
2016-10-14 12:05:42,803 [5636] ERROR File OleDbConnection getDataTableData type mismatch in criteria expression.
2016-10-14 13:08:10,451 [1764] ERROR File LinQConnection getDataTableA network-related or instance-specific error occurred while establishing a connection to SQL Server. The server was not found or was not accessible. Verify that the instance name is correct and that SQL Server is configured to allow remote connections. (provider: SQL Network Interfaces, error: 26 - Error Locating Server/Instance Specified)
2016-10-14 13:26:00,982 [1128] ERROR File LinQConnection getDataTableA network-related or instance-specific error occurred while establishing a connection to SQL Server. The server was not found or was not accessible. Verify that the instance name is correct and that SQL Server is configured to allow remote connections. (provider: SQL Network Interfaces, error: 26 - Error Locating Server/Instance Specified)
2016-10-14 13:26:01,012 [1128] ERROR File LinQConnection getDataTableA network-related or instance-specific error occurred while establishing a connection to SQL Server. The server was not found or was not accessible. Verify that the instance name is correct and that SQL Server is configured to allow remote connections. (provider: SQL Network Interfaces, error: 26 - Error Locating Server/Instance Specified)
2016-10-14 13:26:01,055 [1128] ERROR File LinQConnection getDataTableA network-related or instance-specific error occurred while establishing a connection to SQL Server. The server was not found or was not accessible. Verify that the instance name is correct and that SQL Server is configured to allow remote connections. (provider: SQL Network Interfaces, error: 26 - Error Locating Server/Instance Specified)
2016-10-14 13:26:01,076 [1128] ERROR File LinQConnection getDataTableA network-related or instance-specific error occurred while establishing a connection to SQL Server. The server was not found or was not accessible. Verify that the instance name is correct and that SQL Server is configured to allow remote connections. (provider: SQL Network Interfaces, error: 26 - Error Locating Server/Instance Specified)
2016-10-14 13:26:01,099 [1128] ERROR File LinQConnection getDataTableA network-related or instance-specific error occurred while establishing a connection to SQL Server. The server was not found or was not accessible. Verify that the instance name is correct and that SQL Server is configured to allow remote connections. (provider: SQL Network Interfaces, error: 26 - Error Locating Server/Instance Specified)
2016-10-14 14:06:48,373 [5808] ERROR File LinQConnection getDataTableA network-related or instance-specific error occurred while establishing a connection to SQL Server. The server was not found or was not accessible. Verify that the instance name is correct and that SQL Server is configured to allow remote connections. (provider: SQL Network Interfaces, error: 26 - Error Locating Server/Instance Specified)
2016-10-14 14:06:48,399 [5808] ERROR File LinQConnection getDataTableA network-related or instance-specific error occurred while establishing a connection to SQL Server. The server was not found or was not accessible. Verify that the instance name is correct and that SQL Server is configured to allow remote connections. (provider: SQL Network Interfaces, error: 26 - Error Locating Server/Instance Specified)
2016-10-14 14:06:48,420 [5808] ERROR File LinQConnection getDataTableA network-related or instance-specific error occurred while establishing a connection to SQL Server. The server was not found or was not accessible. Verify that the instance name is correct and that SQL Server is configured to allow remote connections. (provider: SQL Network Interfaces, error: 26 - Error Locating Server/Instance Specified)
2016-10-14 14:06:48,439 [5808] ERROR File LinQConnection getDataTableA network-related or instance-specific error occurred while establishing a connection to SQL Server. The server was not found or was not accessible. Verify that the instance name is correct and that SQL Server is configured to allow remote connections. (provider: SQL Network Interfaces, error: 26 - Error Locating Server/Instance Specified)
2016-10-14 14:06:48,460 [5808] ERROR File LinQConnection getDataTableA network-related or instance-specific error occurred while establishing a connection to SQL Server. The server was not found or was not accessible. Verify that the instance name is correct and that SQL Server is configured to allow remote connections. (provider: SQL Network Interfaces, error: 26 - Error Locating Server/Instance Specified)
2016-10-14 14:09:23,572 [3052] ERROR File OleDbConnection ExecuteCommandThe ConnectionString property has not been initialized.
2016-10-14 14:09:38,085 [3052] ERROR File LinQConnection getDataTableA network-related or instance-specific error occurred while establishing a connection to SQL Server. The server was not found or was not accessible. Verify that the instance name is correct and that SQL Server is configured to allow remote connections. (provider: SQL Network Interfaces, error: 26 - Error Locating Server/Instance Specified)
2016-10-14 14:09:38,086 [3052] ERROR File LinQConnection getDataTableA network-related or instance-specific error occurred while establishing a connection to SQL Server. The server was not found or was not accessible. Verify that the instance name is correct and that SQL Server is configured to allow remote connections. (provider: SQL Network Interfaces, error: 26 - Error Locating Server/Instance Specified)
2016-10-14 14:09:38,086 [3052] ERROR File LinQConnection getDataTableA network-related or instance-specific error occurred while establishing a connection to SQL Server. The server was not found or was not accessible. Verify that the instance name is correct and that SQL Server is configured to allow remote connections. (provider: SQL Network Interfaces, error: 26 - Error Locating Server/Instance Specified)
2016-10-14 14:09:38,087 [3052] ERROR File LinQConnection getDataTableA network-related or instance-specific error occurred while establishing a connection to SQL Server. The server was not found or was not accessible. Verify that the instance name is correct and that SQL Server is configured to allow remote connections. (provider: SQL Network Interfaces, error: 26 - Error Locating Server/Instance Specified)
2016-10-14 14:09:38,087 [3052] ERROR File LinQConnection getDataTableA network-related or instance-specific error occurred while establishing a connection to SQL Server. The server was not found or was not accessible. Verify that the instance name is correct and that SQL Server is configured to allow remote connections. (provider: SQL Network Interfaces, error: 26 - Error Locating Server/Instance Specified)
2016-10-14 14:11:03,036 [4728] ERROR File LinQConnection getDataTableA network-related or instance-specific error occurred while establishing a connection to SQL Server. The server was not found or was not accessible. Verify that the instance name is correct and that SQL Server is configured to allow remote connections. (provider: SQL Network Interfaces, error: 26 - Error Locating Server/Instance Specified)
2016-10-14 14:11:03,063 [4728] ERROR File LinQConnection getDataTableA network-related or instance-specific error occurred while establishing a connection to SQL Server. The server was not found or was not accessible. Verify that the instance name is correct and that SQL Server is configured to allow remote connections. (provider: SQL Network Interfaces, error: 26 - Error Locating Server/Instance Specified)
2016-10-14 14:11:03,086 [4728] ERROR File LinQConnection getDataTableA network-related or instance-specific error occurred while establishing a connection to SQL Server. The server was not found or was not accessible. Verify that the instance name is correct and that SQL Server is configured to allow remote connections. (provider: SQL Network Interfaces, error: 26 - Error Locating Server/Instance Specified)
2016-10-14 14:11:03,108 [4728] ERROR File LinQConnection getDataTableA network-related or instance-specific error occurred while establishing a connection to SQL Server. The server was not found or was not accessible. Verify that the instance name is correct and that SQL Server is configured to allow remote connections. (provider: SQL Network Interfaces, error: 26 - Error Locating Server/Instance Specified)
2016-10-14 14:11:03,131 [4728] ERROR File LinQConnection getDataTableA network-related or instance-specific error occurred while establishing a connection to SQL Server. The server was not found or was not accessible. Verify that the instance name is correct and that SQL Server is configured to allow remote connections. (provider: SQL Network Interfaces, error: 26 - Error Locating Server/Instance Specified)
2016-10-14 14:15:12,758 [2140] ERROR File OleDbConnection ExecuteCommandThe ConnectionString property has not been initialized.
2016-10-14 14:15:27,266 [2140] ERROR File LinQConnection getDataTableA network-related or instance-specific error occurred while establishing a connection to SQL Server. The server was not found or was not accessible. Verify that the instance name is correct and that SQL Server is configured to allow remote connections. (provider: SQL Network Interfaces, error: 26 - Error Locating Server/Instance Specified)
2016-10-14 14:15:27,267 [2140] ERROR File LinQConnection getDataTableA network-related or instance-specific error occurred while establishing a connection to SQL Server. The server was not found or was not accessible. Verify that the instance name is correct and that SQL Server is configured to allow remote connections. (provider: SQL Network Interfaces, error: 26 - Error Locating Server/Instance Specified)
2016-10-14 14:15:27,267 [2140] ERROR File LinQConnection getDataTableA network-related or instance-specific error occurred while establishing a connection to SQL Server. The server was not found or was not accessible. Verify that the instance name is correct and that SQL Server is configured to allow remote connections. (provider: SQL Network Interfaces, error: 26 - Error Locating Server/Instance Specified)
2016-10-14 14:15:27,268 [2140] ERROR File LinQConnection getDataTableA network-related or instance-specific error occurred while establishing a connection to SQL Server. The server was not found or was not accessible. Verify that the instance name is correct and that SQL Server is configured to allow remote connections. (provider: SQL Network Interfaces, error: 26 - Error Locating Server/Instance Specified)
2016-10-14 14:15:27,269 [2140] ERROR File LinQConnection getDataTableA network-related or instance-specific error occurred while establishing a connection to SQL Server. The server was not found or was not accessible. Verify that the instance name is correct and that SQL Server is configured to allow remote connections. (provider: SQL Network Interfaces, error: 26 - Error Locating Server/Instance Specified)
2016-10-14 14:24:35,653 [1912] ERROR File LinQConnection getDataTableA network-related or instance-specific error occurred while establishing a connection to SQL Server. The server was not found or was not accessible. Verify that the instance name is correct and that SQL Server is configured to allow remote connections. (provider: SQL Network Interfaces, error: 26 - Error Locating Server/Instance Specified)
2016-10-14 14:24:35,681 [1912] ERROR File LinQConnection getDataTableA network-related or instance-specific error occurred while establishing a connection to SQL Server. The server was not found or was not accessible. Verify that the instance name is correct and that SQL Server is configured to allow remote connections. (provider: SQL Network Interfaces, error: 26 - Error Locating Server/Instance Specified)
2016-10-14 14:24:35,704 [1912] ERROR File LinQConnection getDataTableA network-related or instance-specific error occurred while establishing a connection to SQL Server. The server was not found or was not accessible. Verify that the instance name is correct and that SQL Server is configured to allow remote connections. (provider: SQL Network Interfaces, error: 26 - Error Locating Server/Instance Specified)
2016-10-14 14:24:35,725 [1912] ERROR File LinQConnection getDataTableA network-related or instance-specific error occurred while establishing a connection to SQL Server. The server was not found or was not accessible. Verify that the instance name is correct and that SQL Server is configured to allow remote connections. (provider: SQL Network Interfaces, error: 26 - Error Locating Server/Instance Specified)
2016-10-14 14:24:35,745 [1912] ERROR File LinQConnection getDataTableA network-related or instance-specific error occurred while establishing a connection to SQL Server. The server was not found or was not accessible. Verify that the instance name is correct and that SQL Server is configured to allow remote connections. (provider: SQL Network Interfaces, error: 26 - Error Locating Server/Instance Specified)
2016-10-14 14:24:53,474 [5520] ERROR File OleDbConnection ExecuteCommandThe ConnectionString property has not been initialized.
2016-10-14 14:25:08,324 [5520] ERROR File LinQConnection getDataTableA network-related or instance-specific error occurred while establishing a connection to SQL Server. The server was not found or was not accessible. Verify that the instance name is correct and that SQL Server is configured to allow remote connections. (provider: SQL Network Interfaces, error: 26 - Error Locating Server/Instance Specified)
2016-10-14 14:25:08,347 [5520] ERROR File LinQConnection getDataTableA network-related or instance-specific error occurred while establishing a connection to SQL Server. The server was not found or was not accessible. Verify that the instance name is correct and that SQL Server is configured to allow remote connections. (provider: SQL Network Interfaces, error: 26 - Error Locating Server/Instance Specified)
2016-10-14 14:25:08,372 [5520] ERROR File LinQConnection getDataTableA network-related or instance-specific error occurred while establishing a connection to SQL Server. The server was not found or was not accessible. Verify that the instance name is correct and that SQL Server is configured to allow remote connections. (provider: SQL Network Interfaces, error: 26 - Error Locating Server/Instance Specified)
2016-10-14 14:25:08,393 [5520] ERROR File LinQConnection getDataTableA network-related or instance-specific error occurred while establishing a connection to SQL Server. The server was not found or was not accessible. Verify that the instance name is correct and that SQL Server is configured to allow remote connections. (provider: SQL Network Interfaces, error: 26 - Error Locating Server/Instance Specified)
2016-10-14 14:25:08,414 [5520] ERROR File LinQConnection getDataTableA network-related or instance-specific error occurred while establishing a connection to SQL Server. The server was not found or was not accessible. Verify that the instance name is correct and that SQL Server is configured to allow remote connections. (provider: SQL Network Interfaces, error: 26 - Error Locating Server/Instance Specified)
2016-10-14 14:30:36,984 [1916] ERROR File OleDbConnection ExecuteCommandThe ConnectionString property has not been initialized.
2016-10-14 14:30:51,879 [1916] ERROR File LinQConnection getDataTableA network-related or instance-specific error occurred while establishing a connection to SQL Server. The server was not found or was not accessible. Verify that the instance name is correct and that SQL Server is configured to allow remote connections. (provider: SQL Network Interfaces, error: 26 - Error Locating Server/Instance Specified)
2016-10-14 14:31:06,795 [1916] ERROR File LinQConnection getDataTableA network-related or instance-specific error occurred while establishing a connection to SQL Server. The server was not found or was not accessible. Verify that the instance name is correct and that SQL Server is configured to allow remote connections. (provider: SQL Network Interfaces, error: 26 - Error Locating Server/Instance Specified)
2016-10-14 14:31:06,817 [1916] ERROR File LinQConnection getDataTableA network-related or instance-specific error occurred while establishing a connection to SQL Server. The server was not found or was not accessible. Verify that the instance name is correct and that SQL Server is configured to allow remote connections. (provider: SQL Network Interfaces, error: 26 - Error Locating Server/Instance Specified)
2016-10-14 14:31:06,840 [1916] ERROR File LinQConnection getDataTableA network-related or instance-specific error occurred while establishing a connection to SQL Server. The server was not found or was not accessible. Verify that the instance name is correct and that SQL Server is configured to allow remote connections. (provider: SQL Network Interfaces, error: 26 - Error Locating Server/Instance Specified)
2016-10-14 14:31:06,863 [1916] ERROR File LinQConnection getDataTableA network-related or instance-specific error occurred while establishing a connection to SQL Server. The server was not found or was not accessible. Verify that the instance name is correct and that SQL Server is configured to allow remote connections. (provider: SQL Network Interfaces, error: 26 - Error Locating Server/Instance Specified)
2016-10-14 14:31:22,807 [1916] ERROR File OleDbConnection ExecuteCommandThe ConnectionString property has not been initialized.
2016-10-14 14:31:37,689 [1916] ERROR File LinQConnection getDataTableA network-related or instance-specific error occurred while establishing a connection to SQL Server. The server was not found or was not accessible. Verify that the instance name is correct and that SQL Server is configured to allow remote connections. (provider: SQL Network Interfaces, error: 26 - Error Locating Server/Instance Specified)
2016-10-14 14:31:37,712 [1916] ERROR File LinQConnection getDataTableA network-related or instance-specific error occurred while establishing a connection to SQL Server. The server was not found or was not accessible. Verify that the instance name is correct and that SQL Server is configured to allow remote connections. (provider: SQL Network Interfaces, error: 26 - Error Locating Server/Instance Specified)
2016-10-14 14:31:37,735 [1916] ERROR File LinQConnection getDataTableA network-related or instance-specific error occurred while establishing a connection to SQL Server. The server was not found or was not accessible. Verify that the instance name is correct and that SQL Server is configured to allow remote connections. (provider: SQL Network Interfaces, error: 26 - Error Locating Server/Instance Specified)
2016-10-14 14:31:37,757 [1916] ERROR File LinQConnection getDataTableA network-related or instance-specific error occurred while establishing a connection to SQL Server. The server was not found or was not accessible. Verify that the instance name is correct and that SQL Server is configured to allow remote connections. (provider: SQL Network Interfaces, error: 26 - Error Locating Server/Instance Specified)
2016-10-14 14:31:37,779 [1916] ERROR File LinQConnection getDataTableA network-related or instance-specific error occurred while establishing a connection to SQL Server. The server was not found or was not accessible. Verify that the instance name is correct and that SQL Server is configured to allow remote connections. (provider: SQL Network Interfaces, error: 26 - Error Locating Server/Instance Specified)
2016-10-14 14:34:32,174 [5076] ERROR File OleDbConnection ExecuteCommandThe ConnectionString property has not been initialized.
2016-10-14 14:34:39,974 [1344] ERROR File OleDbConnection ExecuteCommandThe ConnectionString property has not been initialized.
2016-10-14 14:34:47,046 [1344] ERROR File LinQConnection getDataTableA network-related or instance-specific error occurred while establishing a connection to SQL Server. The server was not found or was not accessible. Verify that the instance name is correct and that SQL Server is configured to allow remote connections. (provider: SQL Network Interfaces, error: 26 - Error Locating Server/Instance Specified)
2016-10-14 14:34:47,062 [5076] ERROR File LinQConnection getDataTableA network-related or instance-specific error occurred while establishing a connection to SQL Server. The server was not found or was not accessible. Verify that the instance name is correct and that SQL Server is configured to allow remote connections. (provider: SQL Network Interfaces, error: 26 - Error Locating Server/Instance Specified)
2016-10-14 14:34:47,087 [1344] ERROR File LinQConnection getDataTableA network-related or instance-specific error occurred while establishing a connection to SQL Server. The server was not found or was not accessible. Verify that the instance name is correct and that SQL Server is configured to allow remote connections. (provider: SQL Network Interfaces, error: 26 - Error Locating Server/Instance Specified)
2016-10-14 14:34:47,103 [5076] ERROR File LinQConnection getDataTableA network-related or instance-specific error occurred while establishing a connection to SQL Server. The server was not found or was not accessible. Verify that the instance name is correct and that SQL Server is configured to allow remote connections. (provider: SQL Network Interfaces, error: 26 - Error Locating Server/Instance Specified)
2016-10-14 14:34:47,126 [1344] ERROR File LinQConnection getDataTableA network-related or instance-specific error occurred while establishing a connection to SQL Server. The server was not found or was not accessible. Verify that the instance name is correct and that SQL Server is configured to allow remote connections. (provider: SQL Network Interfaces, error: 26 - Error Locating Server/Instance Specified)
2016-10-14 14:34:47,142 [5076] ERROR File LinQConnection getDataTableA network-related or instance-specific error occurred while establishing a connection to SQL Server. The server was not found or was not accessible. Verify that the instance name is correct and that SQL Server is configured to allow remote connections. (provider: SQL Network Interfaces, error: 26 - Error Locating Server/Instance Specified)
2016-10-14 14:34:47,186 [1344] ERROR File LinQConnection getDataTableA network-related or instance-specific error occurred while establishing a connection to SQL Server. The server was not found or was not accessible. Verify that the instance name is correct and that SQL Server is configured to allow remote connections. (provider: SQL Network Interfaces, error: 26 - Error Locating Server/Instance Specified)
2016-10-14 14:34:47,224 [5076] ERROR File LinQConnection getDataTableA network-related or instance-specific error occurred while establishing a connection to SQL Server. The server was not found or was not accessible. Verify that the instance name is correct and that SQL Server is configured to allow remote connections. (provider: SQL Network Interfaces, error: 26 - Error Locating Server/Instance Specified)
2016-10-14 14:34:47,249 [1344] ERROR File LinQConnection getDataTableA network-related or instance-specific error occurred while establishing a connection to SQL Server. The server was not found or was not accessible. Verify that the instance name is correct and that SQL Server is configured to allow remote connections. (provider: SQL Network Interfaces, error: 26 - Error Locating Server/Instance Specified)
2016-10-14 14:34:47,300 [5076] ERROR File LinQConnection getDataTableA network-related or instance-specific error occurred while establishing a connection to SQL Server. The server was not found or was not accessible. Verify that the instance name is correct and that SQL Server is configured to allow remote connections. (provider: SQL Network Interfaces, error: 26 - Error Locating Server/Instance Specified)
2016-10-14 14:36:52,969 [5276] ERROR File OleDbConnection ExecuteCommandThe ConnectionString property has not been initialized.
2016-10-14 14:37:07,478 [5276] ERROR File LinQConnection getDataTableA network-related or instance-specific error occurred while establishing a connection to SQL Server. The server was not found or was not accessible. Verify that the instance name is correct and that SQL Server is configured to allow remote connections. (provider: SQL Network Interfaces, error: 26 - Error Locating Server/Instance Specified)
2016-10-14 14:37:07,479 [5276] ERROR File LinQConnection getDataTableA network-related or instance-specific error occurred while establishing a connection to SQL Server. The server was not found or was not accessible. Verify that the instance name is correct and that SQL Server is configured to allow remote connections. (provider: SQL Network Interfaces, error: 26 - Error Locating Server/Instance Specified)
2016-10-14 14:37:07,479 [5276] ERROR File LinQConnection getDataTableA network-related or instance-specific error occurred while establishing a connection to SQL Server. The server was not found or was not accessible. Verify that the instance name is correct and that SQL Server is configured to allow remote connections. (provider: SQL Network Interfaces, error: 26 - Error Locating Server/Instance Specified)
2016-10-14 14:37:07,480 [5276] ERROR File LinQConnection getDataTableA network-related or instance-specific error occurred while establishing a connection to SQL Server. The server was not found or was not accessible. Verify that the instance name is correct and that SQL Server is configured to allow remote connections. (provider: SQL Network Interfaces, error: 26 - Error Locating Server/Instance Specified)
2016-10-14 14:37:07,480 [5276] ERROR File LinQConnection getDataTableA network-related or instance-specific error occurred while establishing a connection to SQL Server. The server was not found or was not accessible. Verify that the instance name is correct and that SQL Server is configured to allow remote connections. (provider: SQL Network Interfaces, error: 26 - Error Locating Server/Instance Specified)
2016-10-14 14:46:25,662 [4412] ERROR File LinQConnection getDataTableA network-related or instance-specific error occurred while establishing a connection to SQL Server. The server was not found or was not accessible. Verify that the instance name is correct and that SQL Server is configured to allow remote connections. (provider: SQL Network Interfaces, error: 26 - Error Locating Server/Instance Specified)
2016-10-14 14:46:25,690 [4412] ERROR File LinQConnection getDataTableA network-related or instance-specific error occurred while establishing a connection to SQL Server. The server was not found or was not accessible. Verify that the instance name is correct and that SQL Server is configured to allow remote connections. (provider: SQL Network Interfaces, error: 26 - Error Locating Server/Instance Specified)
2016-10-14 14:46:25,711 [4412] ERROR File LinQConnection getDataTableA network-related or instance-specific error occurred while establishing a connection to SQL Server. The server was not found or was not accessible. Verify that the instance name is correct and that SQL Server is configured to allow remote connections. (provider: SQL Network Interfaces, error: 26 - Error Locating Server/Instance Specified)
2016-10-14 14:46:25,732 [4412] ERROR File LinQConnection getDataTableA network-related or instance-specific error occurred while establishing a connection to SQL Server. The server was not found or was not accessible. Verify that the instance name is correct and that SQL Server is configured to allow remote connections. (provider: SQL Network Interfaces, error: 26 - Error Locating Server/Instance Specified)
2016-10-14 14:46:25,752 [4412] ERROR File LinQConnection getDataTableA network-related or instance-specific error occurred while establishing a connection to SQL Server. The server was not found or was not accessible. Verify that the instance name is correct and that SQL Server is configured to allow remote connections. (provider: SQL Network Interfaces, error: 26 - Error Locating Server/Instance Specified)
2016-10-14 14:47:01,480 [6016] ERROR File LinQConnection getDataTableA network-related or instance-specific error occurred while establishing a connection to SQL Server. The server was not found or was not accessible. Verify that the instance name is correct and that SQL Server is configured to allow remote connections. (provider: SQL Network Interfaces, error: 26 - Error Locating Server/Instance Specified)
2016-10-14 14:47:16,390 [6016] ERROR File LinQConnection getDataTableA network-related or instance-specific error occurred while establishing a connection to SQL Server. The server was not found or was not accessible. Verify that the instance name is correct and that SQL Server is configured to allow remote connections. (provider: SQL Network Interfaces, error: 26 - Error Locating Server/Instance Specified)
2016-10-14 14:47:16,414 [6016] ERROR File LinQConnection getDataTableA network-related or instance-specific error occurred while establishing a connection to SQL Server. The server was not found or was not accessible. Verify that the instance name is correct and that SQL Server is configured to allow remote connections. (provider: SQL Network Interfaces, error: 26 - Error Locating Server/Instance Specified)
2016-10-14 14:47:16,437 [6016] ERROR File LinQConnection getDataTableA network-related or instance-specific error occurred while establishing a connection to SQL Server. The server was not found or was not accessible. Verify that the instance name is correct and that SQL Server is configured to allow remote connections. (provider: SQL Network Interfaces, error: 26 - Error Locating Server/Instance Specified)
2016-10-14 14:47:16,460 [6016] ERROR File LinQConnection getDataTableA network-related or instance-specific error occurred while establishing a connection to SQL Server. The server was not found or was not accessible. Verify that the instance name is correct and that SQL Server is configured to allow remote connections. (provider: SQL Network Interfaces, error: 26 - Error Locating Server/Instance Specified)
2016-10-14 15:03:04,573 [6044] ERROR File OleDbConnection getDataTableNo value given for one or more required parameters.
2016-10-14 15:03:14,158 [3604] ERROR File OleDbConnection getDataTableNo value given for one or more required parameters.
2016-10-14 15:04:11,055 [6044] ERROR File OleDbConnection getDataTableNo value given for one or more required parameters.
2016-10-14 15:05:30,735 [1592] ERROR File OleDbConnection getDataTableNo value given for one or more required parameters.
2016-10-18 13:40:12,148 [6644] ERROR File LinQConnection getDataTableA network-related or instance-specific error occurred while establishing a connection to SQL Server. The server was not found or was not accessible. Verify that the instance name is correct and that SQL Server is configured to allow remote connections. (provider: SQL Network Interfaces, error: 26 - Error Locating Server/Instance Specified)
2016-10-20 08:41:15,010 [6712] ERROR File OleDbConnection getDataTableSyntax error in FROM clause.
2016-10-20 08:46:15,305 [4436] ERROR File OleDbConnection getDataTableData type mismatch in criteria expression.
2016-10-20 08:46:21,735 [4436] ERROR File OleDbConnection getDataTableData type mismatch in criteria expression.
2016-10-20 08:46:25,675 [4436] ERROR File OleDbConnection getDataTableData type mismatch in criteria expression.
2016-10-20 08:46:25,763 [4436] ERROR File OleDbConnection getDataTableData type mismatch in criteria expression.
2016-10-20 08:46:25,851 [4436] ERROR File OleDbConnection getDataTableData type mismatch in criteria expression.
2016-10-20 08:46:25,938 [4436] ERROR File OleDbConnection getDataTableData type mismatch in criteria expression.
2016-10-20 08:46:26,027 [4436] ERROR File OleDbConnection getDataTableData type mismatch in criteria expression.
2016-10-20 08:46:26,116 [4436] ERROR File OleDbConnection getDataTableData type mismatch in criteria expression.
2016-10-20 08:46:26,201 [4436] ERROR File OleDbConnection getDataTableData type mismatch in criteria expression.
2016-10-20 08:46:26,287 [4436] ERROR File OleDbConnection getDataTableData type mismatch in criteria expression.
2016-10-20 08:46:26,372 [4436] ERROR File OleDbConnection getDataTableData type mismatch in criteria expression.
2016-10-20 08:46:26,469 [4436] ERROR File OleDbConnection getDataTableData type mismatch in criteria expression.
2016-10-20 08:46:26,555 [4436] ERROR File OleDbConnection getDataTableData type mismatch in criteria expression.
2016-10-20 08:46:26,692 [4436] ERROR File OleDbConnection getDataTableData type mismatch in criteria expression.
2016-10-20 08:46:26,779 [4436] ERROR File OleDbConnection getDataTableData type mismatch in criteria expression.
2016-10-20 08:46:26,866 [4436] ERROR File OleDbConnection getDataTableData type mismatch in criteria expression.
2016-10-20 08:46:26,954 [4436] ERROR File OleDbConnection getDataTableData type mismatch in criteria expression.
2016-10-20 08:46:27,050 [4436] ERROR File OleDbConnection getDataTableData type mismatch in criteria expression.
2016-10-20 08:46:27,138 [4436] ERROR File OleDbConnection getDataTableData type mismatch in criteria expression.
2016-10-20 08:46:27,228 [4436] ERROR File OleDbConnection getDataTableData type mismatch in criteria expression.
2016-10-20 08:46:27,325 [4436] ERROR File OleDbConnection getDataTableData type mismatch in criteria expression.
2016-10-20 08:46:27,375 [4436] ERROR File OleDbConnection getDataTableData type mismatch in criteria expression.
2016-10-20 08:46:27,475 [4436] ERROR File OleDbConnection getDataTableData type mismatch in criteria expression.
2016-10-20 08:46:27,562 [4436] ERROR File OleDbConnection getDataTableData type mismatch in criteria expression.
2016-10-20 08:46:27,649 [4436] ERROR File OleDbConnection getDataTableData type mismatch in criteria expression.
2016-10-20 08:46:27,737 [4436] ERROR File OleDbConnection getDataTableData type mismatch in criteria expression.
2016-10-20 08:46:27,832 [4436] ERROR File OleDbConnection getDataTableData type mismatch in criteria expression.
2016-10-20 08:46:27,920 [4436] ERROR File OleDbConnection getDataTableData type mismatch in criteria expression.
2016-10-20 08:46:28,006 [4436] ERROR File OleDbConnection getDataTableData type mismatch in criteria expression.
2016-10-20 08:46:28,095 [4436] ERROR File OleDbConnection getDataTableData type mismatch in criteria expression.
2016-10-20 08:46:28,184 [4436] ERROR File OleDbConnection getDataTableData type mismatch in criteria expression.
2016-10-20 08:46:28,271 [4436] ERROR File OleDbConnection getDataTableData type mismatch in criteria expression.
2016-10-20 08:46:28,364 [4436] ERROR File OleDbConnection getDataTableData type mismatch in criteria expression.
2016-10-20 08:46:28,451 [4436] ERROR File OleDbConnection getDataTableData type mismatch in criteria expression.
2016-10-20 08:46:28,539 [4436] ERROR File OleDbConnection getDataTableData type mismatch in criteria expression.
2016-10-20 08:46:28,630 [4436] ERROR File OleDbConnection getDataTableData type mismatch in criteria expression.
2016-10-20 08:46:28,720 [4436] ERROR File OleDbConnection getDataTableData type mismatch in criteria expression.
2016-10-20 08:46:28,807 [4436] ERROR File OleDbConnection getDataTableData type mismatch in criteria expression.
2016-10-20 08:46:28,893 [4436] ERROR File OleDbConnection getDataTableData type mismatch in criteria expression.
2016-10-20 08:46:28,978 [4436] ERROR File OleDbConnection getDataTableData type mismatch in criteria expression.
2016-10-20 08:46:29,073 [4436] ERROR File OleDbConnection getDataTableData type mismatch in criteria expression.
2016-10-20 08:46:29,170 [4436] ERROR File OleDbConnection getDataTableData type mismatch in criteria expression.
2016-10-21 16:02:42,439 [5388] ERROR File OleDbConnection getDataTableData type mismatch in criteria expression.
2016-10-21 16:02:42,560 [5388] ERROR File OleDbConnection getDataTableData type mismatch in criteria expression.
2016-10-21 16:02:42,664 [5388] ERROR File OleDbConnection getDataTableData type mismatch in criteria expression.
2016-10-21 16:02:42,740 [5388] ERROR File OleDbConnection getDataTableData type mismatch in criteria expression.
2016-10-21 16:02:42,849 [5388] ERROR File OleDbConnection getDataTableData type mismatch in criteria expression.
2016-10-21 16:02:42,948 [5388] ERROR File OleDbConnection getDataTableData type mismatch in criteria expression.
2016-10-21 16:02:44,284 [5388] ERROR File OleDbConnection getDataTableData type mismatch in criteria expression.
2016-10-21 16:02:44,384 [5388] ERROR File OleDbConnection getDataTableData type mismatch in criteria expression.
2016-10-21 16:02:44,481 [5388] ERROR File OleDbConnection getDataTableData type mismatch in criteria expression.
2016-10-21 16:02:44,542 [5388] ERROR File OleDbConnection getDataTableData type mismatch in criteria expression.
2016-10-21 16:02:44,647 [5388] ERROR File OleDbConnection getDataTableData type mismatch in criteria expression.
2016-10-21 16:02:44,744 [5388] ERROR File OleDbConnection getDataTableData type mismatch in criteria expression.
2016-10-21 16:03:00,642 [10188] ERROR File OleDbConnection getDataTableData type mismatch in criteria expression.
2016-10-21 16:03:00,740 [10188] ERROR File OleDbConnection getDataTableData type mismatch in criteria expression.
2016-10-21 16:03:00,836 [10188] ERROR File OleDbConnection getDataTableData type mismatch in criteria expression.
2016-10-21 16:03:00,895 [10188] ERROR File OleDbConnection getDataTableData type mismatch in criteria expression.
2016-10-21 16:03:00,999 [10188] ERROR File OleDbConnection getDataTableData type mismatch in criteria expression.
2016-10-21 16:03:01,094 [10188] ERROR File OleDbConnection getDataTableData type mismatch in criteria expression.
2016-10-21 16:03:31,967 [5388] ERROR File OleDbConnection getDataTableData type mismatch in criteria expression.
2016-10-21 16:04:50,865 [5388] ERROR File OleDbConnection getDataTableData type mismatch in criteria expression.
2016-10-21 16:04:50,938 [5388] ERROR File OleDbConnection getDataTableData type mismatch in criteria expression.
2016-10-21 16:04:51,024 [5388] ERROR File OleDbConnection getDataTableData type mismatch in criteria expression.
2016-10-21 16:04:51,060 [5388] ERROR File OleDbConnection getDataTableData type mismatch in criteria expression.
2016-10-21 16:04:51,130 [5388] ERROR File OleDbConnection getDataTableData type mismatch in criteria expression.
2016-10-21 16:04:51,200 [5388] ERROR File OleDbConnection getDataTableData type mismatch in criteria expression.
2016-10-21 16:06:37,305 [1188] ERROR File OleDbConnection getDataTableData type mismatch in criteria expression.
2016-10-21 16:09:59,627 [7140] ERROR File OleDbConnection getDataTableData type mismatch in criteria expression.
2016-10-21 16:09:59,728 [7140] ERROR File OleDbConnection getDataTableData type mismatch in criteria expression.
2016-10-21 16:09:59,792 [7140] ERROR File OleDbConnection getDataTableData type mismatch in criteria expression.
2016-10-21 16:09:59,853 [7140] ERROR File OleDbConnection getDataTableData type mismatch in criteria expression.
2016-10-21 16:09:59,920 [7140] ERROR File OleDbConnection getDataTableData type mismatch in criteria expression.
2016-10-21 16:09:59,982 [7140] ERROR File OleDbConnection getDataTableData type mismatch in criteria expression.
2016-10-21 16:10:00,146 [7140] ERROR File OleDbConnection getDataTableData type mismatch in criteria expression.
2016-10-21 16:10:00,238 [7140] ERROR File OleDbConnection getDataTableData type mismatch in criteria expression.
2016-10-21 16:10:00,297 [7140] ERROR File OleDbConnection getDataTableData type mismatch in criteria expression.
2016-10-21 16:10:00,351 [7140] ERROR File OleDbConnection getDataTableData type mismatch in criteria expression.
2016-10-21 16:10:00,409 [7140] ERROR File OleDbConnection getDataTableData type mismatch in criteria expression.
2016-10-21 16:10:00,468 [7140] ERROR File OleDbConnection getDataTableData type mismatch in criteria expression.
2016-10-21 16:10:00,572 [7140] ERROR File OleDbConnection getDataTableData type mismatch in criteria expression.
2016-10-21 16:10:00,632 [7140] ERROR File OleDbConnection getDataTableData type mismatch in criteria expression.
2016-10-21 16:10:00,690 [7140] ERROR File OleDbConnection getDataTableData type mismatch in criteria expression.
2016-10-21 16:10:00,748 [7140] ERROR File OleDbConnection getDataTableData type mismatch in criteria expression.
2016-10-21 16:10:00,840 [7140] ERROR File OleDbConnection getDataTableData type mismatch in criteria expression.
2016-10-21 16:10:00,899 [7140] ERROR File OleDbConnection getDataTableData type mismatch in criteria expression.
2016-10-21 16:10:00,958 [7140] ERROR File OleDbConnection getDataTableData type mismatch in criteria expression.
2016-10-21 16:10:01,034 [7140] ERROR File OleDbConnection getDataTableData type mismatch in criteria expression.
2016-10-21 16:10:01,104 [7140] ERROR File OleDbConnection getDataTableData type mismatch in criteria expression.
2016-10-21 16:10:01,173 [7140] ERROR File OleDbConnection getDataTableData type mismatch in criteria expression.
2016-10-21 16:10:01,236 [7140] ERROR File OleDbConnection getDataTableData type mismatch in criteria expression.
2016-10-21 16:10:01,302 [7140] ERROR File OleDbConnection getDataTableData type mismatch in criteria expression.
2016-10-21 16:10:01,400 [7140] ERROR File OleDbConnection getDataTableData type mismatch in criteria expression.
2016-10-21 16:10:01,484 [7140] ERROR File OleDbConnection getDataTableData type mismatch in criteria expression.
2016-10-21 16:10:01,550 [7140] ERROR File OleDbConnection getDataTableData type mismatch in criteria expression.
2016-10-21 16:10:01,610 [7140] ERROR File OleDbConnection getDataTableData type mismatch in criteria expression.
2016-10-21 16:10:01,669 [7140] ERROR File OleDbConnection getDataTableData type mismatch in criteria expression.
2016-10-21 16:10:01,727 [7140] ERROR File OleDbConnection getDataTableData type mismatch in criteria expression.
2016-10-21 16:10:01,833 [7140] ERROR File OleDbConnection getDataTableData type mismatch in criteria expression.
2016-10-21 16:10:01,904 [7140] ERROR File OleDbConnection getDataTableData type mismatch in criteria expression.
2016-10-21 16:10:01,968 [7140] ERROR File OleDbConnection getDataTableData type mismatch in criteria expression.
2016-10-21 16:10:02,063 [7140] ERROR File OleDbConnection getDataTableData type mismatch in criteria expression.
2016-10-21 16:10:02,121 [7140] ERROR File OleDbConnection getDataTableData type mismatch in criteria expression.
2016-10-21 16:10:02,180 [7140] ERROR File OleDbConnection getDataTableData type mismatch in criteria expression.
2016-10-21 16:10:31,729 [7140] ERROR File OleDbConnection getDataTableData type mismatch in criteria expression.
2016-10-21 16:10:36,272 [7140] ERROR File OleDbConnection getDataTableData type mismatch in criteria expression.
2016-10-21 16:10:38,429 [7140] ERROR File OleDbConnection getDataTableData type mismatch in criteria expression.
2016-10-21 16:10:40,117 [7140] ERROR File OleDbConnection getDataTableData type mismatch in criteria expression.
2016-10-21 16:14:37,647 [7140] ERROR File OleDbConnection getDataTableData type mismatch in criteria expression.
2016-10-21 16:14:37,684 [7140] ERROR File OleDbConnection getDataTableData type mismatch in criteria expression.
2016-10-21 16:14:37,719 [7140] ERROR File OleDbConnection getDataTableData type mismatch in criteria expression.
2016-10-21 16:14:37,754 [7140] ERROR File OleDbConnection getDataTableData type mismatch in criteria expression.
2016-10-21 16:14:38,085 [7140] ERROR File OleDbConnection getDataTableData type mismatch in criteria expression.
2016-10-21 16:14:38,121 [7140] ERROR File OleDbConnection getDataTableData type mismatch in criteria expression.
2016-10-21 16:14:38,160 [7140] ERROR File OleDbConnection getDataTableData type mismatch in criteria expression.
2016-10-21 16:14:38,200 [7140] ERROR File OleDbConnection getDataTableData type mismatch in criteria expression.
2016-10-21 16:14:38,237 [7140] ERROR File OleDbConnection getDataTableData type mismatch in criteria expression.
2016-10-21 16:14:38,271 [7140] ERROR File OleDbConnection getDataTableData type mismatch in criteria expression.
2016-10-21 16:14:38,341 [7140] ERROR File OleDbConnection getDataTableData type mismatch in criteria expression.
2016-10-21 16:14:38,375 [7140] ERROR File OleDbConnection getDataTableData type mismatch in criteria expression.
2016-10-21 16:14:38,411 [7140] ERROR File OleDbConnection getDataTableData type mismatch in criteria expression.
2016-10-21 16:14:38,445 [7140] ERROR File OleDbConnection getDataTableData type mismatch in criteria expression.
2016-10-21 16:14:38,481 [7140] ERROR File OleDbConnection getDataTableData type mismatch in criteria expression.
2016-10-21 16:14:38,516 [7140] ERROR File OleDbConnection getDataTableData type mismatch in criteria expression.
2016-10-21 16:14:38,549 [7140] ERROR File OleDbConnection getDataTableData type mismatch in criteria expression.
2016-10-21 16:14:38,585 [7140] ERROR File OleDbConnection getDataTableData type mismatch in criteria expression.
2016-10-21 16:14:38,620 [7140] ERROR File OleDbConnection getDataTableData type mismatch in criteria expression.
2016-10-21 16:14:38,654 [7140] ERROR File OleDbConnection getDataTableData type mismatch in criteria expression.
2016-10-21 16:14:38,696 [7140] ERROR File OleDbConnection getDataTableData type mismatch in criteria expression.
2016-10-21 16:14:38,740 [7140] ERROR File OleDbConnection getDataTableData type mismatch in criteria expression.
2016-10-21 16:14:38,815 [7140] ERROR File OleDbConnection getDataTableData type mismatch in criteria expression.
2016-10-21 16:14:38,855 [7140] ERROR File OleDbConnection getDataTableData type mismatch in criteria expression.
2016-10-21 16:14:38,889 [7140] ERROR File OleDbConnection getDataTableData type mismatch in criteria expression.
2016-10-21 16:14:38,927 [7140] ERROR File OleDbConnection getDataTableData type mismatch in criteria expression.
2016-10-21 16:14:38,967 [7140] ERROR File OleDbConnection getDataTableData type mismatch in criteria expression.
2016-10-21 16:14:39,001 [7140] ERROR File OleDbConnection getDataTableData type mismatch in criteria expression.
2016-10-21 16:14:39,071 [7140] ERROR File OleDbConnection getDataTableData type mismatch in criteria expression.
2016-10-21 16:14:39,105 [7140] ERROR File OleDbConnection getDataTableData type mismatch in criteria expression.
2016-10-21 16:14:39,140 [7140] ERROR File OleDbConnection getDataTableData type mismatch in criteria expression.
2016-10-21 16:14:39,177 [7140] ERROR File OleDbConnection getDataTableData type mismatch in criteria expression.
2016-10-21 16:14:39,210 [7140] ERROR File OleDbConnection getDataTableData type mismatch in criteria expression.
2016-10-21 16:14:39,245 [7140] ERROR File OleDbConnection getDataTableData type mismatch in criteria expression.
2016-10-21 16:17:54,017 [8080] ERROR File OleDbConnection getDataTableData type mismatch in criteria expression.
2016-10-21 16:17:57,243 [8080] ERROR File OleDbConnection getDataTableData type mismatch in criteria expression.
2016-10-21 16:20:13,783 [8080] ERROR File OleDbConnection getDataTableData type mismatch in criteria expression.
2016-10-21 16:20:13,818 [8080] ERROR File OleDbConnection getDataTableData type mismatch in criteria expression.
2016-10-21 16:20:13,853 [8080] ERROR File OleDbConnection getDataTableData type mismatch in criteria expression.
2016-10-21 16:20:13,887 [8080] ERROR File OleDbConnection getDataTableData type mismatch in criteria expression.
2016-10-21 16:20:13,921 [8080] ERROR File OleDbConnection getDataTableData type mismatch in criteria expression.
2016-10-21 16:20:14,108 [8080] ERROR File OleDbConnection getDataTableData type mismatch in criteria expression.
2016-10-21 16:20:14,149 [8080] ERROR File OleDbConnection getDataTableData type mismatch in criteria expression.
2016-10-21 16:20:14,186 [8080] ERROR File OleDbConnection getDataTableData type mismatch in criteria expression.
2016-10-21 16:20:14,226 [8080] ERROR File OleDbConnection getDataTableData type mismatch in criteria expression.
2016-10-21 16:20:14,264 [8080] ERROR File OleDbConnection getDataTableData type mismatch in criteria expression.
2016-10-21 16:20:14,299 [8080] ERROR File OleDbConnection getDataTableData type mismatch in criteria expression.
2016-10-21 16:20:14,374 [8080] ERROR File OleDbConnection getDataTableData type mismatch in criteria expression.
2016-10-21 16:20:14,409 [8080] ERROR File OleDbConnection getDataTableData type mismatch in criteria expression.
2016-10-21 16:20:14,443 [8080] ERROR File OleDbConnection getDataTableData type mismatch in criteria expression.
2016-10-21 16:20:14,478 [8080] ERROR File OleDbConnection getDataTableData type mismatch in criteria expression.
2016-10-21 16:20:14,512 [8080] ERROR File OleDbConnection getDataTableData type mismatch in criteria expression.
2016-10-21 16:20:14,546 [8080] ERROR File OleDbConnection getDataTableData type mismatch in criteria expression.
2016-10-21 16:20:14,581 [8080] ERROR File OleDbConnection getDataTableData type mismatch in criteria expression.
2016-10-21 16:20:14,616 [8080] ERROR File OleDbConnection getDataTableData type mismatch in criteria expression.
2016-10-21 16:20:14,651 [8080] ERROR File OleDbConnection getDataTableData type mismatch in criteria expression.
2016-10-21 16:20:14,685 [8080] ERROR File OleDbConnection getDataTableData type mismatch in criteria expression.
2016-10-21 16:20:14,719 [8080] ERROR File OleDbConnection getDataTableData type mismatch in criteria expression.
2016-10-21 16:20:14,753 [8080] ERROR File OleDbConnection getDataTableData type mismatch in criteria expression.
2016-10-21 16:20:14,825 [8080] ERROR File OleDbConnection getDataTableData type mismatch in criteria expression.
2016-10-21 16:20:14,859 [8080] ERROR File OleDbConnection getDataTableData type mismatch in criteria expression.
2016-10-21 16:20:14,893 [8080] ERROR File OleDbConnection getDataTableData type mismatch in criteria expression.
2016-10-21 16:20:14,927 [8080] ERROR File OleDbConnection getDataTableData type mismatch in criteria expression.
2016-10-21 16:20:14,962 [8080] ERROR File OleDbConnection getDataTableData type mismatch in criteria expression.
2016-10-21 16:20:14,997 [8080] ERROR File OleDbConnection getDataTableData type mismatch in criteria expression.
2016-10-21 16:20:15,071 [8080] ERROR File OleDbConnection getDataTableData type mismatch in criteria expression.
2016-10-21 16:20:15,106 [8080] ERROR File OleDbConnection getDataTableData type mismatch in criteria expression.
2016-10-21 16:20:15,158 [8080] ERROR File OleDbConnection getDataTableData type mismatch in criteria expression.
2016-10-21 16:20:15,192 [8080] ERROR File OleDbConnection getDataTableData type mismatch in criteria expression.
2016-10-21 16:20:15,226 [8080] ERROR File OleDbConnection getDataTableData type mismatch in criteria expression.
2016-10-21 16:20:15,260 [8080] ERROR File OleDbConnection getDataTableData type mismatch in criteria expression.
2016-10-21 16:22:24,584 [9480] ERROR File OleDbConnection getDataTableData type mismatch in criteria expression.
2016-10-21 16:22:51,915 [9480] ERROR File OleDbConnection getDataTableData type mismatch in criteria expression.
2016-10-21 16:22:52,129 [9480] ERROR File OleDbConnection getDataTableData type mismatch in criteria expression.
2016-10-21 16:22:52,347 [9480] ERROR File OleDbConnection getDataTableData type mismatch in criteria expression.
2016-10-21 16:22:52,405 [9480] ERROR File OleDbConnection getDataTableData type mismatch in criteria expression.
2016-10-21 16:22:52,618 [9480] ERROR File OleDbConnection getDataTableData type mismatch in criteria expression.
2016-10-21 16:22:52,714 [9480] ERROR File OleDbConnection getDataTableData type mismatch in criteria expression.
2016-10-21 16:22:52,930 [9480] ERROR File OleDbConnection getDataTableData type mismatch in criteria expression.
2016-10-21 16:22:53,025 [9480] ERROR File OleDbConnection getDataTableData type mismatch in criteria expression.
2016-10-21 16:22:53,237 [9480] ERROR File OleDbConnection getDataTableData type mismatch in criteria expression.
2016-10-24 08:23:02,020 [7872] ERROR File OleDbConnection getDataTableData type mismatch in criteria expression.
2016-10-24 08:23:02,222 [7872] ERROR File OleDbConnection getDataTableData type mismatch in criteria expression.
2016-10-24 08:23:02,490 [7872] ERROR File OleDbConnection getDataTableData type mismatch in criteria expression.
2016-10-24 08:23:02,748 [7872] ERROR File OleDbConnection getDataTableData type mismatch in criteria expression.
2016-10-24 08:23:03,035 [7872] ERROR File OleDbConnection getDataTableData type mismatch in criteria expression.
2016-10-24 08:23:03,337 [7872] ERROR File OleDbConnection getDataTableData type mismatch in criteria expression.
2016-10-24 08:23:07,522 [7872] ERROR File OleDbConnection getDataTableData type mismatch in criteria expression.
2016-10-24 08:23:07,698 [7872] ERROR File OleDbConnection getDataTableData type mismatch in criteria expression.
2016-10-24 08:23:08,220 [7872] ERROR File OleDbConnection getDataTableData type mismatch in criteria expression.
2016-10-24 08:23:08,518 [7872] ERROR File OleDbConnection getDataTableData type mismatch in criteria expression.
2016-10-24 08:23:08,774 [7872] ERROR File OleDbConnection getDataTableData type mismatch in criteria expression.
2016-10-24 08:23:09,071 [7872] ERROR File OleDbConnection getDataTableData type mismatch in criteria expression.
2016-10-24 08:23:09,375 [7872] ERROR File OleDbConnection getDataTableData type mismatch in criteria expression.
2016-10-24 08:23:09,668 [7872] ERROR File OleDbConnection getDataTableData type mismatch in criteria expression.
2016-10-24 08:39:33,951 [7648] ERROR File OleDbConnection getDataTableData type mismatch in criteria expression.
2016-10-24 08:39:34,137 [7648] ERROR File OleDbConnection getDataTableData type mismatch in criteria expression.
2016-10-24 08:39:34,584 [7648] ERROR File OleDbConnection getDataTableData type mismatch in criteria expression.
2016-10-24 08:39:34,890 [7648] ERROR File OleDbConnection getDataTableData type mismatch in criteria expression.
2016-10-24 08:39:35,179 [7648] ERROR File OleDbConnection getDataTableData type mismatch in criteria expression.
2016-10-24 08:39:35,786 [7648] ERROR File OleDbConnection getDataTableData type mismatch in criteria expression.
2016-10-24 08:39:36,102 [7648] ERROR File OleDbConnection getDataTableData type mismatch in criteria expression.
2016-10-24 08:39:36,416 [7648] ERROR File OleDbConnection getDataTableData type mismatch in criteria expression.
2016-10-24 08:48:42,019 [2804] ERROR File OleDbConnection getDataTableData type mismatch in criteria expression.
2016-10-24 08:48:42,189 [2804] ERROR File OleDbConnection getDataTableData type mismatch in criteria expression.
2016-10-24 08:48:42,380 [2804] ERROR File OleDbConnection getDataTableData type mismatch in criteria expression.
2016-10-24 08:48:42,672 [2804] ERROR File OleDbConnection getDataTableData type mismatch in criteria expression.
2016-10-24 08:48:51,761 [2804] ERROR File OleDbConnection getDataTableData type mismatch in criteria expression.
2016-10-24 08:48:52,077 [2804] ERROR File OleDbConnection getDataTableData type mismatch in criteria expression.
2016-10-24 08:48:52,489 [2804] ERROR File OleDbConnection getDataTableData type mismatch in criteria expression.
2016-10-24 08:48:53,331 [2804] ERROR File OleDbConnection getDataTableData type mismatch in criteria expression.
2016-10-24 08:51:59,160 [7528] ERROR File OleDbConnection getDataTableData type mismatch in criteria expression.
2016-10-24 08:51:59,762 [7528] ERROR File OleDbConnection getDataTableData type mismatch in criteria expression.
2016-10-24 08:52:00,631 [7528] ERROR File OleDbConnection getDataTableData type mismatch in criteria expression.
2016-10-24 08:52:00,866 [7528] ERROR File OleDbConnection getDataTableData type mismatch in criteria expression.
2016-10-24 08:52:01,604 [7528] ERROR File OleDbConnection getDataTableData type mismatch in criteria expression.
2016-10-24 08:52:01,853 [7528] ERROR File OleDbConnection getDataTableData type mismatch in criteria expression.
2016-10-24 08:52:02,412 [7528] ERROR File OleDbConnection getDataTableData type mismatch in criteria expression.
2016-10-24 08:52:02,729 [7528] ERROR File OleDbConnection getDataTableData type mismatch in criteria expression.
2016-10-24 08:52:03,025 [7528] ERROR File OleDbConnection getDataTableData type mismatch in criteria expression.
2016-10-24 08:52:03,323 [7528] ERROR File OleDbConnection getDataTableData type mismatch in criteria expression.
2016-10-24 08:54:41,002 [7528] ERROR File OleDbConnection getDataTableData type mismatch in criteria expression.
2016-10-24 08:54:41,306 [7528] ERROR File OleDbConnection getDataTableData type mismatch in criteria expression.
2016-10-24 08:54:41,596 [7528] ERROR File OleDbConnection getDataTableData type mismatch in criteria expression.
2016-10-24 08:54:41,803 [7528] ERROR File OleDbConnection getDataTableData type mismatch in criteria expression.
2016-10-24 08:54:42,103 [7528] ERROR File OleDbConnection getDataTableData type mismatch in criteria expression.
2016-10-24 08:54:42,379 [7528] ERROR File OleDbConnection getDataTableData type mismatch in criteria expression.
2016-10-24 08:54:42,676 [7528] ERROR File OleDbConnection getDataTableData type mismatch in criteria expression.
2016-10-24 08:54:42,988 [7528] ERROR File OleDbConnection getDataTableData type mismatch in criteria expression.
2016-10-24 08:54:43,304 [7528] ERROR File OleDbConnection getDataTableData type mismatch in criteria expression.
2016-10-24 08:54:44,170 [7528] ERROR File OleDbConnection getDataTableData type mismatch in criteria expression.
2016-10-24 08:59:02,672 [3708] ERROR File OleDbConnection getDataTableData type mismatch in criteria expression.
2016-10-24 08:59:02,983 [3708] ERROR File OleDbConnection getDataTableData type mismatch in criteria expression.
2016-10-24 08:59:03,293 [3708] ERROR File OleDbConnection getDataTableData type mismatch in criteria expression.
2016-10-24 08:59:03,488 [3708] ERROR File OleDbConnection getDataTableData type mismatch in criteria expression.
2016-10-24 08:59:03,788 [3708] ERROR File OleDbConnection getDataTableData type mismatch in criteria expression.
2016-10-24 08:59:04,054 [3708] ERROR File OleDbConnection getDataTableData type mismatch in criteria expression.
2016-10-24 08:59:04,354 [3708] ERROR File OleDbConnection getDataTableData type mismatch in criteria expression.
2016-10-24 08:59:04,776 [3708] ERROR File OleDbConnection getDataTableData type mismatch in criteria expression.
2016-10-24 08:59:05,098 [3708] ERROR File OleDbConnection getDataTableData type mismatch in criteria expression.
2016-10-24 08:59:05,425 [3708] ERROR File OleDbConnection getDataTableData type mismatch in criteria expression.
2016-10-24 09:10:20,189 [7396] ERROR File OleDbConnection getDataTableData type mismatch in criteria expression.
2016-10-24 09:10:20,496 [7396] ERROR File OleDbConnection getDataTableData type mismatch in criteria expression.
2016-10-24 09:10:20,795 [7396] ERROR File OleDbConnection getDataTableData type mismatch in criteria expression.
2016-10-24 09:10:20,990 [7396] ERROR File OleDbConnection getDataTableData type mismatch in criteria expression.
2016-10-24 09:10:21,314 [7396] ERROR File OleDbConnection getDataTableData type mismatch in criteria expression.
2016-10-24 09:10:21,572 [7396] ERROR File OleDbConnection getDataTableData type mismatch in criteria expression.
2016-10-24 09:10:21,867 [7396] ERROR File OleDbConnection getDataTableData type mismatch in criteria expression.
2016-10-24 09:10:22,166 [7396] ERROR File OleDbConnection getDataTableData type mismatch in criteria expression.
2016-10-24 09:10:22,463 [7396] ERROR File OleDbConnection getDataTableData type mismatch in criteria expression.
2016-10-24 09:10:22,756 [7396] ERROR File OleDbConnection getDataTableData type mismatch in criteria expression.
2016-10-24 09:13:32,644 [3388] ERROR File OleDbConnection getDataTableData type mismatch in criteria expression.
2016-10-24 09:13:33,117 [3388] ERROR File OleDbConnection getDataTableData type mismatch in criteria expression.
2016-10-24 09:13:33,376 [3388] ERROR File OleDbConnection getDataTableData type mismatch in criteria expression.
2016-10-24 09:13:33,821 [3388] ERROR File OleDbConnection getDataTableData type mismatch in criteria expression.
2016-10-24 09:13:34,096 [3388] ERROR File OleDbConnection getDataTableData type mismatch in criteria expression.
2016-10-24 09:13:34,393 [3388] ERROR File OleDbConnection getDataTableData type mismatch in criteria expression.
2016-10-24 09:13:34,682 [3388] ERROR File OleDbConnection getDataTableData type mismatch in criteria expression.
2016-10-24 09:13:34,976 [3388] ERROR File OleDbConnection getDataTableData type mismatch in criteria expression.
2016-10-24 14:18:08,132 [4356] ERROR File OleDbConnection getDataTableData type mismatch in criteria expression.
2016-10-24 14:18:08,353 [4356] ERROR File OleDbConnection getDataTableData type mismatch in criteria expression.
2016-10-24 14:18:08,587 [4356] ERROR File OleDbConnection getDataTableData type mismatch in criteria expression.
2016-10-24 14:18:08,889 [4356] ERROR File OleDbConnection getDataTableData type mismatch in criteria expression.
2016-10-24 14:18:09,152 [4356] ERROR File OleDbConnection getDataTableData type mismatch in criteria expression.
2016-10-24 14:18:09,459 [4356] ERROR File OleDbConnection getDataTableData type mismatch in criteria expression.
2016-10-24 14:18:09,762 [4356] ERROR File OleDbConnection getDataTableData type mismatch in criteria expression.
2016-10-24 14:18:10,063 [4356] ERROR File OleDbConnection getDataTableData type mismatch in criteria expression.
2016-10-24 14:19:06,893 [6160] ERROR File OleDbConnection getDataTableData type mismatch in criteria expression.
2016-10-24 14:19:07,074 [6160] ERROR File OleDbConnection getDataTableData type mismatch in criteria expression.
2016-10-24 14:19:07,273 [6160] ERROR File OleDbConnection getDataTableData type mismatch in criteria expression.
2016-10-24 14:19:07,576 [6160] ERROR File OleDbConnection getDataTableData type mismatch in criteria expression.
2016-10-24 14:19:07,835 [6160] ERROR File OleDbConnection getDataTableData type mismatch in criteria expression.
2016-10-24 14:19:08,138 [6160] ERROR File OleDbConnection getDataTableData type mismatch in criteria expression.
2016-10-24 14:19:08,447 [6160] ERROR File OleDbConnection getDataTableData type mismatch in criteria expression.
2016-10-24 14:19:08,764 [6160] ERROR File OleDbConnection getDataTableData type mismatch in criteria expression.
2016-10-24 14:19:16,659 [4356] ERROR File OleDbConnection getDataTableData type mismatch in criteria expression.
2016-10-24 14:19:16,956 [4356] ERROR File OleDbConnection getDataTableData type mismatch in criteria expression.
2016-10-24 14:19:17,267 [4356] ERROR File OleDbConnection getDataTableData type mismatch in criteria expression.
2016-10-24 14:19:17,509 [4356] ERROR File OleDbConnection getDataTableData type mismatch in criteria expression.
2016-10-24 14:19:17,803 [4356] ERROR File OleDbConnection getDataTableData type mismatch in criteria expression.
2016-10-24 14:19:18,060 [4356] ERROR File OleDbConnection getDataTableData type mismatch in criteria expression.
2016-10-24 14:19:18,357 [4356] ERROR File OleDbConnection getDataTableData type mismatch in criteria expression.
2016-10-24 14:19:18,656 [4356] ERROR File OleDbConnection getDataTableData type mismatch in criteria expression.
2016-10-24 14:19:18,955 [4356] ERROR File OleDbConnection getDataTableData type mismatch in criteria expression.
2016-10-24 14:19:19,260 [4356] ERROR File OleDbConnection getDataTableData type mismatch in criteria expression.
2016-10-24 14:19:59,087 [4356] ERROR File OleDbConnection getDataTableData type mismatch in criteria expression.
2016-10-24 14:19:59,286 [4356] ERROR File OleDbConnection getDataTableData type mismatch in criteria expression.
2016-10-24 14:19:59,481 [4356] ERROR File OleDbConnection getDataTableData type mismatch in criteria expression.
2016-10-24 14:19:59,799 [4356] ERROR File OleDbConnection getDataTableData type mismatch in criteria expression.
2016-10-24 14:22:57,743 [6160] ERROR File OleDbConnection getDataTableData type mismatch in criteria expression.
2016-10-24 14:22:58,077 [6160] ERROR File OleDbConnection getDataTableData type mismatch in criteria expression.
2016-10-24 14:23:22,018 [6160] ERROR File OleDbConnection getDataTableData type mismatch in criteria expression.
2016-10-24 14:23:22,155 [6160] ERROR File OleDbConnection getDataTableData type mismatch in criteria expression.
2016-10-24 14:23:55,661 [2276] ERROR File OleDbConnection getDataTableData type mismatch in criteria expression.
2016-10-24 14:24:00,300 [2276] ERROR File OleDbConnection getDataTableData type mismatch in criteria expression.
2016-10-24 14:24:02,377 [2276] ERROR File OleDbConnection getDataTableData type mismatch in criteria expression.
2016-10-24 14:24:02,678 [2276] ERROR File OleDbConnection getDataTableData type mismatch in criteria expression.
2016-10-24 14:24:02,942 [2276] ERROR File OleDbConnection getDataTableData type mismatch in criteria expression.
2016-10-24 14:24:03,242 [2276] ERROR File OleDbConnection getDataTableData type mismatch in criteria expression.
2016-10-24 14:24:03,945 [2276] ERROR File OleDbConnection getDataTableData type mismatch in criteria expression.
2016-10-24 14:24:04,253 [2276] ERROR File OleDbConnection getDataTableData type mismatch in criteria expression.
2016-10-24 14:25:38,623 [6160] ERROR File OleDbConnection getDataTableData type mismatch in criteria expression.
2016-10-24 14:25:38,925 [6160] ERROR File OleDbConnection getDataTableData type mismatch in criteria expression.
2016-10-24 14:25:39,194 [6160] ERROR File OleDbConnection getDataTableData type mismatch in criteria expression.
2016-10-24 14:25:39,589 [6160] ERROR File OleDbConnection getDataTableData type mismatch in criteria expression.
2016-10-24 14:26:18,800 [6952] ERROR File OleDbConnection getDataTableData type mismatch in criteria expression.
2016-10-24 14:26:32,772 [6952] ERROR File OleDbConnection getDataTableData type mismatch in criteria expression.
2016-10-24 14:26:37,994 [6952] ERROR File OleDbConnection getDataTableData type mismatch in criteria expression.
2016-10-24 14:26:38,145 [6952] ERROR File OleDbConnection getDataTableData type mismatch in criteria expression.
2016-10-24 14:26:58,177 [2212] ERROR File OleDbConnection getDataTableData type mismatch in criteria expression.
2016-10-24 14:26:58,510 [2212] ERROR File OleDbConnection getDataTableData type mismatch in criteria expression.
2016-10-24 14:26:58,812 [2212] ERROR File OleDbConnection getDataTableData type mismatch in criteria expression.
2016-10-24 14:26:59,206 [2212] ERROR File OleDbConnection getDataTableData type mismatch in criteria expression.
2016-10-24 14:27:23,406 [6160] ERROR File OleDbConnection getDataTableData type mismatch in criteria expression.
2016-10-24 14:28:14,681 [6160] ERROR File OleDbConnection getDataTableData type mismatch in criteria expression.
2016-10-24 14:28:17,804 [6160] ERROR File OleDbConnection getDataTableData type mismatch in criteria expression.
2016-10-24 14:29:05,063 [6160] ERROR File OleDbConnection getDataTableData type mismatch in criteria expression.
2016-10-24 14:29:05,399 [6160] ERROR File OleDbConnection getDataTableData type mismatch in criteria expression.
2016-10-24 14:29:28,895 [2212] ERROR File OleDbConnection getDataTableData type mismatch in criteria expression.
2016-10-24 14:29:29,238 [2212] ERROR File OleDbConnection getDataTableData type mismatch in criteria expression.
2016-10-24 14:29:32,159 [2212] ERROR File OleDbConnection getDataTableData type mismatch in criteria expression.
2016-10-24 14:29:32,514 [2212] ERROR File OleDbConnection getDataTableData type mismatch in criteria expression.
2016-10-24 14:29:42,870 [2212] ERROR File OleDbConnection getDataTableData type mismatch in criteria expression.
2016-10-24 14:29:43,217 [2212] ERROR File OleDbConnection getDataTableData type mismatch in criteria expression.
2016-10-24 14:29:45,662 [2212] ERROR File OleDbConnection getDataTableData type mismatch in criteria expression.
2016-10-24 14:29:46,020 [2212] ERROR File OleDbConnection getDataTableData type mismatch in criteria expression.
2016-10-24 14:30:04,733 [6160] ERROR File OleDbConnection getDataTableData type mismatch in criteria expression.
2016-10-24 14:30:50,778 [6160] ERROR File OleDbConnection getDataTableData type mismatch in criteria expression.
2016-10-24 14:30:57,629 [6160] ERROR File OleDbConnection getDataTableData type mismatch in criteria expression.
2016-10-24 14:30:57,944 [6160] ERROR File OleDbConnection getDataTableData type mismatch in criteria expression.
2016-10-24 14:31:52,644 [7420] ERROR File OleDbConnection getDataTableData type mismatch in criteria expression.
2016-10-24 14:31:53,278 [7420] ERROR File OleDbConnection getDataTableData type mismatch in criteria expression.
2016-10-24 14:31:53,555 [7420] ERROR File OleDbConnection getDataTableData type mismatch in criteria expression.
2016-10-24 14:31:53,811 [7420] ERROR File OleDbConnection getDataTableData type mismatch in criteria expression.
2016-10-24 14:31:54,392 [7420] ERROR File OleDbConnection getDataTableData type mismatch in criteria expression.
2016-10-24 14:36:13,214 [6160] ERROR File OleDbConnection getDataTableData type mismatch in criteria expression.
2016-10-24 14:36:13,524 [6160] ERROR File OleDbConnection getDataTableData type mismatch in criteria expression.
2016-10-24 14:36:13,846 [6160] ERROR File OleDbConnection getDataTableData type mismatch in criteria expression.
2016-10-24 14:36:14,158 [6160] ERROR File OleDbConnection getDataTableData type mismatch in criteria expression.
2016-10-24 14:36:14,568 [6160] ERROR File OleDbConnection getDataTableData type mismatch in criteria expression.
2016-10-24 14:38:06,893 [2212] ERROR File OleDbConnection getDataTableData type mismatch in criteria expression.
2016-10-24 14:38:07,215 [2212] ERROR File OleDbConnection getDataTableData type mismatch in criteria expression.
2016-10-24 14:38:07,485 [2212] ERROR File OleDbConnection getDataTableData type mismatch in criteria expression.
2016-10-24 14:38:07,750 [2212] ERROR File OleDbConnection getDataTableData type mismatch in criteria expression.
2016-10-24 14:38:08,135 [2212] ERROR File OleDbConnection getDataTableData type mismatch in criteria expression.
2016-10-24 14:42:07,566 [6716] ERROR File OleDbConnection getDataTableData type mismatch in criteria expression.
2016-10-24 14:42:07,892 [6716] ERROR File OleDbConnection getDataTableData type mismatch in criteria expression.
2016-10-24 14:42:08,159 [6716] ERROR File OleDbConnection getDataTableData type mismatch in criteria expression.
2016-10-24 14:42:08,533 [6716] ERROR File OleDbConnection getDataTableData type mismatch in criteria expression.
2016-10-24 14:42:08,836 [6716] ERROR File OleDbConnection getDataTableData type mismatch in criteria expression.
2016-10-24 14:42:09,100 [6716] ERROR File OleDbConnection getDataTableData type mismatch in criteria expression.
2016-10-24 14:42:09,480 [6716] ERROR File OleDbConnection getDataTableData type mismatch in criteria expression.
2016-10-24 14:42:09,634 [6716] ERROR File OleDbConnection getDataTableData type mismatch in criteria expression.
2016-10-24 14:42:09,905 [6716] ERROR File OleDbConnection getDataTableData type mismatch in criteria expression.
2016-10-24 14:45:17,289 [948] ERROR File OleDbConnection getDataTableData type mismatch in criteria expression.
2016-10-24 14:45:17,616 [948] ERROR File OleDbConnection getDataTableData type mismatch in criteria expression.
2016-10-24 14:45:17,875 [948] ERROR File OleDbConnection getDataTableData type mismatch in criteria expression.
2016-10-24 14:45:18,258 [948] ERROR File OleDbConnection getDataTableData type mismatch in criteria expression.
2016-10-24 14:45:18,530 [948] ERROR File OleDbConnection getDataTableData type mismatch in criteria expression.
2016-10-24 14:45:18,832 [948] ERROR File OleDbConnection getDataTableData type mismatch in criteria expression.
2016-10-24 14:45:19,086 [948] ERROR File OleDbConnection getDataTableData type mismatch in criteria expression.
2016-10-24 14:45:19,343 [948] ERROR File OleDbConnection getDataTableData type mismatch in criteria expression.
2016-10-24 14:45:19,640 [948] ERROR File OleDbConnection getDataTableData type mismatch in criteria expression.
2016-10-24 14:45:19,904 [948] ERROR File OleDbConnection getDataTableData type mismatch in criteria expression.
2016-10-24 14:45:20,302 [948] ERROR File OleDbConnection getDataTableData type mismatch in criteria expression.
2016-10-24 14:45:20,456 [948] ERROR File OleDbConnection getDataTableData type mismatch in criteria expression.
2016-10-24 14:45:20,721 [948] ERROR File OleDbConnection getDataTableData type mismatch in criteria expression.
2016-10-24 14:47:39,562 [948] ERROR File OleDbConnection getDataTableData type mismatch in criteria expression.
2016-10-24 14:47:39,817 [948] ERROR File OleDbConnection getDataTableData type mismatch in criteria expression.
2016-10-24 14:47:40,051 [948] ERROR File OleDbConnection getDataTableData type mismatch in criteria expression.
2016-10-24 14:47:40,426 [948] ERROR File OleDbConnection getDataTableData type mismatch in criteria expression.
2016-10-24 14:47:40,641 [948] ERROR File OleDbConnection getDataTableData type mismatch in criteria expression.
2016-10-24 14:47:40,894 [948] ERROR File OleDbConnection getDataTableData type mismatch in criteria expression.
2016-10-24 14:47:41,105 [948] ERROR File OleDbConnection getDataTableData type mismatch in criteria expression.
2016-10-24 14:47:41,325 [948] ERROR File OleDbConnection getDataTableData type mismatch in criteria expression.
2016-10-24 14:47:41,580 [948] ERROR File OleDbConnection getDataTableData type mismatch in criteria expression.
2016-10-24 14:47:41,802 [948] ERROR File OleDbConnection getDataTableData type mismatch in criteria expression.
2016-10-24 14:47:42,129 [948] ERROR File OleDbConnection getDataTableData type mismatch in criteria expression.
2016-10-24 14:47:42,237 [948] ERROR File OleDbConnection getDataTableData type mismatch in criteria expression.
2016-10-24 14:47:42,457 [948] ERROR File OleDbConnection getDataTableData type mismatch in criteria expression.
2016-10-24 14:52:27,830 [8120] ERROR File OleDbConnection getDataTableData type mismatch in criteria expression.
2016-10-24 14:52:28,186 [8120] ERROR File OleDbConnection getDataTableData type mismatch in criteria expression.
2016-10-24 14:52:28,459 [8120] ERROR File OleDbConnection getDataTableData type mismatch in criteria expression.
2016-10-24 14:52:28,739 [8120] ERROR File OleDbConnection getDataTableData type mismatch in criteria expression.
2016-10-24 14:52:29,143 [8120] ERROR File OleDbConnection getDataTableData type mismatch in criteria expression.
2016-10-24 14:53:34,220 [948] ERROR File OleDbConnection getDataTableData type mismatch in criteria expression.
2016-10-24 14:53:34,527 [948] ERROR File OleDbConnection getDataTableData type mismatch in criteria expression.
2016-10-24 14:53:34,793 [948] ERROR File OleDbConnection getDataTableData type mismatch in criteria expression.
2016-10-24 14:53:35,060 [948] ERROR File OleDbConnection getDataTableData type mismatch in criteria expression.
2016-10-24 14:53:35,515 [948] ERROR File OleDbConnection getDataTableData type mismatch in criteria expression.
2016-10-24 15:09:38,240 [9864] ERROR File OleDbConnection getDataTableData type mismatch in criteria expression.
2016-10-24 15:09:38,661 [9864] ERROR File OleDbConnection getDataTableData type mismatch in criteria expression.
2016-10-24 15:09:38,933 [9864] ERROR File OleDbConnection getDataTableData type mismatch in criteria expression.
2016-10-24 15:09:39,180 [9864] ERROR File OleDbConnection getDataTableData type mismatch in criteria expression.
2016-10-24 15:09:39,544 [9864] ERROR File OleDbConnection getDataTableData type mismatch in criteria expression.
2016-10-24 15:15:47,009 [5328] ERROR File OleDbConnection getDataTableData type mismatch in criteria expression.
2016-10-24 15:15:47,335 [5328] ERROR File OleDbConnection getDataTableData type mismatch in criteria expression.
2016-10-24 15:15:47,590 [5328] ERROR File OleDbConnection getDataTableData type mismatch in criteria expression.
2016-10-24 15:15:47,851 [5328] ERROR File OleDbConnection getDataTableData type mismatch in criteria expression.
2016-10-24 15:15:48,255 [5328] ERROR File OleDbConnection getDataTableData type mismatch in criteria expression.
2016-10-24 15:22:09,727 [5328] ERROR File OleDbConnection getDataTableData type mismatch in criteria expression.
2016-10-24 15:22:10,028 [5328] ERROR File OleDbConnection getDataTableData type mismatch in criteria expression.
2016-10-24 15:22:10,288 [5328] ERROR File OleDbConnection getDataTableData type mismatch in criteria expression.
2016-10-24 15:22:10,547 [5328] ERROR File OleDbConnection getDataTableData type mismatch in criteria expression.
2016-10-24 15:22:10,921 [5328] ERROR File OleDbConnection getDataTableData type mismatch in criteria expression.
