2012-05-11 16:35:31,415 [7960] INFO  File --------------------------------------------------------
2012-05-11 16:35:34,069 [7960] INFO  File --------------------------------------------------------
2012-05-11 16:35:48,650 [8932] INFO  File --------------------------------------------------------
2012-05-11 16:35:49,027 [8932] INFO  File --------------------------------------------------------
2012-05-17 14:22:11,571 [1716] ERROR File LinQConnection getDataTableConversion failed when converting the varchar value '2011,2010' to data type int.
2012-05-20 19:39:49,898 [10160] ERROR File LinQConnection getDataTableA network-related or instance-specific error occurred while establishing a connection to SQL Server. The server was not found or was not accessible. Verify that the instance name is correct and that SQL Server is configured to allow remote connections. (provider: Named Pipes Provider, error: 40 - Could not open a connection to SQL Server)
2012-05-20 19:39:49,953 [10160] ERROR File LinQConnection getDataTableA network-related or instance-specific error occurred while establishing a connection to SQL Server. The server was not found or was not accessible. Verify that the instance name is correct and that SQL Server is configured to allow remote connections. (provider: Named Pipes Provider, error: 40 - Could not open a connection to SQL Server)
2012-05-20 19:39:49,977 [10160] ERROR File LinQConnection getDataTableA network-related or instance-specific error occurred while establishing a connection to SQL Server. The server was not found or was not accessible. Verify that the instance name is correct and that SQL Server is configured to allow remote connections. (provider: Named Pipes Provider, error: 40 - Could not open a connection to SQL Server)
2012-06-01 13:20:05,757 [4092] INFO  File --------------------------------------------------------
2012-06-01 13:20:22,758 [4092] INFO  File --------------------------------------------------------
2012-06-01 13:24:32,345 [4092] INFO  File --------------------------------------------------------
2012-06-01 13:24:37,816 [4092] INFO  File --------------------------------------------------------
2012-06-01 13:24:51,215 [6740] INFO  File --------------------------------------------------------
2012-06-01 13:24:51,439 [6740] INFO  File --------------------------------------------------------
2012-06-04 08:21:54,298 [6648] ERROR File LinQConnection getDataTableConversion failed when converting the varchar value '2011,2010' to data type int.
2012-06-04 08:21:54,337 [6648] ERROR File LinQConnection getDataTableConversion failed when converting the varchar value '2011,2010' to data type int.
2012-06-04 10:33:28,460 [10368] INFO  File --------------------------------------------------------
2012-06-04 10:42:25,225 [11160] INFO  File --------------------------------------------------------
2012-06-04 11:08:11,332 [5664] INFO  File --------------------------------------------------------
2012-06-04 11:09:01,147 [5664] INFO  File --------------------------------------------------------
2012-06-04 11:11:28,122 [10156] INFO  File --------------------------------------------------------
2012-06-04 11:13:47,676 [9468] INFO  File --------------------------------------------------------
2012-06-04 11:30:48,219 [11968] ERROR File LinQConnection getDataTableConversion failed when converting the nvarchar value '5F' to data type int.
2012-06-04 11:31:28,410 [2824] INFO  File --------------------------------------------------------
2012-06-04 11:31:45,096 [6564] ERROR File LinQConnection getDataTableConversion failed when converting the nvarchar value '5F' to data type int.
2012-06-04 12:00:38,038 [6628] ERROR File LinQConnection getDataTableConversion failed when converting the nvarchar value '5F' to data type int.
2012-06-04 12:00:40,405 [6628] INFO  File --------------------------------------------------------
2012-06-04 12:01:00,899 [11856] ERROR File LinQConnection getDataTableConversion failed when converting the nvarchar value '5F' to data type int.
2012-06-04 12:01:12,441 [8340] INFO  File --------------------------------------------------------
2012-06-04 12:05:37,181 [9312] INFO  File --------------------------------------------------------
2012-06-04 12:06:09,412 [8340] INFO  File --------------------------------------------------------
2012-06-04 12:06:22,031 [11100] INFO  File --------------------------------------------------------
2012-06-04 12:06:52,588 [8340] INFO  File --------------------------------------------------------
2012-06-04 12:07:17,764 [7780] INFO  File --------------------------------------------------------
2012-06-04 12:12:59,858 [9936] INFO  File --------------------------------------------------------
2012-06-04 12:15:08,008 [10456] INFO  File --------------------------------------------------------
2012-06-04 12:16:30,205 [7896] INFO  File --------------------------------------------------------
2012-06-04 12:20:33,602 [11156] INFO  File --------------------------------------------------------
2012-06-18 12:23:42,512 [5304] INFO  File --------------------------------------------------------
2012-06-18 12:24:36,450 [5304] INFO  File --------------------------------------------------------
2012-06-18 12:25:01,489 [9456] INFO  File --------------------------------------------------------
2012-06-18 12:26:10,939 [9456] INFO  File --------------------------------------------------------
2012-06-18 12:27:17,270 [9456] INFO  File --------------------------------------------------------
2012-06-18 12:29:36,899 [9456] INFO  File --------------------------------------------------------
2012-06-18 12:29:44,495 [10436] INFO  File --------------------------------------------------------
2012-06-18 12:29:44,745 [10436] INFO  File --------------------------------------------------------
2012-06-18 12:29:56,648 [10436] INFO  File --------------------------------------------------------
2012-06-18 12:29:57,008 [10436] INFO  File --------------------------------------------------------
2012-06-18 12:30:17,170 [10436] INFO  File --------------------------------------------------------
2012-06-18 12:30:17,338 [10436] INFO  File --------------------------------------------------------
2012-06-18 12:30:38,449 [10436] INFO  File --------------------------------------------------------
2012-06-18 12:30:38,617 [10436] INFO  File --------------------------------------------------------
2012-06-18 12:32:22,477 [11380] INFO  File --------------------------------------------------------
2012-06-18 12:32:22,960 [11380] INFO  File --------------------------------------------------------
2012-06-18 12:33:49,351 [11944] INFO  File --------------------------------------------------------
2012-06-18 12:33:59,535 [11944] INFO  File --------------------------------------------------------
2012-06-18 12:34:30,225 [11944] INFO  File --------------------------------------------------------
2012-06-18 12:34:49,450 [11944] INFO  File --------------------------------------------------------
2012-06-18 12:35:25,246 [6932] INFO  File --------------------------------------------------------
2012-06-18 12:35:25,795 [6932] INFO  File --------------------------------------------------------
2012-06-18 12:35:40,871 [11944] INFO  File --------------------------------------------------------
2012-06-18 12:35:42,610 [11944] INFO  File --------------------------------------------------------
2012-06-18 12:36:30,934 [11944] INFO  File --------------------------------------------------------
2012-06-18 12:36:32,046 [11944] INFO  File --------------------------------------------------------
2012-06-18 12:36:50,546 [11792] INFO  File --------------------------------------------------------
2012-06-18 12:36:51,515 [11792] INFO  File --------------------------------------------------------
2012-06-18 12:37:07,919 [11944] INFO  File --------------------------------------------------------
2012-06-18 12:37:09,173 [11944] INFO  File --------------------------------------------------------
2012-06-18 12:38:04,747 [12144] INFO  File --------------------------------------------------------
2012-06-18 12:38:05,751 [12144] INFO  File --------------------------------------------------------
2012-06-18 12:38:18,943 [6156] INFO  File --------------------------------------------------------
2012-06-18 12:38:19,965 [6156] INFO  File --------------------------------------------------------
2012-06-18 12:38:33,017 [12152] INFO  File --------------------------------------------------------
2012-06-18 12:38:47,898 [12152] INFO  File --------------------------------------------------------
2012-06-18 12:38:56,768 [1860] INFO  File --------------------------------------------------------
2012-08-03 10:13:00,056 [4868] INFO  File --------------------------------------------------------
2012-08-03 10:13:00,428 [4868] INFO  File RESET SO LIEU  3 record
2012-08-03 10:13:08,049 [4868] INFO  File CAPNHATSOLIEU_BAOCAO_SANLUONG_KYNAY  0 record
2012-08-03 10:13:44,387 [4868] ERROR File LinQConnection getDataTableTimeout expired.  The timeout period elapsed prior to completion of the operation or the server is not responding.
2012-08-03 10:13:44,548 [4868] INFO  File CAPNHATSOLIEU_BAOCAO_SANLUONG_KYTRUOC  0 record
2012-08-03 10:14:02,299 [4868] INFO  File CAPNHATSOLIEU_BAOCAO_SANLUONG_KY_NAMTRUOC  0 record
2012-08-03 10:14:02,313 [4868] INFO  File CAPNHATSOLIEU_BAOCAO_SANLUONG_KY_NAMTRUOC  3 record
2012-08-03 10:14:02,574 [4868] INFO  File --------------------------------------------------------
2012-08-06 15:58:39,640 [6324] ERROR File LinQConnection getDataTableInvalid object name 'BAOCAO_KINHDOANH'.
2012-08-06 15:59:31,250 [4740] ERROR File LinQConnection getDataTableInvalid object name 'BAOCAO_KINHDOANH'.
2012-08-06 15:59:57,298 [5472] ERROR File LinQConnection getDataTableInvalid object name 'BAOCAO_KINHDOANH'.
2012-08-06 16:01:54,770 [4104] ERROR File LinQConnection getDataTableInvalid object name 'BAOCAO_KINHDOANH'.
2012-08-06 16:02:01,758 [5348] ERROR File LinQConnection getDataTableInvalid object name 'BAOCAO_KINHDOANH'.
2012-08-06 16:03:45,669 [6248] ERROR File LinQConnection getDataTableInvalid object name 'BAOCAO_KINHDOANH'.
2012-08-06 16:03:49,729 [6248] ERROR File LinQConnection getDataTableInvalid object name 'BAOCAO_KINHDOANH'.
2012-08-06 16:03:51,249 [6132] ERROR File LinQConnection getDataTableInvalid object name 'BAOCAO_KINHDOANH'.
2012-08-06 16:03:52,943 [4612] ERROR File LinQConnection getDataTableInvalid object name 'BAOCAO_KINHDOANH'.
2012-08-06 16:03:54,950 [6248] ERROR File LinQConnection getDataTableInvalid object name 'BAOCAO_KINHDOANH'.
2012-08-06 16:03:56,723 [4612] ERROR File LinQConnection getDataTableInvalid object name 'BAOCAO_KINHDOANH'.
2012-08-06 16:04:36,223 [3516] ERROR File LinQConnection getDataTableInvalid object name 'BAOCAO_KINHDOANH'.
2012-08-06 16:04:40,103 [4612] ERROR File LinQConnection getDataTableInvalid object name 'BAOCAO_KINHDOANH'.
2012-08-06 16:04:40,245 [4612] ERROR File LinQConnection getDataTableInvalid object name 'BAOCAO_KINHDOANH'.
2012-08-06 16:04:41,573 [4612] ERROR File LinQConnection getDataTableInvalid object name 'BAOCAO_KINHDOANH'.
2012-08-06 16:07:49,046 [6248] ERROR File LinQConnection getDataTableInvalid object name 'BAOCAO_KINHDOANH'.
2012-08-06 16:08:46,538 [3516] ERROR File LinQConnection getDataTableInvalid object name 'BAOCAO_KINHDOANH'.
2012-08-06 16:09:08,515 [6248] ERROR File LinQConnection getDataTableInvalid object name 'BAOCAO_KINHDOANH'.
2012-08-06 16:09:35,784 [4712] ERROR File LinQConnection getDataTableInvalid object name 'BAOCAO_KINHDOANH'.
2012-08-06 16:11:22,422 [6460] ERROR File LinQConnection getDataTableInvalid object name 'BAOCAO_KINHDOANH'.
2012-08-06 16:11:22,472 [6460] ERROR File LinQConnection getDataTableInvalid object name 'BAOCAO_KINHDOANH'.
2012-08-07 10:12:09,124 [6756] INFO  File --------------------------------------------------------
2012-08-07 10:12:09,246 [6756] INFO  File RESET SO LIEU  3 record
2012-08-07 10:12:09,664 [6756] INFO  File CAPNHATSOLIEU_BAOCAO_SANLUONG_KYNAY_DOT  3 record
2012-08-07 10:12:10,086 [6756] INFO  File CAPNHATSOLIEU_BAOCAO_SANLUONG_KYTRUOC_DOT  3 record
2012-08-07 10:12:10,143 [6756] INFO  File CAPNHATSOLIEU_BAOCAO_SANLUONG_KY_NAMTRUOC_DOT  0 record
2012-08-07 10:12:10,180 [6756] INFO  File CAPNHATSOLIEU_BAOCAO_SANLUONG_KY_NAMTRUOC  3 record
2012-08-07 10:12:10,253 [6756] INFO  File --------------------------------------------------------
2012-08-08 18:21:09,339 [6468] ERROR File LinQConnection getDataTableA network-related or instance-specific error occurred while establishing a connection to SQL Server. The server was not found or was not accessible. Verify that the instance name is correct and that SQL Server is configured to allow remote connections. (provider: Named Pipes Provider, error: 40 - Could not open a connection to SQL Server)
2012-08-14 13:03:15,716 [6912] ERROR File LinQConnection getDataTableA network-related or instance-specific error occurred while establishing a connection to SQL Server. The server was not found or was not accessible. Verify that the instance name is correct and that SQL Server is configured to allow remote connections. (provider: Named Pipes Provider, error: 40 - Could not open a connection to SQL Server)
2012-08-14 13:03:17,476 [3420] ERROR File LinQConnection getDataTableA network-related or instance-specific error occurred while establishing a connection to SQL Server. The server was not found or was not accessible. Verify that the instance name is correct and that SQL Server is configured to allow remote connections. (provider: Named Pipes Provider, error: 40 - Could not open a connection to SQL Server)
2012-08-20 14:31:00,204 [6832] INFO  File --------------------------------------------------------
2012-08-20 14:31:00,285 [6832] INFO  File RESET SO LIEU  3 record
2012-08-20 14:31:06,945 [6832] INFO  File CAPNHATSOLIEU_BAOCAO_SANLUONG_KYNAY  0 record
2012-08-20 14:31:43,615 [6832] ERROR File LinQConnection getDataTableTimeout expired.  The timeout period elapsed prior to completion of the operation or the server is not responding.
2012-08-20 14:31:43,712 [6832] INFO  File CAPNHATSOLIEU_BAOCAO_SANLUONG_KYTRUOC  0 record
2012-08-20 14:31:51,579 [6832] INFO  File CAPNHATSOLIEU_BAOCAO_SANLUONG_KY_NAMTRUOC  0 record
2012-08-20 14:31:51,625 [6832] INFO  File CAPNHATSOLIEU_BAOCAO_SANLUONG_KY_NAMTRUOC  3 record
2012-08-20 14:31:52,115 [6832] INFO  File --------------------------------------------------------
2012-11-01 13:58:04,530 [8096] ERROR File OleDbConnection getDataTableCould not find file 'D:\MITADATA.mdb'.
2012-11-01 13:58:08,983 [8676] ERROR File OleDbConnection getDataTableCould not find file 'D:\MITADATA.mdb'.
2012-11-01 13:58:41,869 [8096] ERROR File OleDbConnection getDataTableCould not find file 'D:\MITADATA.mdb'.
2012-11-01 13:59:42,212 [9400] ERROR File OleDbConnection getDataTableSyntax error (missing operator) in query expression 'ior.UserEnrollNumber = info.Us erEnrollNumber  and info.UserFullCode in ('00246','00202','00260')  AND MONTH(ior.TimeDate)=10'.
2012-11-01 14:00:37,478 [8856] ERROR File OleDbConnection getDataTableSyntax error (missing operator) in query expression 'ior.UserEnrollNumber = info.Us erEnrollNumber  AND MONTH(ior.TimeDate)=10'.
2012-11-01 14:02:16,300 [9948] ERROR File OleDbConnection getDataTableSyntax error (missing operator) in query expression 'ior.UserEnrollNumber = info.Us erEnrollNumber'.
2012-11-01 14:03:05,281 [10076] ERROR File OleDbConnection getDataTableSyntax error (missing operator) in query expression 'ior.UserEnrollNumber = info.Us erEnrollNumber'.
2012-11-01 14:35:25,954 [9092] ERROR File OleDbConnection getDataTableData type mismatch in criteria expression.
2012-11-01 14:35:28,523 [10436] ERROR File OleDbConnection getDataTableData type mismatch in criteria expression.
2012-11-01 14:35:30,183 [9092] ERROR File OleDbConnection getDataTableData type mismatch in criteria expression.
2012-11-01 14:35:31,531 [9092] ERROR File OleDbConnection getDataTableData type mismatch in criteria expression.
2012-11-01 14:36:05,557 [9092] ERROR File OleDbConnection getDataTableData type mismatch in criteria expression.
2012-11-01 14:39:40,277 [10436] ERROR File OleDbConnection getDataTableData type mismatch in criteria expression.
2012-11-01 14:39:43,659 [11112] ERROR File OleDbConnection getDataTableData type mismatch in criteria expression.
2012-11-01 14:40:31,593 [7544] ERROR File OleDbConnection getDataTableData type mismatch in criteria expression.
2012-11-01 14:41:04,246 [10328] ERROR File OleDbConnection getDataTableData type mismatch in criteria expression.
2012-11-01 14:42:00,953 [10328] ERROR File OleDbConnection getDataTableData type mismatch in criteria expression.
2012-11-01 14:42:24,255 [10328] ERROR File OleDbConnection getDataTableData type mismatch in criteria expression.
2012-11-01 14:43:31,201 [10312] ERROR File OleDbConnection getDataTableSyntax error in string in query expression 'IDD='6'.
2012-11-01 14:57:45,253 [10548] ERROR File OleDbConnection getDataTableSyntax error in FROM clause.
2012-11-01 14:57:58,871 [7976] ERROR File OleDbConnection getDataTableSyntax error in FROM clause.
2012-11-01 14:59:23,265 [5020] ERROR File OleDbConnection getDataTableSyntax error in FROM clause.
2012-11-01 14:59:33,217 [10548] ERROR File OleDbConnection getDataTableSyntax error in FROM clause.
2012-11-01 15:01:30,574 [5020] ERROR File OleDbConnection getDataTableSyntax error in FROM clause.
2012-11-01 15:02:18,448 [10276] ERROR File OleDbConnection getDataTableSyntax error in FROM clause.
2012-11-01 15:03:19,026 [10548] ERROR File OleDbConnection getDataTableSyntax error in FROM clause.
2012-11-01 15:09:16,091 [10916] ERROR File OleDbConnection getDataTableSyntax error in FROM clause.
2012-11-01 15:09:56,285 [10900] ERROR File OleDbConnection getDataTableSyntax error in FROM clause.
2012-11-01 15:10:04,664 [1660] ERROR File OleDbConnection getDataTableSyntax error in FROM clause.
2012-11-01 15:13:34,659 [8916] ERROR File OleDbConnection getDataTableSyntax error in FROM clause.
2012-11-01 15:13:37,135 [10608] ERROR File OleDbConnection getDataTableSyntax error in FROM clause.
2012-11-01 15:17:06,694 [8264] ERROR File OleDbConnection getDataTableSyntax error in FROM clause.
2012-11-01 15:20:35,219 [12100] ERROR File OleDbConnection getDataTableSyntax error in FROM clause.
2012-11-01 15:21:45,891 [12124] ERROR File OleDbConnection getDataTableSyntax error in FROM clause.
2012-11-01 15:26:26,737 [11688] ERROR File OleDbConnection getDataTableSyntax error in FROM clause.
2012-11-01 15:26:26,796 [11688] ERROR File OleDbConnection getDataTableSyntax error in FROM clause.
2012-11-01 15:26:47,274 [11688] ERROR File OleDbConnection getDataTableSyntax error in FROM clause.
2012-11-01 15:26:47,337 [11688] ERROR File OleDbConnection getDataTableSyntax error in FROM clause.
2012-11-01 15:31:04,903 [12488] ERROR File OleDbConnection getDataTableSyntax error in FROM clause.
2012-11-01 15:31:26,394 [12324] ERROR File OleDbConnection getDataTableSyntax error in FROM clause.
2012-11-01 15:32:19,770 [512] ERROR File OleDbConnection getDataTableSyntax error in FROM clause.
2012-11-01 15:36:06,658 [11060] ERROR File OleDbConnection getDataTableSyntax error in FROM clause.
2012-11-01 15:37:07,589 [11060] ERROR File OleDbConnection getDataTableSyntax error (missing operator) in query expression 'info.UserFullCode <> ''  IDD=2 AND info.UserLoaiNV='VP''.
2012-11-01 16:01:24,771 [4828] ERROR File LinQConnection getDataTableA network-related or instance-specific error occurred while establishing a connection to SQL Server. The server was not found or was not accessible. Verify that the instance name is correct and that SQL Server is configured to allow remote connections. (provider: Named Pipes Provider, error: 40 - Could not open a connection to SQL Server)
2012-11-01 16:13:18,222 [2604] ERROR File OleDbConnection getDataTableData type mismatch in criteria expression.
2012-11-02 09:07:49,363 [3056] ERROR File OleDbConnection getDataTableSyntax error (missing operator) in query expression 'ior.UserFullCode ='00071' AND TimeDate=10/30/2012 00:00:00.000'.
2012-11-05 14:11:05,825 [11560] ERROR File LinQConnection getDataTableA network-related or instance-specific error occurred while establishing a connection to SQL Server. The server was not found or was not accessible. Verify that the instance name is correct and that SQL Server is configured to allow remote connections. (provider: Named Pipes Provider, error: 40 - Could not open a connection to SQL Server)
2012-11-05 14:13:59,455 [9840] ERROR File LinQConnection getDataTableA network-related or instance-specific error occurred while establishing a connection to SQL Server. The server was not found or was not accessible. Verify that the instance name is correct and that SQL Server is configured to allow remote connections. (provider: Named Pipes Provider, error: 40 - Could not open a connection to SQL Server)
2012-11-05 14:14:01,510 [3492] ERROR File LinQConnection getDataTableA network-related or instance-specific error occurred while establishing a connection to SQL Server. The server was not found or was not accessible. Verify that the instance name is correct and that SQL Server is configured to allow remote connections. (provider: Named Pipes Provider, error: 40 - Could not open a connection to SQL Server)
2012-11-12 13:41:32,610 [8048] ERROR File LinQConnection getDataTableThe multi-part identifier "ks.DOT" could not be bound.
2012-11-12 13:42:35,472 [6936] ERROR File LinQConnection getDataTableThe multi-part identifier "ks.DOT" could not be bound.
2012-11-27 15:27:48,374 [3812] ERROR File OleDbConnection getDataTableNo value given for one or more required parameters.
2012-11-27 15:27:48,533 [3812] ERROR File LinQConnection getDataTableInvalid column name 'TUGNAY'.
2012-11-27 15:28:05,298 [8444] ERROR File OleDbConnection getDataTableNo value given for one or more required parameters.
2012-11-27 15:28:42,518 [8444] ERROR File LinQConnection getDataTableInvalid column name 'TUGNAY'.
2012-11-27 15:29:22,824 [8216] ERROR File OleDbConnection getDataTableNo value given for one or more required parameters.
2012-11-27 15:30:31,044 [8216] ERROR File OleDbConnection getDataTableNo value given for one or more required parameters.
2012-11-27 15:31:15,420 [8216] ERROR File OleDbConnection getDataTableNo value given for one or more required parameters.
2012-11-27 15:32:09,461 [8216] ERROR File OleDbConnection getDataTableNo value given for one or more required parameters.
2012-11-27 15:35:06,403 [312] ERROR File OleDbConnection getDataTableNo value given for one or more required parameters.
2012-11-27 15:53:42,221 [3440] ERROR File OleDbConnection getDataTableNo value given for one or more required parameters.
2012-11-27 15:54:14,212 [9936] ERROR File OleDbConnection getDataTableNo value given for one or more required parameters.
2012-11-27 15:54:17,979 [9860] ERROR File OleDbConnection getDataTableNo value given for one or more required parameters.
2012-11-27 09:23:15,276 [7896] ERROR File LinQConnection getDataTableInvalid column name 'LOACT'.
Invalid column name 'LOACT'.
2012-11-27 09:23:15,359 [7896] ERROR File LinQConnection getDataTableInvalid column name 'LOACT'.
Invalid column name 'LOACT'.
2012-11-27 09:24:09,689 [7224] ERROR File LinQConnection getDataTableInvalid column name 'LOACT'.
Invalid column name 'LOACT'.
2012-11-27 09:24:09,694 [7224] ERROR File LinQConnection getDataTableInvalid column name 'LOACT'.
Invalid column name 'LOACT'.
2012-11-27 09:25:23,451 [8452] ERROR File LinQConnection getDataTableConversion failed when converting the nvarchar value 'SÁNG' to data type int.
2012-11-27 09:27:38,174 [7492] ERROR File LinQConnection getDataTableConversion failed when converting the nvarchar value 'SÁNG' to data type int.
2013-01-08 10:02:55,410 [6668] ERROR File LinQConnection getDataTableA network-related or instance-specific error occurred while establishing a connection to SQL Server. The server was not found or was not accessible. Verify that the instance name is correct and that SQL Server is configured to allow remote connections. (provider: Named Pipes Provider, error: 40 - Could not open a connection to SQL Server)
2013-01-08 10:29:14,893 [7708] ERROR File LinQConnection getDataTableTimeout expired.  The timeout period elapsed prior to completion of the operation or the server is not responding.
2013-01-08 10:30:21,133 [6820] ERROR File LinQConnection getDataTableTimeout expired.  The timeout period elapsed prior to completion of the operation or the server is not responding.
2013-01-08 10:36:30,620 [7708] ERROR File LinQConnection getDataTableTimeout expired.  The timeout period elapsed prior to completion of the operation or the server is not responding.
2013-01-08 10:36:35,101 [7156] ERROR File LinQConnection getDataTableTimeout expired.  The timeout period elapsed prior to completion of the operation or the server is not responding.
2013-01-08 10:39:45,503 [7156] ERROR File LinQConnection getDataTableTimeout expired.  The timeout period elapsed prior to completion of the operation or the server is not responding.
2013-06-03 09:33:03,785 [4232] ERROR File LinQConnection getDataTableCannot open database "CAPNUOCTANHOA" requested by the login. The login failed.
Login failed for user 'sa'.
2013-06-03 09:33:03,803 [4232] ERROR File LinQConnection getDataTableCannot open database "CAPNUOCTANHOA" requested by the login. The login failed.
Login failed for user 'sa'.
2013-06-03 09:33:11,166 [4232] ERROR File LinQConnection getDataTableCannot open database "CAPNUOCTANHOA" requested by the login. The login failed.
Login failed for user 'sa'.
2013-06-03 09:33:11,166 [4232] ERROR File LinQConnection getDataTableCannot open database "CAPNUOCTANHOA" requested by the login. The login failed.
Login failed for user 'sa'.
2013-06-03 09:33:11,167 [4232] ERROR File LinQConnection getDataTableCannot open database "CAPNUOCTANHOA" requested by the login. The login failed.
Login failed for user 'sa'.
2013-06-03 09:33:11,168 [4232] ERROR File LinQConnection getDataTableCannot open database "CAPNUOCTANHOA" requested by the login. The login failed.
Login failed for user 'sa'.
2013-06-03 09:37:26,896 [1872] ERROR File LinQConnection getDataTableCannot open database "CAPNUOCTANHOA" requested by the login. The login failed.
Login failed for user 'sa'.
2013-06-03 09:37:33,021 [3396] ERROR File LinQConnection getDataTableCannot open database "CAPNUOCTANHOA" requested by the login. The login failed.
Login failed for user 'sa'.
2013-06-03 09:37:35,082 [2020] ERROR File LinQConnection getDataTableCannot open database "CAPNUOCTANHOA" requested by the login. The login failed.
Login failed for user 'sa'.
2013-06-03 09:37:36,092 [2020] ERROR File LinQConnection getDataTableCannot open database "CAPNUOCTANHOA" requested by the login. The login failed.
Login failed for user 'sa'.
2013-06-03 09:37:36,092 [2020] ERROR File LinQConnection getDataTableCannot open database "CAPNUOCTANHOA" requested by the login. The login failed.
Login failed for user 'sa'.
2013-06-03 09:37:39,960 [1872] ERROR File LinQConnection getDataTableCannot open database "CAPNUOCTANHOA" requested by the login. The login failed.
Login failed for user 'sa'.
2013-06-03 09:37:39,960 [1872] ERROR File LinQConnection getDataTableCannot open database "CAPNUOCTANHOA" requested by the login. The login failed.
Login failed for user 'sa'.
2013-06-03 09:37:39,961 [1872] ERROR File LinQConnection getDataTableCannot open database "CAPNUOCTANHOA" requested by the login. The login failed.
Login failed for user 'sa'.
2013-06-03 09:37:39,963 [1872] ERROR File LinQConnection getDataTableCannot open database "CAPNUOCTANHOA" requested by the login. The login failed.
Login failed for user 'sa'.
2013-06-03 09:37:54,094 [2020] ERROR File LinQConnection getDataTableCannot open database "CAPNUOCTANHOA" requested by the login. The login failed.
Login failed for user 'sa'.
2013-06-03 09:37:54,095 [2020] ERROR File LinQConnection getDataTableCannot open database "CAPNUOCTANHOA" requested by the login. The login failed.
Login failed for user 'sa'.
2013-06-03 09:37:58,555 [1872] ERROR File LinQConnection getDataTableCannot open database "CAPNUOCTANHOA" requested by the login. The login failed.
Login failed for user 'sa'.
2013-06-04 13:17:01,877 [7536] ERROR File LinQConnection getDataTableThe handle is invalid. (Exception from HRESULT: 0x80070006 (E_HANDLE))
2013-06-04 13:17:11,096 [3828] ERROR File LinQConnection getDataTableThe handle is invalid. (Exception from HRESULT: 0x80070006 (E_HANDLE))
2013-06-04 13:17:15,017 [6488] ERROR File LinQConnection getDataTableThe handle is invalid. (Exception from HRESULT: 0x80070006 (E_HANDLE))
2013-06-04 13:17:16,400 [7536] ERROR File LinQConnection getDataTableThe handle is invalid. (Exception from HRESULT: 0x80070006 (E_HANDLE))
2013-06-04 13:25:19,598 [5960] ERROR File LinQConnection ExecuteCommand : SELECT COUNT(*) FROM HOADONTH06_2013 WHERE LNCC=0
2013-06-04 13:25:19,618 [5960] ERROR File LinQConnection ExecuteCommand : Invalid object name 'HOADONTH06_2013'.
2013-06-04 13:25:41,920 [6736] ERROR File LinQConnection ExecuteCommand : SELECT COUNT(*) FROM HOADONTH06_2013 WHERE LNCC=0
2013-06-04 13:25:41,920 [6736] ERROR File LinQConnection ExecuteCommand : Invalid object name 'HOADONTH06_2013'.
2013-06-04 13:26:25,008 [7876] ERROR File LinQConnection ExecuteCommand : SELECT COUNT(*) FROM HOADONTH06_2013 WHERE LNCC=0
2013-06-04 13:26:25,008 [7876] ERROR File LinQConnection ExecuteCommand : Invalid object name 'HOADONTH06_2013'.
2013-06-04 13:38:16,205 [916] ERROR File LinQConnection ExecuteCommand : SELECT COUNT(*) FROM HOADONTH06_2013 WHERE LNCC=0
2013-06-04 13:38:16,255 [916] ERROR File LinQConnection ExecuteCommand : SELECT COUNT(*) FROM HOADONTH06_2013 WHERE LNCC=0
2013-06-04 13:38:16,255 [916] ERROR File LinQConnection ExecuteCommand : Invalid object name 'HOADONTH06_2013'.
2013-06-04 13:38:27,492 [6740] ERROR File LinQConnection ExecuteCommand : SELECT COUNT(*) FROM HOADONTH12_2012 WHERE LNCC=0
2013-06-04 13:38:27,571 [6740] ERROR File LinQConnection ExecuteCommand : SELECT COUNT(*) FROM HOADONTH01_2013 WHERE LNCC=0
2013-06-04 13:38:27,623 [6740] ERROR File LinQConnection ExecuteCommand : SELECT COUNT(*) FROM HOADONTH02_2013 WHERE LNCC=0
2013-06-04 13:38:27,666 [6740] ERROR File LinQConnection ExecuteCommand : SELECT COUNT(*) FROM HOADONTH03_2013 WHERE LNCC=0
2013-06-04 13:38:27,729 [6740] ERROR File LinQConnection ExecuteCommand : SELECT COUNT(*) FROM HOADONTH04_2013 WHERE LNCC=0
2013-06-04 13:38:27,770 [6740] ERROR File LinQConnection ExecuteCommand : SELECT COUNT(*) FROM HOADONTH05_2013 WHERE LNCC=0
2013-06-04 13:38:27,900 [6740] ERROR File LinQConnection ExecuteCommand : SELECT COUNT(*) FROM HOADONTH06_2013 WHERE LNCC=0
2013-06-04 13:38:27,973 [6740] ERROR File LinQConnection ExecuteCommand : SELECT COUNT(*) FROM HOADONTH06_2013 WHERE LNCC=0
2013-06-04 13:38:27,973 [6740] ERROR File LinQConnection ExecuteCommand : Invalid object name 'HOADONTH06_2013'.
2013-06-04 13:43:47,047 [6740] ERROR File LinQConnection ExecuteCommand : SELECT COUNT(*) FROM HOADONTH06_2013 WHERE LNCC=0
2013-06-04 13:43:47,099 [6740] ERROR File LinQConnection ExecuteCommand : SELECT COUNT(*) FROM HOADONTH06_2013 WHERE LNCC=0
2013-06-04 13:43:47,099 [6740] ERROR File LinQConnection ExecuteCommand : Invalid object name 'HOADONTH06_2013'.
2013-06-04 13:44:04,397 [6488] ERROR File LinQConnection ExecuteCommand : SELECT COUNT(*) FROM HOADONTH12_2012 WHERE LNCC=0
2013-06-04 13:44:04,481 [6488] ERROR File LinQConnection ExecuteCommand : SELECT COUNT(*) FROM HOADONTH01_2013 WHERE LNCC=0
2013-06-04 13:44:04,537 [6488] ERROR File LinQConnection ExecuteCommand : SELECT COUNT(*) FROM HOADONTH02_2013 WHERE LNCC=0
2013-06-04 13:44:04,603 [6488] ERROR File LinQConnection ExecuteCommand : SELECT COUNT(*) FROM HOADONTH02_2013 WHERE LNCC=0
2013-06-04 13:44:04,603 [6488] ERROR File LinQConnection ExecuteCommand : Invalid object name 'HOADONTH02_2013'.
2013-06-04 13:44:04,605 [6488] ERROR File LinQConnection ExecuteCommand : SELECT COUNT(*) FROM HOADONTH03_2013 WHERE LNCC=0
2013-06-04 13:44:04,767 [6488] ERROR File LinQConnection ExecuteCommand : SELECT COUNT(*) FROM HOADONTH04_2013 WHERE LNCC=0
2013-06-04 13:44:04,881 [6488] ERROR File LinQConnection ExecuteCommand : SELECT COUNT(*) FROM HOADONTH05_2013 WHERE LNCC=0
2013-06-04 13:44:05,073 [6488] ERROR File LinQConnection ExecuteCommand : SELECT COUNT(*) FROM HOADONTH06_2013 WHERE LNCC=0
2013-06-04 13:44:05,125 [6488] ERROR File LinQConnection ExecuteCommand : SELECT COUNT(*) FROM HOADONTH06_2013 WHERE LNCC=0
2013-06-04 13:44:05,125 [6488] ERROR File LinQConnection ExecuteCommand : Invalid object name 'HOADONTH06_2013'.
2013-06-04 13:44:31,688 [5340] ERROR File LinQConnection ExecuteCommand : SELECT COUNT(*) FROM HOADONTH12_2012 WHERE LNCC=0
2013-06-04 13:44:31,769 [5340] ERROR File LinQConnection ExecuteCommand : SELECT COUNT(*) FROM HOADONTH01_2013 WHERE LNCC=0
2013-06-04 13:44:31,822 [5340] ERROR File LinQConnection ExecuteCommand : SELECT COUNT(*) FROM HOADONTH02_2013 WHERE LNCC=0
2013-06-04 13:44:32,135 [5340] ERROR File LinQConnection ExecuteCommand : SELECT COUNT(*) FROM HOADONTH03_2013 WHERE LNCC=0
2013-06-04 13:44:32,201 [5340] ERROR File LinQConnection ExecuteCommand : SELECT COUNT(*) FROM HOADONTH04_2013 WHERE LNCC=0
2013-06-04 13:44:32,242 [5340] ERROR File LinQConnection ExecuteCommand : SELECT COUNT(*) FROM HOADONTH05_2013 WHERE LNCC=0
2013-06-04 13:44:32,373 [5340] ERROR File LinQConnection ExecuteCommand : SELECT COUNT(*) FROM HOADONTH06_2013 WHERE LNCC=0
2013-06-04 13:44:32,438 [5340] ERROR File LinQConnection ExecuteCommand : SELECT COUNT(*) FROM HOADONTH06_2013 WHERE LNCC=0
2013-06-04 13:44:32,438 [5340] ERROR File LinQConnection ExecuteCommand : Invalid object name 'HOADONTH06_2013'.
2013-06-04 13:47:10,515 [6740] ERROR File LinQConnection ExecuteCommand : SELECT COUNT(*) FROM HOADONTH06_2013 WHERE LNCC=0
2013-06-04 13:47:10,523 [6740] ERROR File LinQConnection ExecuteCommand : Invalid object name 'HOADONTH06_2013'.
2013-06-04 13:47:22,389 [7172] ERROR File LinQConnection ExecuteCommand : SELECT COUNT(*) FROM HOADONTH06_2013 WHERE LNCC=0
2013-06-04 13:47:22,389 [7172] ERROR File LinQConnection ExecuteCommand : Invalid object name 'HOADONTH06_2013'.
2013-06-04 13:49:58,669 [5340] ERROR File LinQConnection ExecuteCommand : SELECT COUNT(*) FROM HOADONTH06_2013 WHERE LNCC=0
2013-06-04 13:49:58,677 [5340] ERROR File LinQConnection ExecuteCommand : Invalid object name 'HOADONTH06_2013'.
2013-06-04 13:50:07,938 [8156] ERROR File LinQConnection ExecuteCommand : SELECT COUNT(*) FROM HOADONTH06_2013 WHERE LNCC=0
2013-06-04 13:50:07,938 [8156] ERROR File LinQConnection ExecuteCommand : Invalid object name 'HOADONTH06_2013'.
2013-06-04 13:50:26,165 [5340] ERROR File LinQConnection ExecuteCommand : SELECT COUNT(*) FROM HOADONTH06_2013 WHERE LNCC=0
2013-06-04 13:50:26,170 [5340] ERROR File LinQConnection ExecuteCommand : Invalid object name 'HOADONTH06_2013'.
2013-06-04 13:50:34,874 [8156] ERROR File LinQConnection ExecuteCommand : SELECT COUNT(*) FROM HOADONTH06_2013 WHERE LNCC=0
2013-06-04 13:50:34,874 [8156] ERROR File LinQConnection ExecuteCommand : Invalid object name 'HOADONTH06_2013'.
2013-06-04 13:51:32,359 [3828] ERROR File LinQConnection ExecuteCommand : SELECT COUNT(*) FROM HOADONTH06_2013 WHERE LNCC=0
2013-06-04 13:51:32,359 [3828] ERROR File LinQConnection ExecuteCommand : Invalid object name 'HOADONTH06_2013'.
2013-06-04 13:51:48,443 [5036] ERROR File LinQConnection ExecuteCommand : SELECT COUNT(*) FROM HOADONTH06_2013 WHERE LNCC=0
2013-06-04 13:51:48,444 [5036] ERROR File LinQConnection ExecuteCommand : Invalid object name 'HOADONTH06_2013'.
2013-06-04 13:53:02,101 [5340] ERROR File LinQConnection ExecuteCommand : SELECT COUNT(*) FROM HOADONTH06_2013 WHERE LNCC=0
2013-06-04 13:53:02,102 [5340] ERROR File LinQConnection ExecuteCommand : Invalid object name 'HOADONTH06_2013'.
2013-06-04 13:55:29,321 [1248] ERROR File LinQConnection ExecuteCommand : SELECT COUNT(*) FROM HOADONTH06_2013 WHERE LNCC=0
2013-06-04 13:55:29,321 [1248] ERROR File LinQConnection ExecuteCommand : Invalid object name 'HOADONTH06_2013'.
2013-06-04 13:55:54,414 [6644] ERROR File LinQConnection ExecuteCommand : SELECT COUNT(*) FROM HOADONTH06_2013 WHERE LNCC=0
2013-06-04 13:55:54,414 [6644] ERROR File LinQConnection ExecuteCommand : Invalid object name 'HOADONTH06_2013'.
2013-06-04 14:15:47,615 [4472] ERROR File LinQConnection ExecuteCommand : SELECT COUNT(*) FROM HOADONTH06_2013 WHERE LNCC=0
2013-06-04 14:15:47,615 [4472] ERROR File LinQConnection ExecuteCommand : Invalid object name 'HOADONTH06_2013'.
2013-06-18 11:08:51,931 [2824] ERROR File LinQConnection ExecuteCommand : SELECT COUNT(*) FROM HOADONTH06_2013 WHERE LNCC=0
2013-06-18 11:08:51,942 [2824] ERROR File LinQConnection ExecuteCommand : Invalid object name 'HOADONTH06_2013'.
2013-06-18 11:09:24,170 [516] ERROR File LinQConnection ExecuteCommand : SELECT COUNT(*) FROM HOADONTH06_2013 WHERE LNCC=0
2013-06-18 11:09:24,170 [516] ERROR File LinQConnection ExecuteCommand : Invalid object name 'HOADONTH06_2013'.
