2017-06-07 16:03:57,385 [7560] ERROR File LinQConnection getDataTableIncorrect syntax near '12'.
2017-06-07 16:05:05,154 [7560] ERROR File LinQConnection getDataTableIncorrect syntax near '12'.
2017-06-07 16:08:43,839 [684] ERROR File LinQConnection getDataTableConversion failed when converting date and/or time from character string.
2017-06-07 16:09:08,890 [684] ERROR File LinQConnection getDataTableConversion failed when converting date and/or time from character string.
2017-06-08 08:40:30,522 [7252] ERROR File LinQConnection getDataTableA network-related or instance-specific error occurred while establishing a connection to SQL Server. The server was not found or was not accessible. Verify that the instance name is correct and that SQL Server is configured to allow remote connections. (provider: SQL Network Interfaces, error: 26 - Error Locating Server/Instance Specified)
2017-06-08 09:51:15,827 [7024] ERROR File LinQConnection getDataTableIncorrect syntax near the keyword 'check'.
2017-06-08 09:51:22,401 [5764] ERROR File LinQConnection getDataTableIncorrect syntax near the keyword 'check'.
2017-06-08 09:52:14,587 [664] ERROR File LinQConnection getDataTableIncorrect syntax near the keyword 'check'.
2017-06-14 14:48:09,572 [7820] ERROR File LinQConnection getDataTableA network-related or instance-specific error occurred while establishing a connection to SQL Server. The server was not found or was not accessible. Verify that the instance name is correct and that SQL Server is configured to allow remote connections. (provider: Named Pipes Provider, error: 40 - Could not open a connection to SQL Server)
2017-06-14 14:50:20,618 [9816] ERROR File LinQConnection getDataTableA network-related or instance-specific error occurred while establishing a connection to SQL Server. The server was not found or was not accessible. Verify that the instance name is correct and that SQL Server is configured to allow remote connections. (provider: Named Pipes Provider, error: 40 - Could not open a connection to SQL Server)
2017-06-14 14:50:55,354 [10184] ERROR File LinQConnection getDataTableA network-related or instance-specific error occurred while establishing a connection to SQL Server. The server was not found or was not accessible. Verify that the instance name is correct and that SQL Server is configured to allow remote connections. (provider: Named Pipes Provider, error: 40 - Could not open a connection to SQL Server)
2017-06-14 14:51:45,688 [10220] ERROR File LinQConnection getDataTableA network-related or instance-specific error occurred while establishing a connection to SQL Server. The server was not found or was not accessible. Verify that the instance name is correct and that SQL Server is configured to allow remote connections. (provider: Named Pipes Provider, error: 40 - Could not open a connection to SQL Server)
2017-06-15 11:43:41,551 [5864] ERROR File LinQConnection getDataTableColumn 'CAPNUOCTANHOA.dbo.GNKDT_THONGTINDMA.ID' is invalid in the select list because it is not contained in either an aggregate function or the GROUP BY clause.
2017-06-15 11:43:54,546 [7724] ERROR File LinQConnection getDataTableColumn 'CAPNUOCTANHOA.dbo.GNKDT_THONGTINDMA.ID' is invalid in the select list because it is not contained in either an aggregate function or the GROUP BY clause.
2017-06-29 08:40:18,982 [6564] ERROR File LinQConnection getDataTableA network-related or instance-specific error occurred while establishing a connection to SQL Server. The server was not found or was not accessible. Verify that the instance name is correct and that SQL Server is configured to allow remote connections. (provider: SQL Network Interfaces, error: 26 - Error Locating Server/Instance Specified)
2017-06-29 08:40:19,023 [6564] ERROR File LinQConnection getDataTableA network-related or instance-specific error occurred while establishing a connection to SQL Server. The server was not found or was not accessible. Verify that the instance name is correct and that SQL Server is configured to allow remote connections. (provider: SQL Network Interfaces, error: 26 - Error Locating Server/Instance Specified)
2017-06-29 08:40:19,023 [6564] ERROR File LinQConnection getDataTableA network-related or instance-specific error occurred while establishing a connection to SQL Server. The server was not found or was not accessible. Verify that the instance name is correct and that SQL Server is configured to allow remote connections. (provider: SQL Network Interfaces, error: 26 - Error Locating Server/Instance Specified)
2017-06-29 08:45:12,483 [7724] ERROR File LinQConnection getDataTableInvalid column name 'True'.
2017-06-29 08:45:20,126 [6488] ERROR File LinQConnection getDataTableInvalid column name 'True'.
2017-06-29 08:48:29,804 [6584] ERROR File LinQConnection getDataTableInvalid column name 'True'.
2017-06-29 08:57:58,036 [7360] ERROR File LinQConnection getDataTableInvalid column name 'True'.
2017-06-29 08:59:37,446 [4256] ERROR File LinQConnection getDataTableInvalid column name 'True'.
2017-06-29 09:00:30,231 [4256] ERROR File LinQConnection getDataTableInvalid column name 'True'.
2017-07-03 16:17:27,478 [10152] ERROR File LinQConnection getDataTableInvalid object name 'DANHBO'.
2017-07-03 16:17:52,874 [10152] ERROR File LinQConnection getDataTableInvalid object name 'DANHBO'.
2017-07-03 16:19:34,363 [10152] ERROR File LinQConnection getDataTableInvalid object name 'DANHBO'.
2017-07-03 21:55:08,236 [2100] ERROR File LinQConnection getDataTableA network-related or instance-specific error occurred while establishing a connection to SQL Server. The server was not found or was not accessible. Verify that the instance name is correct and that SQL Server is configured to allow remote connections. (provider: SQL Network Interfaces, error: 26 - Error Locating Server/Instance Specified)
2017-07-03 21:55:29,291 [4456] ERROR File LinQConnection getDataTableA network-related or instance-specific error occurred while establishing a connection to SQL Server. The server was not found or was not accessible. Verify that the instance name is correct and that SQL Server is configured to allow remote connections. (provider: SQL Network Interfaces, error: 26 - Error Locating Server/Instance Specified)
2017-07-03 21:56:42,477 [3736] ERROR File LinQConnection getDataTableA network-related or instance-specific error occurred while establishing a connection to SQL Server. The server was not found or was not accessible. Verify that the instance name is correct and that SQL Server is configured to allow remote connections. (provider: SQL Network Interfaces, error: 26 - Error Locating Server/Instance Specified)
2017-07-04 09:38:49,220 [2668] ERROR File LinQConnection getDataTableIncorrect syntax near the keyword 'ORDER'.
2017-07-04 09:39:06,873 [7568] ERROR File LinQConnection getDataTableIncorrect syntax near the keyword 'ORDER'.
2017-07-04 09:43:38,276 [7568] ERROR File LinQConnection getDataTableIncorrect syntax near the keyword 'FROM'.
2017-07-18 13:27:45,364 [9388] ERROR File LinQConnection getDataTableA network-related or instance-specific error occurred while establishing a connection to SQL Server. The server was not found or was not accessible. Verify that the instance name is correct and that SQL Server is configured to allow remote connections. (provider: SQL Network Interfaces, error: 26 - Error Locating Server/Instance Specified)
2017-07-20 09:23:30,818 [2128] ERROR File LinQConnection getDataTableInvalid object name 'KT_Van'.
2017-08-01 13:45:15,193 [5920] ERROR File LinQConnection getDataTableInvalid object name 'KT_Van'.
2017-09-08 21:22:36,918 [5688] ERROR File LinQConnection getDataTableA network-related or instance-specific error occurred while establishing a connection to SQL Server. The server was not found or was not accessible. Verify that the instance name is correct and that SQL Server is configured to allow remote connections. (provider: SQL Network Interfaces, error: 26 - Error Locating Server/Instance Specified)
