2015-08-14 15:42:12,649 [6596] ERROR File LinQConnection getDataTableInvalid object name 'dbo.t_Data_Logger_20232_02'.
2015-08-14 16:21:34,826 [7660] ERROR File LinQConnection getDataTableIncorrect syntax near '12'.
2015-08-14 16:22:33,047 [7660] ERROR File LinQConnection getDataTableIncorrect syntax near '12'.
2015-08-27 10:28:58,423 [6896] INFO  File --------------------------------------------------------
2015-08-27 10:29:13,064 [6896] INFO  File CAPNHATSOLIEU_BAOCAO_SANLUONG_KYNAY  10 record
2015-08-27 10:29:21,983 [6896] INFO  File CAPNHATSOLIEU_BAOCAO_SANLUONG_KYTRUOC  10 record
2015-08-27 10:29:33,787 [6896] INFO  File CAPNHATSOLIEU_BAOCAO_SANLUONG_KY_NAMTRUOC  10 record
2015-08-27 10:29:33,798 [6896] INFO  File CAPNHATSOLIEU_BAOCAO_SANLUONG_KY_NAMTRUOC  10 record
2015-08-27 10:29:33,877 [6896] INFO  File --------------------------------------------------------
2015-08-27 10:31:57,446 [7096] INFO  File --------------------------------------------------------
2015-08-27 10:31:57,702 [7096] INFO  File CAPNHATSOLIEU_BAOCAO_SANLUONG_KYNAY  10 record
2015-08-27 10:31:57,945 [7096] INFO  File CAPNHATSOLIEU_BAOCAO_SANLUONG_KYTRUOC  10 record
2015-08-27 10:31:58,193 [7096] INFO  File CAPNHATSOLIEU_BAOCAO_SANLUONG_KY_NAMTRUOC  10 record
2015-08-27 10:31:58,202 [7096] INFO  File CAPNHATSOLIEU_BAOCAO_SANLUONG_KY_NAMTRUOC  10 record
2015-08-27 10:31:58,210 [7096] INFO  File --------------------------------------------------------
2015-08-27 10:32:17,786 [6896] INFO  File --------------------------------------------------------
2015-08-27 10:32:18,045 [6896] INFO  File CAPNHATSOLIEU_BAOCAO_SANLUONG_KYNAY  10 record
2015-08-27 10:40:28,681 [6896] INFO  File CAPNHATSOLIEU_BAOCAO_SANLUONG_KYTRUOC  10 record
2015-08-27 10:40:28,925 [6896] INFO  File CAPNHATSOLIEU_BAOCAO_SANLUONG_KY_NAMTRUOC  10 record
2015-08-27 10:40:28,928 [6896] INFO  File CAPNHATSOLIEU_BAOCAO_SANLUONG_KY_NAMTRUOC  10 record
2015-08-27 10:40:28,934 [6896] INFO  File --------------------------------------------------------
2015-09-24 09:00:18,137 [6688] INFO  File --------------------------------------------------------
2015-09-24 09:00:18,893 [6688] INFO  File CAPNHATSOLIEU_BAOCAO_SANLUONG_KYNAY  18 record
2015-09-24 09:00:19,163 [6688] INFO  File CAPNHATSOLIEU_BAOCAO_SANLUONG_KYTRUOC  18 record
2015-09-24 09:00:19,488 [6688] INFO  File CAPNHATSOLIEU_BAOCAO_SANLUONG_KY_NAMTRUOC  18 record
2015-09-24 09:00:19,523 [6688] INFO  File CAPNHATSOLIEU_BAOCAO_SANLUONG_KY_NAMTRUOC  44 record
2015-09-24 09:00:19,640 [6688] INFO  File --------------------------------------------------------
2015-09-24 09:01:21,869 [1000] INFO  File --------------------------------------------------------
2015-09-24 09:01:22,608 [1000] INFO  File CAPNHATSOLIEU_BAOCAO_SANLUONG_KYNAY  18 record
2015-09-24 09:01:22,890 [1000] INFO  File CAPNHATSOLIEU_BAOCAO_SANLUONG_KYTRUOC  18 record
2015-09-24 09:01:23,189 [1000] INFO  File CAPNHATSOLIEU_BAOCAO_SANLUONG_KY_NAMTRUOC  18 record
2015-09-24 09:01:23,204 [1000] INFO  File CAPNHATSOLIEU_BAOCAO_SANLUONG_KY_NAMTRUOC  18 record
2015-09-24 09:01:23,240 [1000] INFO  File --------------------------------------------------------
2015-09-24 09:12:33,577 [4820] INFO  File --------------------------------------------------------
2015-09-24 09:12:33,919 [4820] INFO  File CAPNHATSOLIEU_BAOCAO_SANLUONG_KYNAY  18 record
2015-09-24 09:12:34,143 [4820] ERROR File LinQConnection ExecuteCommand : SELECT MAX(DOT)  FROM HOADON kh WHERE kh.NAM=2015 AND kh.KY=System.Web.UI.WebControls.DropDownList
2015-09-24 09:12:34,143 [4820] ERROR File LinQConnection ExecuteCommand : The multi-part identifier "System.Web.UI.WebControls.DropDownList" could not be bound.
2015-09-24 09:12:34,393 [4820] INFO  File CAPNHATSOLIEU_BAOCAO_SANLUONG_KYTRUOC  18 record
2015-09-24 09:12:34,817 [4820] INFO  File CAPNHATSOLIEU_BAOCAO_SANLUONG_KY_NAMTRUOC  18 record
2015-09-24 09:12:34,833 [4820] INFO  File CAPNHATSOLIEU_BAOCAO_SANLUONG_KY_NAMTRUOC  18 record
2015-09-24 09:12:34,877 [4820] INFO  File --------------------------------------------------------
2015-09-24 09:14:31,062 [6720] INFO  File --------------------------------------------------------
2015-09-24 09:14:31,315 [6720] INFO  File CAPNHATSOLIEU_BAOCAO_SANLUONG_KYNAY  18 record
2015-09-24 09:14:38,329 [6720] ERROR File LinQConnection ExecuteCommand : SELECT MAX(DOT)  FROM HOADON kh WHERE kh.NAM=2015 AND kh.KY=System.Web.UI.WebControls.DropDownList
2015-09-24 09:14:38,329 [6720] ERROR File LinQConnection ExecuteCommand : The multi-part identifier "System.Web.UI.WebControls.DropDownList" could not be bound.
2015-09-24 09:14:38,611 [6720] INFO  File CAPNHATSOLIEU_BAOCAO_SANLUONG_KYTRUOC  18 record
2015-09-24 09:14:39,037 [6720] INFO  File CAPNHATSOLIEU_BAOCAO_SANLUONG_KY_NAMTRUOC  18 record
2015-09-24 09:14:39,042 [6720] INFO  File CAPNHATSOLIEU_BAOCAO_SANLUONG_KY_NAMTRUOC  18 record
2015-09-24 09:14:39,066 [6720] INFO  File --------------------------------------------------------
2015-09-24 09:16:09,225 [7688] INFO  File --------------------------------------------------------
2015-09-24 09:16:09,600 [7688] INFO  File CAPNHATSOLIEU_BAOCAO_SANLUONG_KYNAY  18 record
2015-09-24 09:16:09,942 [7688] INFO  File CAPNHATSOLIEU_BAOCAO_SANLUONG_KYTRUOC  18 record
2015-09-24 09:16:10,349 [7688] INFO  File CAPNHATSOLIEU_BAOCAO_SANLUONG_KY_NAMTRUOC  18 record
2015-09-24 09:16:10,361 [7688] INFO  File CAPNHATSOLIEU_BAOCAO_SANLUONG_KY_NAMTRUOC  18 record
2015-09-24 09:16:10,399 [7688] INFO  File --------------------------------------------------------
2015-09-24 09:17:20,129 [4832] INFO  File --------------------------------------------------------
2015-09-24 09:17:20,379 [4832] INFO  File CAPNHATSOLIEU_BAOCAO_SANLUONG_KYNAY  18 record
2015-09-24 09:17:20,750 [4832] INFO  File CAPNHATSOLIEU_BAOCAO_SANLUONG_KYTRUOC  18 record
2015-09-24 09:17:21,145 [4832] INFO  File CAPNHATSOLIEU_BAOCAO_SANLUONG_KY_NAMTRUOC  18 record
2015-09-24 09:17:21,157 [4832] INFO  File CAPNHATSOLIEU_BAOCAO_SANLUONG_KY_NAMTRUOC  18 record
2015-09-24 09:17:21,168 [4832] INFO  File --------------------------------------------------------
2015-09-24 09:25:17,029 [5712] INFO  File --------------------------------------------------------
2015-09-24 09:25:17,315 [5712] INFO  File CAPNHATSOLIEU_BAOCAO_SANLUONG_KYNAY  18 record
2015-09-24 09:25:17,661 [5712] INFO  File CAPNHATSOLIEU_BAOCAO_SANLUONG_KYTRUOC  18 record
2015-09-24 09:25:18,057 [5712] INFO  File CAPNHATSOLIEU_BAOCAO_SANLUONG_KY_NAMTRUOC  18 record
2015-09-24 09:25:18,069 [5712] INFO  File CAPNHATSOLIEU_BAOCAO_SANLUONG_KY_NAMTRUOC  18 record
2015-09-24 09:25:18,114 [5712] INFO  File --------------------------------------------------------
2015-09-24 09:25:21,835 [184] INFO  File --------------------------------------------------------
2015-09-24 09:25:22,000 [184] INFO  File CAPNHATSOLIEU_BAOCAO_SANLUONG_KYNAY_DOT  11 record
2015-09-24 09:25:22,223 [184] INFO  File CAPNHATSOLIEU_BAOCAO_SANLUONG_KYTRUOC_DOT  11 record
2015-09-24 09:25:22,415 [184] INFO  File CAPNHATSOLIEU_BAOCAO_SANLUONG_KY_NAMTRUOC_DOT  11 record
2015-09-24 09:25:22,434 [184] INFO  File CAPNHATSOLIEU_BAOCAO_SANLUONG_KY_NAMTRUOC  11 record
2015-09-24 09:25:22,441 [184] INFO  File --------------------------------------------------------
2015-09-24 09:25:38,543 [184] INFO  File --------------------------------------------------------
2015-09-24 09:25:38,616 [184] INFO  File CAPNHAT_DHN_HH  94 record
2015-09-24 09:25:38,895 [184] INFO  File CAPNHATSOLIEU_BAOCAO_SANLUONG_KYNAY  94 record
2015-09-24 09:25:39,153 [184] INFO  File CAPNHATSOLIEU_BAOCAO_SANLUONG_KYTRUOC  94 record
2015-09-24 09:25:39,499 [184] INFO  File CAPNHATSOLIEU_BAOCAO_SANLUONG_KY_NAMTRUOC  94 record
2015-09-24 09:25:39,511 [184] INFO  File CAPNHATSOLIEU_BAOCAO_SANLUONG_KY_NAMTRUOC  95 record
2015-09-24 09:25:39,566 [184] INFO  File --------------------------------------------------------
2015-09-24 09:29:16,032 [7344] INFO  File --------------------------------------------------------
2015-09-24 09:29:16,331 [7344] INFO  File CAPNHATSOLIEU_BAOCAO_SANLUONG_KYNAY  18 record
2015-09-24 09:29:16,658 [7344] INFO  File CAPNHATSOLIEU_BAOCAO_SANLUONG_KYTRUOC  18 record
2015-09-24 09:29:17,041 [7344] INFO  File CAPNHATSOLIEU_BAOCAO_SANLUONG_KY_NAMTRUOC  18 record
2015-09-24 09:29:17,047 [7344] INFO  File CAPNHATSOLIEU_BAOCAO_SANLUONG_KY_NAMTRUOC  18 record
2015-09-24 09:29:17,080 [7344] INFO  File --------------------------------------------------------
2015-09-24 15:58:01,755 [5860] INFO  File --------------------------------------------------------
2015-09-24 15:58:02,213 [5860] INFO  File CAPNHAT_DHN_HH  94 record
2015-09-24 15:58:03,037 [5860] INFO  File CAPNHATSOLIEU_BAOCAO_SANLUONG_KYNAY  92 record
2015-09-24 15:58:04,215 [5860] INFO  File CAPNHATSOLIEU_BAOCAO_SANLUONG_KYTRUOC  94 record
2015-09-24 15:58:05,557 [5860] INFO  File CAPNHATSOLIEU_BAOCAO_SANLUONG_KY_NAMTRUOC  94 record
2015-09-24 15:58:05,565 [5860] INFO  File CAPNHATSOLIEU_BAOCAO_SANLUONG_KY_NAMTRUOC  95 record
2015-09-24 15:58:05,757 [5860] INFO  File --------------------------------------------------------
