2015-08-14 15:42:12,649 [6596] ERROR File LinQConnection getDataTableInvalid object name 'dbo.t_Data_Logger_20232_02'.
2015-08-14 16:21:34,826 [7660] ERROR File LinQConnection getDataTableIncorrect syntax near '12'.
2015-08-14 16:22:33,047 [7660] ERROR File LinQConnection getDataTableIncorrect syntax near '12'.
2015-08-27 10:28:58,423 [6896] INFO  File --------------------------------------------------------
2015-08-27 10:29:13,064 [6896] INFO  File CAPNHATSOLIEU_BAOCAO_SANLUONG_KYNAY  10 record
2015-08-27 10:29:21,983 [6896] INFO  File CAPNHATSOLIEU_BAOCAO_SANLUONG_KYTRUOC  10 record
2015-08-27 10:29:33,787 [6896] INFO  File CAPNHATSOLIEU_BAOCAO_SANLUONG_KY_NAMTRUOC  10 record
2015-08-27 10:29:33,798 [6896] INFO  File CAPNHATSOLIEU_BAOCAO_SANLUONG_KY_NAMTRUOC  10 record
2015-08-27 10:29:33,877 [6896] INFO  File --------------------------------------------------------
2015-08-27 10:31:57,446 [7096] INFO  File --------------------------------------------------------
2015-08-27 10:31:57,702 [7096] INFO  File CAPNHATSOLIEU_BAOCAO_SANLUONG_KYNAY  10 record
2015-08-27 10:31:57,945 [7096] INFO  File CAPNHATSOLIEU_BAOCAO_SANLUONG_KYTRUOC  10 record
2015-08-27 10:31:58,193 [7096] INFO  File CAPNHATSOLIEU_BAOCAO_SANLUONG_KY_NAMTRUOC  10 record
2015-08-27 10:31:58,202 [7096] INFO  File CAPNHATSOLIEU_BAOCAO_SANLUONG_KY_NAMTRUOC  10 record
2015-08-27 10:31:58,210 [7096] INFO  File --------------------------------------------------------
2015-08-27 10:32:17,786 [6896] INFO  File --------------------------------------------------------
2015-08-27 10:32:18,045 [6896] INFO  File CAPNHATSOLIEU_BAOCAO_SANLUONG_KYNAY  10 record
2015-08-27 10:40:28,681 [6896] INFO  File CAPNHATSOLIEU_BAOCAO_SANLUONG_KYTRUOC  10 record
2015-08-27 10:40:28,925 [6896] INFO  File CAPNHATSOLIEU_BAOCAO_SANLUONG_KY_NAMTRUOC  10 record
2015-08-27 10:40:28,928 [6896] INFO  File CAPNHATSOLIEU_BAOCAO_SANLUONG_KY_NAMTRUOC  10 record
2015-08-27 10:40:28,934 [6896] INFO  File --------------------------------------------------------
2015-09-24 09:00:18,137 [6688] INFO  File --------------------------------------------------------
2015-09-24 09:00:18,893 [6688] INFO  File CAPNHATSOLIEU_BAOCAO_SANLUONG_KYNAY  18 record
2015-09-24 09:00:19,163 [6688] INFO  File CAPNHATSOLIEU_BAOCAO_SANLUONG_KYTRUOC  18 record
2015-09-24 09:00:19,488 [6688] INFO  File CAPNHATSOLIEU_BAOCAO_SANLUONG_KY_NAMTRUOC  18 record
2015-09-24 09:00:19,523 [6688] INFO  File CAPNHATSOLIEU_BAOCAO_SANLUONG_KY_NAMTRUOC  44 record
2015-09-24 09:00:19,640 [6688] INFO  File --------------------------------------------------------
2015-09-24 09:01:21,869 [1000] INFO  File --------------------------------------------------------
2015-09-24 09:01:22,608 [1000] INFO  File CAPNHATSOLIEU_BAOCAO_SANLUONG_KYNAY  18 record
2015-09-24 09:01:22,890 [1000] INFO  File CAPNHATSOLIEU_BAOCAO_SANLUONG_KYTRUOC  18 record
2015-09-24 09:01:23,189 [1000] INFO  File CAPNHATSOLIEU_BAOCAO_SANLUONG_KY_NAMTRUOC  18 record
2015-09-24 09:01:23,204 [1000] INFO  File CAPNHATSOLIEU_BAOCAO_SANLUONG_KY_NAMTRUOC  18 record
2015-09-24 09:01:23,240 [1000] INFO  File --------------------------------------------------------
2015-09-24 09:12:33,577 [4820] INFO  File --------------------------------------------------------
2015-09-24 09:12:33,919 [4820] INFO  File CAPNHATSOLIEU_BAOCAO_SANLUONG_KYNAY  18 record
2015-09-24 09:12:34,143 [4820] ERROR File LinQConnection ExecuteCommand : SELECT MAX(DOT)  FROM HOADON kh WHERE kh.NAM=2015 AND kh.KY=System.Web.UI.WebControls.DropDownList
2015-09-24 09:12:34,143 [4820] ERROR File LinQConnection ExecuteCommand : The multi-part identifier "System.Web.UI.WebControls.DropDownList" could not be bound.
2015-09-24 09:12:34,393 [4820] INFO  File CAPNHATSOLIEU_BAOCAO_SANLUONG_KYTRUOC  18 record
2015-09-24 09:12:34,817 [4820] INFO  File CAPNHATSOLIEU_BAOCAO_SANLUONG_KY_NAMTRUOC  18 record
2015-09-24 09:12:34,833 [4820] INFO  File CAPNHATSOLIEU_BAOCAO_SANLUONG_KY_NAMTRUOC  18 record
2015-09-24 09:12:34,877 [4820] INFO  File --------------------------------------------------------
2015-09-24 09:14:31,062 [6720] INFO  File --------------------------------------------------------
2015-09-24 09:14:31,315 [6720] INFO  File CAPNHATSOLIEU_BAOCAO_SANLUONG_KYNAY  18 record
2015-09-24 09:14:38,329 [6720] ERROR File LinQConnection ExecuteCommand : SELECT MAX(DOT)  FROM HOADON kh WHERE kh.NAM=2015 AND kh.KY=System.Web.UI.WebControls.DropDownList
2015-09-24 09:14:38,329 [6720] ERROR File LinQConnection ExecuteCommand : The multi-part identifier "System.Web.UI.WebControls.DropDownList" could not be bound.
2015-09-24 09:14:38,611 [6720] INFO  File CAPNHATSOLIEU_BAOCAO_SANLUONG_KYTRUOC  18 record
2015-09-24 09:14:39,037 [6720] INFO  File CAPNHATSOLIEU_BAOCAO_SANLUONG_KY_NAMTRUOC  18 record
2015-09-24 09:14:39,042 [6720] INFO  File CAPNHATSOLIEU_BAOCAO_SANLUONG_KY_NAMTRUOC  18 record
2015-09-24 09:14:39,066 [6720] INFO  File --------------------------------------------------------
2015-09-24 09:16:09,225 [7688] INFO  File --------------------------------------------------------
2015-09-24 09:16:09,600 [7688] INFO  File CAPNHATSOLIEU_BAOCAO_SANLUONG_KYNAY  18 record
2015-09-24 09:16:09,942 [7688] INFO  File CAPNHATSOLIEU_BAOCAO_SANLUONG_KYTRUOC  18 record
2015-09-24 09:16:10,349 [7688] INFO  File CAPNHATSOLIEU_BAOCAO_SANLUONG_KY_NAMTRUOC  18 record
2015-09-24 09:16:10,361 [7688] INFO  File CAPNHATSOLIEU_BAOCAO_SANLUONG_KY_NAMTRUOC  18 record
2015-09-24 09:16:10,399 [7688] INFO  File --------------------------------------------------------
2015-09-24 09:17:20,129 [4832] INFO  File --------------------------------------------------------
2015-09-24 09:17:20,379 [4832] INFO  File CAPNHATSOLIEU_BAOCAO_SANLUONG_KYNAY  18 record
2015-09-24 09:17:20,750 [4832] INFO  File CAPNHATSOLIEU_BAOCAO_SANLUONG_KYTRUOC  18 record
2015-09-24 09:17:21,145 [4832] INFO  File CAPNHATSOLIEU_BAOCAO_SANLUONG_KY_NAMTRUOC  18 record
2015-09-24 09:17:21,157 [4832] INFO  File CAPNHATSOLIEU_BAOCAO_SANLUONG_KY_NAMTRUOC  18 record
2015-09-24 09:17:21,168 [4832] INFO  File --------------------------------------------------------
2015-09-24 09:25:17,029 [5712] INFO  File --------------------------------------------------------
2015-09-24 09:25:17,315 [5712] INFO  File CAPNHATSOLIEU_BAOCAO_SANLUONG_KYNAY  18 record
2015-09-24 09:25:17,661 [5712] INFO  File CAPNHATSOLIEU_BAOCAO_SANLUONG_KYTRUOC  18 record
2015-09-24 09:25:18,057 [5712] INFO  File CAPNHATSOLIEU_BAOCAO_SANLUONG_KY_NAMTRUOC  18 record
2015-09-24 09:25:18,069 [5712] INFO  File CAPNHATSOLIEU_BAOCAO_SANLUONG_KY_NAMTRUOC  18 record
2015-09-24 09:25:18,114 [5712] INFO  File --------------------------------------------------------
2015-09-24 09:25:21,835 [184] INFO  File --------------------------------------------------------
2015-09-24 09:25:22,000 [184] INFO  File CAPNHATSOLIEU_BAOCAO_SANLUONG_KYNAY_DOT  11 record
2015-09-24 09:25:22,223 [184] INFO  File CAPNHATSOLIEU_BAOCAO_SANLUONG_KYTRUOC_DOT  11 record
2015-09-24 09:25:22,415 [184] INFO  File CAPNHATSOLIEU_BAOCAO_SANLUONG_KY_NAMTRUOC_DOT  11 record
2015-09-24 09:25:22,434 [184] INFO  File CAPNHATSOLIEU_BAOCAO_SANLUONG_KY_NAMTRUOC  11 record
2015-09-24 09:25:22,441 [184] INFO  File --------------------------------------------------------
2015-09-24 09:25:38,543 [184] INFO  File --------------------------------------------------------
2015-09-24 09:25:38,616 [184] INFO  File CAPNHAT_DHN_HH  94 record
2015-09-24 09:25:38,895 [184] INFO  File CAPNHATSOLIEU_BAOCAO_SANLUONG_KYNAY  94 record
2015-09-24 09:25:39,153 [184] INFO  File CAPNHATSOLIEU_BAOCAO_SANLUONG_KYTRUOC  94 record
2015-09-24 09:25:39,499 [184] INFO  File CAPNHATSOLIEU_BAOCAO_SANLUONG_KY_NAMTRUOC  94 record
2015-09-24 09:25:39,511 [184] INFO  File CAPNHATSOLIEU_BAOCAO_SANLUONG_KY_NAMTRUOC  95 record
2015-09-24 09:25:39,566 [184] INFO  File --------------------------------------------------------
2015-09-24 09:29:16,032 [7344] INFO  File --------------------------------------------------------
2015-09-24 09:29:16,331 [7344] INFO  File CAPNHATSOLIEU_BAOCAO_SANLUONG_KYNAY  18 record
2015-09-24 09:29:16,658 [7344] INFO  File CAPNHATSOLIEU_BAOCAO_SANLUONG_KYTRUOC  18 record
2015-09-24 09:29:17,041 [7344] INFO  File CAPNHATSOLIEU_BAOCAO_SANLUONG_KY_NAMTRUOC  18 record
2015-09-24 09:29:17,047 [7344] INFO  File CAPNHATSOLIEU_BAOCAO_SANLUONG_KY_NAMTRUOC  18 record
2015-09-24 09:29:17,080 [7344] INFO  File --------------------------------------------------------
2015-09-24 15:58:01,755 [5860] INFO  File --------------------------------------------------------
2015-09-24 15:58:02,213 [5860] INFO  File CAPNHAT_DHN_HH  94 record
2015-09-24 15:58:03,037 [5860] INFO  File CAPNHATSOLIEU_BAOCAO_SANLUONG_KYNAY  92 record
2015-09-24 15:58:04,215 [5860] INFO  File CAPNHATSOLIEU_BAOCAO_SANLUONG_KYTRUOC  94 record
2015-09-24 15:58:05,557 [5860] INFO  File CAPNHATSOLIEU_BAOCAO_SANLUONG_KY_NAMTRUOC  94 record
2015-09-24 15:58:05,565 [5860] INFO  File CAPNHATSOLIEU_BAOCAO_SANLUONG_KY_NAMTRUOC  95 record
2015-09-24 15:58:05,757 [5860] INFO  File --------------------------------------------------------
2015-09-25 10:22:50,133 [4108] INFO  File --------------------------------------------------------
2015-09-25 10:22:50,762 [4108] INFO  File CAPNHATSOLIEU_BAOCAO_SANLUONG_KYNAY  18 record
2015-09-25 10:22:51,117 [4108] INFO  File CAPNHATSOLIEU_BAOCAO_SANLUONG_KYTRUOC  18 record
2015-09-25 10:22:51,541 [4108] INFO  File CAPNHATSOLIEU_BAOCAO_SANLUONG_KY_NAMTRUOC  18 record
2015-09-25 10:22:51,568 [4108] INFO  File CAPNHATSOLIEU_BAOCAO_SANLUONG_KY_NAMTRUOC  18 record
2015-09-25 10:22:51,616 [4108] INFO  File --------------------------------------------------------
2015-09-25 10:24:47,287 [4740] INFO  File --------------------------------------------------------
2015-09-25 10:24:47,630 [4740] INFO  File CAPNHATSOLIEU_BAOCAO_SANLUONG_KYNAY  18 record
2015-09-25 10:24:47,995 [4740] INFO  File CAPNHATSOLIEU_BAOCAO_SANLUONG_KYTRUOC  18 record
2015-09-25 10:24:48,420 [4740] INFO  File CAPNHATSOLIEU_BAOCAO_SANLUONG_KY_NAMTRUOC  18 record
2015-09-25 10:24:48,432 [4740] INFO  File CAPNHATSOLIEU_BAOCAO_SANLUONG_KY_NAMTRUOC  18 record
2015-09-25 10:24:48,473 [4740] INFO  File --------------------------------------------------------
2015-09-25 10:29:37,802 [4500] INFO  File --------------------------------------------------------
2015-09-25 10:29:38,111 [4500] INFO  File CAPNHATSOLIEU_BAOCAO_SANLUONG_KYNAY  18 record
2015-09-25 10:29:38,489 [4500] INFO  File CAPNHATSOLIEU_BAOCAO_SANLUONG_KYTRUOC  18 record
2015-09-25 10:29:39,004 [4500] INFO  File CAPNHATSOLIEU_BAOCAO_SANLUONG_KY_NAMTRUOC  18 record
2015-09-25 10:29:39,016 [4500] INFO  File CAPNHATSOLIEU_BAOCAO_SANLUONG_KY_NAMTRUOC  18 record
2015-09-25 10:29:39,058 [4500] INFO  File --------------------------------------------------------
2015-09-25 10:32:20,719 [4500] INFO  File --------------------------------------------------------
2015-09-25 10:32:21,004 [4500] INFO  File CAPNHATSOLIEU_BAOCAO_SANLUONG_KYNAY  18 record
2015-09-25 10:32:21,359 [4500] INFO  File CAPNHATSOLIEU_BAOCAO_SANLUONG_KYTRUOC  18 record
2015-09-25 10:32:21,772 [4500] INFO  File CAPNHATSOLIEU_BAOCAO_SANLUONG_KY_NAMTRUOC  18 record
2015-09-25 10:32:21,778 [4500] INFO  File CAPNHATSOLIEU_BAOCAO_SANLUONG_KY_NAMTRUOC  18 record
2015-09-25 10:32:21,839 [4500] INFO  File --------------------------------------------------------
2015-09-25 10:34:23,621 [544] INFO  File --------------------------------------------------------
2015-09-25 10:34:23,949 [544] INFO  File CAPNHATSOLIEU_BAOCAO_SANLUONG_KYNAY  18 record
2015-09-25 10:34:24,327 [544] INFO  File CAPNHATSOLIEU_BAOCAO_SANLUONG_KYTRUOC  18 record
2015-09-25 10:34:24,764 [544] INFO  File CAPNHATSOLIEU_BAOCAO_SANLUONG_KY_NAMTRUOC  18 record
2015-09-25 10:34:24,776 [544] INFO  File CAPNHATSOLIEU_BAOCAO_SANLUONG_KY_NAMTRUOC  18 record
2015-09-25 10:34:24,851 [544] INFO  File --------------------------------------------------------
2015-09-25 10:36:36,299 [6744] INFO  File --------------------------------------------------------
2015-09-25 10:36:36,638 [6744] INFO  File CAPNHATSOLIEU_BAOCAO_SANLUONG_KYNAY  18 record
2015-09-25 10:36:37,016 [6744] INFO  File CAPNHATSOLIEU_BAOCAO_SANLUONG_KYTRUOC  18 record
2015-09-25 10:36:37,438 [6744] INFO  File CAPNHATSOLIEU_BAOCAO_SANLUONG_KY_NAMTRUOC  18 record
2015-09-25 10:36:37,452 [6744] INFO  File CAPNHATSOLIEU_BAOCAO_SANLUONG_KY_NAMTRUOC  18 record
2015-09-25 10:36:37,511 [6744] INFO  File --------------------------------------------------------
2015-09-25 10:41:55,401 [5148] INFO  File --------------------------------------------------------
2015-09-25 10:41:56,012 [5148] INFO  File CAPNHATSOLIEU_BAOCAO_SANLUONG_KYNAY  18 record
2015-09-25 10:41:56,383 [5148] INFO  File CAPNHATSOLIEU_BAOCAO_SANLUONG_KYTRUOC  18 record
2015-09-25 10:41:56,818 [5148] INFO  File CAPNHATSOLIEU_BAOCAO_SANLUONG_KY_NAMTRUOC  18 record
2015-09-25 10:41:56,832 [5148] INFO  File CAPNHATSOLIEU_BAOCAO_SANLUONG_KY_NAMTRUOC  18 record
2015-09-25 10:41:56,868 [5148] INFO  File --------------------------------------------------------
2015-09-25 10:44:20,004 [6204] INFO  File --------------------------------------------------------
2015-09-25 10:44:20,338 [6204] INFO  File CAPNHATSOLIEU_BAOCAO_SANLUONG_KYNAY  18 record
2015-09-25 10:44:20,710 [6204] INFO  File CAPNHATSOLIEU_BAOCAO_SANLUONG_KYTRUOC  18 record
2015-09-25 10:44:21,135 [6204] INFO  File CAPNHATSOLIEU_BAOCAO_SANLUONG_KY_NAMTRUOC  18 record
2015-09-25 10:44:21,147 [6204] INFO  File CAPNHATSOLIEU_BAOCAO_SANLUONG_KY_NAMTRUOC  18 record
2015-09-25 10:44:21,176 [6204] INFO  File --------------------------------------------------------
2015-09-25 10:44:51,412 [7664] INFO  File --------------------------------------------------------
2015-09-25 10:44:51,701 [7664] INFO  File CAPNHATSOLIEU_BAOCAO_SANLUONG_KYNAY  18 record
2015-09-25 10:44:52,072 [7664] INFO  File CAPNHATSOLIEU_BAOCAO_SANLUONG_KYTRUOC  18 record
2015-09-25 10:44:52,496 [7664] INFO  File CAPNHATSOLIEU_BAOCAO_SANLUONG_KY_NAMTRUOC  18 record
2015-09-25 10:44:52,507 [7664] INFO  File CAPNHATSOLIEU_BAOCAO_SANLUONG_KY_NAMTRUOC  18 record
2015-09-25 10:44:52,516 [7664] INFO  File --------------------------------------------------------
2015-09-25 10:46:15,738 [4900] INFO  File --------------------------------------------------------
2015-09-25 10:46:16,059 [4900] INFO  File CAPNHATSOLIEU_BAOCAO_SANLUONG_KYNAY  18 record
2015-09-25 10:46:16,418 [4900] INFO  File CAPNHATSOLIEU_BAOCAO_SANLUONG_KYTRUOC  18 record
2015-09-25 10:46:16,819 [4900] INFO  File CAPNHATSOLIEU_BAOCAO_SANLUONG_KY_NAMTRUOC  18 record
2015-09-25 10:46:16,831 [4900] INFO  File CAPNHATSOLIEU_BAOCAO_SANLUONG_KY_NAMTRUOC  18 record
2015-09-25 10:46:16,871 [4900] INFO  File --------------------------------------------------------
2015-09-25 10:47:29,446 [1008] INFO  File --------------------------------------------------------
2015-09-25 10:47:29,757 [1008] INFO  File CAPNHATSOLIEU_BAOCAO_SANLUONG_KYNAY  18 record
2015-09-25 10:47:30,129 [1008] INFO  File CAPNHATSOLIEU_BAOCAO_SANLUONG_KYTRUOC  18 record
2015-09-25 10:47:30,554 [1008] INFO  File CAPNHATSOLIEU_BAOCAO_SANLUONG_KY_NAMTRUOC  18 record
2015-09-25 10:47:30,572 [1008] INFO  File CAPNHATSOLIEU_BAOCAO_SANLUONG_KY_NAMTRUOC  18 record
2015-09-25 10:47:30,611 [1008] INFO  File --------------------------------------------------------
2015-09-25 10:55:30,720 [6620] INFO  File --------------------------------------------------------
2015-09-25 10:55:31,008 [6620] INFO  File CAPNHATSOLIEU_BAOCAO_SANLUONG_KYNAY  18 record
2015-09-25 10:55:31,481 [6620] INFO  File CAPNHATSOLIEU_BAOCAO_SANLUONG_KYTRUOC  18 record
2015-09-25 10:55:31,900 [6620] INFO  File CAPNHATSOLIEU_BAOCAO_SANLUONG_KY_NAMTRUOC  18 record
2015-09-25 10:55:31,912 [6620] INFO  File CAPNHATSOLIEU_BAOCAO_SANLUONG_KY_NAMTRUOC  18 record
2015-09-25 10:55:31,939 [6620] INFO  File --------------------------------------------------------
2015-09-25 10:58:42,596 [4112] INFO  File --------------------------------------------------------
2015-09-25 10:58:42,901 [4112] INFO  File CAPNHATSOLIEU_BAOCAO_SANLUONG_KYNAY  18 record
2015-09-25 10:58:43,296 [4112] INFO  File CAPNHATSOLIEU_BAOCAO_SANLUONG_KYTRUOC  18 record
2015-09-25 10:58:43,810 [4112] INFO  File CAPNHATSOLIEU_BAOCAO_SANLUONG_KY_NAMTRUOC  18 record
2015-09-25 10:58:43,828 [4112] INFO  File CAPNHATSOLIEU_BAOCAO_SANLUONG_KY_NAMTRUOC  18 record
2015-09-25 10:58:43,870 [4112] INFO  File --------------------------------------------------------
2015-09-25 11:05:04,379 [6536] INFO  File --------------------------------------------------------
2015-09-25 11:05:12,720 [6536] INFO  File CAPNHATSOLIEU_BAOCAO_SANLUONG_KYNAY  18 record
2015-09-25 11:05:14,576 [6536] INFO  File CAPNHATSOLIEU_BAOCAO_SANLUONG_KYTRUOC  18 record
2015-09-25 11:05:36,081 [6536] INFO  File CAPNHATSOLIEU_BAOCAO_SANLUONG_KY_NAMTRUOC  18 record
2015-09-25 11:05:36,101 [6536] INFO  File CAPNHATSOLIEU_BAOCAO_SANLUONG_KY_NAMTRUOC  18 record
2015-09-25 11:05:36,132 [6536] INFO  File --------------------------------------------------------
2015-09-25 11:05:36,285 [1316] INFO  File --------------------------------------------------------
2015-09-25 11:05:36,572 [1316] INFO  File CAPNHATSOLIEU_BAOCAO_SANLUONG_KYNAY  18 record
2015-09-25 11:05:36,953 [1316] INFO  File CAPNHATSOLIEU_BAOCAO_SANLUONG_KYTRUOC  18 record
2015-09-25 11:05:37,383 [1316] INFO  File CAPNHATSOLIEU_BAOCAO_SANLUONG_KY_NAMTRUOC  18 record
2015-09-25 11:05:37,392 [1316] INFO  File CAPNHATSOLIEU_BAOCAO_SANLUONG_KY_NAMTRUOC  18 record
2015-09-25 11:05:37,398 [1316] INFO  File --------------------------------------------------------
2015-09-25 11:13:28,736 [2624] INFO  File --------------------------------------------------------
2015-09-25 11:13:29,042 [2624] INFO  File CAPNHATSOLIEU_BAOCAO_SANLUONG_KYNAY  18 record
2015-09-25 11:13:29,403 [2624] INFO  File CAPNHATSOLIEU_BAOCAO_SANLUONG_KYTRUOC  18 record
2015-09-25 11:13:29,798 [2624] INFO  File CAPNHATSOLIEU_BAOCAO_SANLUONG_KY_NAMTRUOC  18 record
2015-09-25 11:13:29,810 [2624] INFO  File CAPNHATSOLIEU_BAOCAO_SANLUONG_KY_NAMTRUOC  18 record
2015-09-25 11:13:29,841 [2624] INFO  File --------------------------------------------------------
2015-09-25 11:15:12,075 [2468] INFO  File --------------------------------------------------------
2015-09-25 11:15:12,367 [2468] INFO  File CAPNHATSOLIEU_BAOCAO_SANLUONG_KYNAY  18 record
2015-09-25 11:15:12,747 [2468] INFO  File CAPNHATSOLIEU_BAOCAO_SANLUONG_KYTRUOC  18 record
2015-09-25 11:15:13,247 [2468] INFO  File CAPNHATSOLIEU_BAOCAO_SANLUONG_KY_NAMTRUOC  18 record
2015-09-25 11:15:13,261 [2468] INFO  File CAPNHATSOLIEU_BAOCAO_SANLUONG_KY_NAMTRUOC  18 record
2015-09-25 11:15:13,305 [2468] INFO  File --------------------------------------------------------
2015-09-25 11:15:19,978 [6568] INFO  File --------------------------------------------------------
2015-09-25 11:15:20,235 [6568] INFO  File CAPNHATSOLIEU_BAOCAO_SANLUONG_KYNAY  18 record
2015-09-25 11:15:20,567 [6568] INFO  File CAPNHATSOLIEU_BAOCAO_SANLUONG_KYTRUOC  18 record
2015-09-25 11:15:20,980 [6568] INFO  File CAPNHATSOLIEU_BAOCAO_SANLUONG_KY_NAMTRUOC  18 record
2015-09-25 11:15:20,990 [6568] INFO  File CAPNHATSOLIEU_BAOCAO_SANLUONG_KY_NAMTRUOC  18 record
2015-09-25 11:15:20,997 [6568] INFO  File --------------------------------------------------------
2015-09-25 11:19:37,802 [7976] INFO  File --------------------------------------------------------
2015-09-25 11:19:38,363 [7976] INFO  File CAPNHATSOLIEU_BAOCAO_SANLUONG_KYNAY  18 record
2015-09-25 11:19:38,725 [7976] INFO  File CAPNHATSOLIEU_BAOCAO_SANLUONG_KYTRUOC  18 record
2015-09-25 11:19:39,147 [7976] INFO  File CAPNHATSOLIEU_BAOCAO_SANLUONG_KY_NAMTRUOC  18 record
2015-09-25 11:19:39,159 [7976] INFO  File CAPNHATSOLIEU_BAOCAO_SANLUONG_KY_NAMTRUOC  18 record
2015-09-25 11:19:39,429 [7976] INFO  File --------------------------------------------------------
2015-09-25 11:19:58,490 [3752] INFO  File --------------------------------------------------------
2015-09-25 11:19:58,746 [3752] INFO  File CAPNHATSOLIEU_BAOCAO_SANLUONG_KYNAY  9 record
2015-09-25 11:19:59,121 [3752] INFO  File CAPNHATSOLIEU_BAOCAO_SANLUONG_KYTRUOC  9 record
2015-09-25 11:19:59,461 [3752] INFO  File CAPNHATSOLIEU_BAOCAO_SANLUONG_KY_NAMTRUOC  9 record
2015-09-25 11:19:59,471 [3752] INFO  File CAPNHATSOLIEU_BAOCAO_SANLUONG_KY_NAMTRUOC  9 record
2015-09-25 11:19:59,488 [3752] INFO  File --------------------------------------------------------
2015-09-25 11:20:10,914 [1280] INFO  File --------------------------------------------------------
2015-09-25 11:20:11,165 [1280] INFO  File CAPNHATSOLIEU_BAOCAO_SANLUONG_KYNAY  9 record
2015-09-25 11:20:11,512 [1280] INFO  File CAPNHATSOLIEU_BAOCAO_SANLUONG_KYTRUOC  9 record
2015-09-25 11:20:11,845 [1280] INFO  File CAPNHATSOLIEU_BAOCAO_SANLUONG_KY_NAMTRUOC  9 record
2015-09-25 11:20:11,853 [1280] INFO  File CAPNHATSOLIEU_BAOCAO_SANLUONG_KY_NAMTRUOC  9 record
2015-09-25 11:20:11,862 [1280] INFO  File --------------------------------------------------------
2015-09-28 08:31:39,513 [7868] INFO  File --------------------------------------------------------
2015-09-28 08:31:40,163 [7868] INFO  File CAPNHATSOLIEU_BAOCAO_SANLUONG_KYNAY  18 record
2015-09-28 08:31:40,534 [7868] INFO  File CAPNHATSOLIEU_BAOCAO_SANLUONG_KYTRUOC  18 record
2015-09-28 08:31:40,917 [7868] INFO  File CAPNHATSOLIEU_BAOCAO_SANLUONG_KY_NAMTRUOC  18 record
2015-09-28 08:31:40,937 [7868] INFO  File CAPNHATSOLIEU_BAOCAO_SANLUONG_KY_NAMTRUOC  18 record
2015-09-28 08:31:41,008 [7868] INFO  File --------------------------------------------------------
2015-09-28 08:32:21,674 [7868] INFO  File --------------------------------------------------------
2015-09-28 08:32:21,957 [7868] INFO  File CAPNHATSOLIEU_BAOCAO_SANLUONG_KYNAY  9 record
2015-09-28 08:32:22,459 [7868] INFO  File CAPNHATSOLIEU_BAOCAO_SANLUONG_KYTRUOC  9 record
2015-09-28 08:32:22,944 [7868] INFO  File CAPNHATSOLIEU_BAOCAO_SANLUONG_KY_NAMTRUOC  9 record
2015-09-28 08:32:23,033 [7868] INFO  File CAPNHATSOLIEU_BAOCAO_SANLUONG_KY_NAMTRUOC  44 record
2015-09-28 08:32:23,112 [7868] INFO  File --------------------------------------------------------
2015-09-28 08:34:53,125 [4368] INFO  File --------------------------------------------------------
2015-09-28 08:34:53,450 [4368] INFO  File CAPNHATSOLIEU_BAOCAO_SANLUONG_KYNAY  9 record
2015-09-28 08:34:53,809 [4368] INFO  File CAPNHATSOLIEU_BAOCAO_SANLUONG_KYTRUOC  9 record
2015-09-28 08:34:54,186 [4368] INFO  File CAPNHATSOLIEU_BAOCAO_SANLUONG_KY_NAMTRUOC  9 record
2015-09-28 08:34:54,197 [4368] INFO  File CAPNHATSOLIEU_BAOCAO_SANLUONG_KY_NAMTRUOC  44 record
2015-09-28 08:35:17,132 [4368] INFO  File --------------------------------------------------------
2015-09-28 08:36:46,873 [6472] INFO  File --------------------------------------------------------
2015-09-28 08:36:47,194 [6472] INFO  File CAPNHATSOLIEU_BAOCAO_SANLUONG_KYNAY  9 record
2015-09-28 08:36:47,577 [6472] INFO  File CAPNHATSOLIEU_BAOCAO_SANLUONG_KYTRUOC  9 record
2015-09-28 08:36:48,038 [6472] INFO  File CAPNHATSOLIEU_BAOCAO_SANLUONG_KY_NAMTRUOC  9 record
2015-09-28 08:36:48,047 [6472] INFO  File CAPNHATSOLIEU_BAOCAO_SANLUONG_KY_NAMTRUOC  44 record
2015-09-28 08:36:48,070 [6472] INFO  File --------------------------------------------------------
2015-09-28 08:37:15,774 [6472] INFO  File --------------------------------------------------------
2015-09-28 08:37:20,368 [6472] INFO  File CAPNHATSOLIEU_BAOCAO_SANLUONG_KYNAY  9 record
2015-09-28 08:37:28,544 [6472] INFO  File CAPNHATSOLIEU_BAOCAO_SANLUONG_KYTRUOC  9 record
2015-09-28 08:37:29,482 [6472] INFO  File CAPNHATSOLIEU_BAOCAO_SANLUONG_KY_NAMTRUOC  9 record
2015-09-28 08:37:29,885 [6472] INFO  File CAPNHATSOLIEU_BAOCAO_SANLUONG_KY_NAMTRUOC  44 record
2015-09-28 08:37:39,647 [6472] INFO  File --------------------------------------------------------
2015-09-28 08:38:51,345 [7572] INFO  File --------------------------------------------------------
2015-09-28 08:38:51,664 [7572] INFO  File CAPNHATSOLIEU_BAOCAO_SANLUONG_KYNAY  18 record
2015-09-28 08:38:52,035 [7572] INFO  File CAPNHATSOLIEU_BAOCAO_SANLUONG_KYTRUOC  18 record
2015-09-28 08:38:52,389 [7572] INFO  File CAPNHATSOLIEU_BAOCAO_SANLUONG_KY_NAMTRUOC  18 record
2015-09-28 08:38:52,401 [7572] INFO  File CAPNHATSOLIEU_BAOCAO_SANLUONG_KY_NAMTRUOC  18 record
2015-09-28 08:38:52,442 [7572] INFO  File --------------------------------------------------------
2015-09-28 08:38:57,851 [3680] INFO  File --------------------------------------------------------
2015-09-28 08:39:01,128 [3680] INFO  File CAPNHATSOLIEU_BAOCAO_SANLUONG_KYNAY  9 record
2015-09-28 08:39:01,560 [3680] INFO  File CAPNHATSOLIEU_BAOCAO_SANLUONG_KYTRUOC  9 record
2015-09-28 08:39:01,954 [3680] INFO  File CAPNHATSOLIEU_BAOCAO_SANLUONG_KY_NAMTRUOC  9 record
2015-09-28 08:39:01,977 [3680] INFO  File CAPNHATSOLIEU_BAOCAO_SANLUONG_KY_NAMTRUOC  44 record
2015-09-28 08:39:01,987 [3680] INFO  File --------------------------------------------------------
2015-09-28 08:42:36,915 [5648] INFO  File --------------------------------------------------------
2015-09-28 08:42:37,275 [5648] INFO  File CAPNHATSOLIEU_BAOCAO_SANLUONG_KYNAY  9 record
2015-09-28 08:42:37,679 [5648] INFO  File CAPNHATSOLIEU_BAOCAO_SANLUONG_KYTRUOC  9 record
2015-09-28 08:42:38,089 [5648] INFO  File CAPNHATSOLIEU_BAOCAO_SANLUONG_KY_NAMTRUOC  9 record
2015-09-28 08:42:38,104 [5648] INFO  File CAPNHATSOLIEU_BAOCAO_SANLUONG_KY_NAMTRUOC  9 record
2015-09-28 08:42:38,150 [5648] INFO  File --------------------------------------------------------
2015-09-28 08:43:10,102 [7700] INFO  File --------------------------------------------------------
2015-09-28 08:43:10,443 [7700] INFO  File CAPNHATSOLIEU_BAOCAO_SANLUONG_KYNAY  27 record
2015-09-28 08:43:10,771 [7700] INFO  File CAPNHATSOLIEU_BAOCAO_SANLUONG_KYTRUOC  27 record
2015-09-28 08:43:11,078 [7700] INFO  File CAPNHATSOLIEU_BAOCAO_SANLUONG_KY_NAMTRUOC  27 record
2015-09-28 08:43:11,096 [7700] INFO  File CAPNHATSOLIEU_BAOCAO_SANLUONG_KY_NAMTRUOC  27 record
2015-09-28 08:43:11,112 [7700] INFO  File --------------------------------------------------------
2015-09-28 08:44:38,190 [6120] INFO  File --------------------------------------------------------
2015-09-28 08:44:38,514 [6120] INFO  File CAPNHATSOLIEU_BAOCAO_SANLUONG_KYNAY  9 record
2015-09-28 08:44:38,901 [6120] INFO  File CAPNHATSOLIEU_BAOCAO_SANLUONG_KYTRUOC  9 record
2015-09-28 08:44:39,294 [6120] INFO  File CAPNHATSOLIEU_BAOCAO_SANLUONG_KY_NAMTRUOC  9 record
2015-09-28 08:44:39,308 [6120] INFO  File CAPNHATSOLIEU_BAOCAO_SANLUONG_KY_NAMTRUOC  9 record
2015-09-28 08:44:39,318 [6120] INFO  File --------------------------------------------------------
2015-09-28 08:46:49,705 [4244] INFO  File --------------------------------------------------------
2015-09-28 08:46:50,035 [4244] INFO  File CAPNHATSOLIEU_BAOCAO_SANLUONG_KYNAY  18 record
2015-09-28 08:46:50,402 [4244] INFO  File CAPNHATSOLIEU_BAOCAO_SANLUONG_KYTRUOC  18 record
2015-09-28 08:46:50,787 [4244] INFO  File CAPNHATSOLIEU_BAOCAO_SANLUONG_KY_NAMTRUOC  18 record
2015-09-28 08:46:50,804 [4244] INFO  File CAPNHATSOLIEU_BAOCAO_SANLUONG_KY_NAMTRUOC  18 record
2015-09-28 08:46:50,847 [4244] INFO  File --------------------------------------------------------
2015-09-28 08:46:58,501 [4244] INFO  File --------------------------------------------------------
2015-09-28 08:46:58,800 [4244] INFO  File CAPNHATSOLIEU_BAOCAO_SANLUONG_KYNAY  9 record
2015-09-28 08:46:59,207 [4244] INFO  File CAPNHATSOLIEU_BAOCAO_SANLUONG_KYTRUOC  9 record
2015-09-28 08:46:59,802 [4244] INFO  File CAPNHATSOLIEU_BAOCAO_SANLUONG_KY_NAMTRUOC  9 record
2015-09-28 08:46:59,812 [4244] INFO  File CAPNHATSOLIEU_BAOCAO_SANLUONG_KY_NAMTRUOC  9 record
2015-09-28 08:46:59,820 [4244] INFO  File --------------------------------------------------------
2015-09-28 08:47:24,395 [5496] INFO  File --------------------------------------------------------
2015-09-28 08:47:24,685 [5496] INFO  File CAPNHATSOLIEU_BAOCAO_SANLUONG_KYNAY  27 record
2015-09-28 08:47:24,999 [5496] INFO  File CAPNHATSOLIEU_BAOCAO_SANLUONG_KYTRUOC  27 record
2015-09-28 08:47:25,266 [5496] INFO  File CAPNHATSOLIEU_BAOCAO_SANLUONG_KY_NAMTRUOC  27 record
2015-09-28 08:47:25,279 [5496] INFO  File CAPNHATSOLIEU_BAOCAO_SANLUONG_KY_NAMTRUOC  27 record
2015-09-28 08:47:25,290 [5496] INFO  File --------------------------------------------------------
2015-09-28 08:48:42,485 [4244] INFO  File --------------------------------------------------------
2015-09-28 08:48:42,781 [4244] INFO  File CAPNHATSOLIEU_BAOCAO_SANLUONG_KYNAY  18 record
2015-09-28 08:48:43,311 [4244] INFO  File CAPNHATSOLIEU_BAOCAO_SANLUONG_KYTRUOC  18 record
2015-09-28 08:48:43,820 [4244] INFO  File CAPNHATSOLIEU_BAOCAO_SANLUONG_KY_NAMTRUOC  18 record
2015-09-28 08:48:43,830 [4244] INFO  File CAPNHATSOLIEU_BAOCAO_SANLUONG_KY_NAMTRUOC  18 record
2015-09-28 08:48:43,838 [4244] INFO  File --------------------------------------------------------
2015-11-04 13:19:38,255 [2392] ERROR File LinQConnection getDataTableA network-related or instance-specific error occurred while establishing a connection to SQL Server. The server was not found or was not accessible. Verify that the instance name is correct and that SQL Server is configured to allow remote connections. (provider: SQL Network Interfaces, error: 26 - Error Locating Server/Instance Specified)
2016-01-04 08:34:22,354 [5352] INFO  File --------------------------------------------------------
2016-01-04 08:34:22,756 [5352] INFO  File RESET SO LIEU  4 record
2016-01-04 08:34:27,330 [5352] INFO  File CAPNHATSOLIEU_BAOCAO_SANLUONG_KYNAY  4 record
2016-01-04 08:34:29,828 [5352] INFO  File CAPNHATSOLIEU_BAOCAO_SANLUONG_KYTRUOC  4 record
2016-01-04 08:34:33,761 [5352] INFO  File CAPNHATSOLIEU_BAOCAO_SANLUONG_KY_NAMTRUOC  4 record
2016-01-04 08:34:33,767 [5352] INFO  File CAPNHATSOLIEU_BAOCAO_SANLUONG_KY_NAMTRUOC  4 record
2016-01-04 08:34:33,946 [5352] INFO  File --------------------------------------------------------
2016-01-04 08:34:53,466 [996] INFO  File --------------------------------------------------------
2016-01-04 08:34:53,471 [996] INFO  File RESET SO LIEU  4 record
2016-01-04 08:34:53,578 [996] INFO  File CAPNHATSOLIEU_BAOCAO_SANLUONG_KYNAY  4 record
2016-01-04 08:34:53,707 [996] INFO  File CAPNHATSOLIEU_BAOCAO_SANLUONG_KYTRUOC  4 record
2016-01-04 08:34:53,812 [996] INFO  File CAPNHATSOLIEU_BAOCAO_SANLUONG_KY_NAMTRUOC  4 record
2016-01-04 08:34:53,819 [996] INFO  File CAPNHATSOLIEU_BAOCAO_SANLUONG_KY_NAMTRUOC  4 record
2016-01-04 08:34:53,826 [996] INFO  File --------------------------------------------------------
2016-01-04 08:35:07,399 [996] INFO  File --------------------------------------------------------
2016-01-04 08:35:07,413 [996] INFO  File RESET SO LIEU  4 record
2016-01-04 08:35:07,519 [996] INFO  File CAPNHATSOLIEU_BAOCAO_SANLUONG_KYNAY  4 record
2016-01-04 08:35:07,651 [996] INFO  File CAPNHATSOLIEU_BAOCAO_SANLUONG_KYTRUOC  4 record
2016-01-04 08:35:07,763 [996] INFO  File CAPNHATSOLIEU_BAOCAO_SANLUONG_KY_NAMTRUOC  4 record
2016-01-04 08:35:07,781 [996] INFO  File CAPNHATSOLIEU_BAOCAO_SANLUONG_KY_NAMTRUOC  4 record
2016-01-04 08:35:07,786 [996] INFO  File --------------------------------------------------------
2016-01-04 08:35:16,848 [996] INFO  File --------------------------------------------------------
2016-01-04 08:35:17,186 [996] INFO  File CAPNHATSOLIEU_BAOCAO_SANLUONG_KYNAY  27 record
2016-01-04 08:35:17,473 [996] INFO  File CAPNHATSOLIEU_BAOCAO_SANLUONG_KYTRUOC  27 record
2016-01-04 08:35:17,779 [996] INFO  File CAPNHATSOLIEU_BAOCAO_SANLUONG_KY_NAMTRUOC  27 record
2016-01-04 08:35:17,790 [996] INFO  File CAPNHATSOLIEU_BAOCAO_SANLUONG_KY_NAMTRUOC  27 record
2016-01-04 08:35:17,840 [996] INFO  File --------------------------------------------------------
2016-01-04 08:35:24,907 [7192] INFO  File --------------------------------------------------------
2016-01-04 08:35:25,170 [7192] INFO  File CAPNHATSOLIEU_BAOCAO_SANLUONG_KYNAY  19 record
2016-01-04 08:35:25,540 [7192] INFO  File CAPNHATSOLIEU_BAOCAO_SANLUONG_KYTRUOC  19 record
2016-01-04 08:35:25,944 [7192] INFO  File CAPNHATSOLIEU_BAOCAO_SANLUONG_KY_NAMTRUOC  18 record
2016-01-04 08:35:25,964 [7192] INFO  File CAPNHATSOLIEU_BAOCAO_SANLUONG_KY_NAMTRUOC  19 record
2016-01-04 08:35:25,969 [7192] INFO  File --------------------------------------------------------
2016-01-04 08:35:33,355 [996] INFO  File --------------------------------------------------------
2016-01-04 08:35:33,663 [996] INFO  File CAPNHATSOLIEU_BAOCAO_SANLUONG_KYNAY  9 record
2016-01-04 08:35:34,045 [996] INFO  File CAPNHATSOLIEU_BAOCAO_SANLUONG_KYTRUOC  9 record
2016-01-04 08:35:34,468 [996] INFO  File CAPNHATSOLIEU_BAOCAO_SANLUONG_KY_NAMTRUOC  9 record
2016-01-04 08:35:34,481 [996] INFO  File CAPNHATSOLIEU_BAOCAO_SANLUONG_KY_NAMTRUOC  9 record
2016-01-04 08:35:34,487 [996] INFO  File --------------------------------------------------------
2016-01-04 08:44:05,103 [212] INFO  File --------------------------------------------------------
2016-01-04 08:44:05,316 [212] INFO  File CAPNHATSOLIEU_BAOCAO_SANLUONG_KYNAY  0 record
2016-01-04 08:44:05,623 [212] INFO  File CAPNHATSOLIEU_BAOCAO_SANLUONG_KYTRUOC  0 record
2016-01-04 08:44:05,940 [212] INFO  File CAPNHATSOLIEU_BAOCAO_SANLUONG_KY_NAMTRUOC  0 record
2016-01-04 08:44:05,949 [212] INFO  File CAPNHATSOLIEU_BAOCAO_SANLUONG_KY_NAMTRUOC  0 record
2016-01-04 08:44:05,969 [212] INFO  File --------------------------------------------------------
2016-01-04 08:44:12,829 [212] INFO  File --------------------------------------------------------
2016-01-04 08:44:13,113 [212] INFO  File CAPNHATSOLIEU_BAOCAO_SANLUONG_KYNAY  27 record
2016-01-04 08:44:13,393 [212] INFO  File CAPNHATSOLIEU_BAOCAO_SANLUONG_KYTRUOC  27 record
2016-01-04 08:44:13,704 [212] INFO  File CAPNHATSOLIEU_BAOCAO_SANLUONG_KY_NAMTRUOC  27 record
2016-01-04 08:44:13,722 [212] INFO  File CAPNHATSOLIEU_BAOCAO_SANLUONG_KY_NAMTRUOC  27 record
2016-01-04 08:44:13,822 [212] INFO  File --------------------------------------------------------
2016-01-04 08:53:47,972 [6932] INFO  File --------------------------------------------------------
2016-01-04 08:53:48,408 [6932] INFO  File CAPNHATSOLIEU_BAOCAO_SANLUONG_KYNAY  19 record
2016-01-04 08:53:48,958 [6932] INFO  File CAPNHATSOLIEU_BAOCAO_SANLUONG_KYTRUOC  19 record
2016-01-04 08:53:49,639 [6932] INFO  File CAPNHATSOLIEU_BAOCAO_SANLUONG_KY_NAMTRUOC  18 record
2016-01-04 08:53:49,650 [6932] INFO  File CAPNHATSOLIEU_BAOCAO_SANLUONG_KY_NAMTRUOC  19 record
2016-01-04 08:53:49,679 [6932] INFO  File --------------------------------------------------------
2016-01-04 08:55:13,570 [6932] INFO  File --------------------------------------------------------
2016-01-04 08:55:13,903 [6932] INFO  File CAPNHATSOLIEU_BAOCAO_SANLUONG_KYNAY  9 record
2016-01-04 08:55:14,304 [6932] INFO  File CAPNHATSOLIEU_BAOCAO_SANLUONG_KYTRUOC  9 record
2016-01-04 08:55:14,866 [6932] INFO  File CAPNHATSOLIEU_BAOCAO_SANLUONG_KY_NAMTRUOC  9 record
2016-01-04 08:55:14,878 [6932] INFO  File CAPNHATSOLIEU_BAOCAO_SANLUONG_KY_NAMTRUOC  9 record
2016-01-04 08:55:14,885 [6932] INFO  File --------------------------------------------------------
2016-01-04 08:55:47,268 [6772] INFO  File --------------------------------------------------------
2016-01-04 08:55:47,280 [6772] INFO  File RESET SO LIEU  4 record
2016-01-04 08:55:47,397 [6772] INFO  File CAPNHATSOLIEU_BAOCAO_SANLUONG_KYNAY  4 record
2016-01-04 08:55:47,537 [6772] INFO  File CAPNHATSOLIEU_BAOCAO_SANLUONG_KYTRUOC  4 record
2016-01-04 08:55:47,646 [6772] INFO  File CAPNHATSOLIEU_BAOCAO_SANLUONG_KY_NAMTRUOC  4 record
2016-01-04 08:55:47,651 [6772] INFO  File CAPNHATSOLIEU_BAOCAO_SANLUONG_KY_NAMTRUOC  4 record
2016-01-04 08:55:47,661 [6772] INFO  File --------------------------------------------------------
2016-01-04 08:56:22,401 [1584] INFO  File --------------------------------------------------------
2016-01-04 08:56:22,761 [1584] INFO  File CAPNHATSOLIEU_BAOCAO_SANLUONG_KYNAY  27 record
2016-01-04 08:56:23,090 [1584] INFO  File CAPNHATSOLIEU_BAOCAO_SANLUONG_KYTRUOC  27 record
2016-01-04 08:56:23,353 [1584] INFO  File CAPNHATSOLIEU_BAOCAO_SANLUONG_KY_NAMTRUOC  27 record
2016-01-04 08:56:23,366 [1584] INFO  File CAPNHATSOLIEU_BAOCAO_SANLUONG_KY_NAMTRUOC  27 record
2016-01-04 08:56:23,377 [1584] INFO  File --------------------------------------------------------
2016-01-04 08:58:49,203 [5028] INFO  File --------------------------------------------------------
2016-01-04 08:58:49,230 [5028] INFO  File RESET SO LIEU  4 record
2016-01-04 08:58:49,272 [5028] INFO  File CAPNHATSOLIEU_BAOCAO_SANLUONG_KYNAY  4 record
2016-01-04 08:58:49,399 [5028] INFO  File CAPNHATSOLIEU_BAOCAO_SANLUONG_KYTRUOC  4 record
2016-01-04 08:58:49,538 [5028] INFO  File CAPNHATSOLIEU_BAOCAO_SANLUONG_KY_NAMTRUOC  4 record
2016-01-04 08:58:49,545 [5028] INFO  File CAPNHATSOLIEU_BAOCAO_SANLUONG_KY_NAMTRUOC  4 record
2016-01-04 08:58:49,577 [5028] INFO  File --------------------------------------------------------
2016-01-04 08:59:51,320 [2868] INFO  File --------------------------------------------------------
2016-01-04 08:59:51,329 [2868] INFO  File RESET SO LIEU  4 record
2016-01-04 08:59:51,450 [2868] INFO  File CAPNHATSOLIEU_BAOCAO_SANLUONG_KYNAY  4 record
2016-01-04 08:59:51,586 [2868] INFO  File CAPNHATSOLIEU_BAOCAO_SANLUONG_KYTRUOC  4 record
2016-01-04 08:59:51,701 [2868] INFO  File CAPNHATSOLIEU_BAOCAO_SANLUONG_KY_NAMTRUOC  4 record
2016-01-04 08:59:51,708 [2868] INFO  File CAPNHATSOLIEU_BAOCAO_SANLUONG_KY_NAMTRUOC  4 record
2016-01-04 08:59:51,715 [2868] INFO  File --------------------------------------------------------
2016-01-04 08:59:51,847 [6708] INFO  File --------------------------------------------------------
2016-01-04 08:59:51,855 [6708] INFO  File RESET SO LIEU  4 record
2016-01-04 08:59:51,971 [6708] INFO  File CAPNHATSOLIEU_BAOCAO_SANLUONG_KYNAY  4 record
2016-01-04 08:59:52,128 [6708] INFO  File CAPNHATSOLIEU_BAOCAO_SANLUONG_KYTRUOC  4 record
2016-01-04 08:59:52,238 [6708] INFO  File CAPNHATSOLIEU_BAOCAO_SANLUONG_KY_NAMTRUOC  4 record
2016-01-04 08:59:52,244 [6708] INFO  File CAPNHATSOLIEU_BAOCAO_SANLUONG_KY_NAMTRUOC  4 record
2016-01-04 08:59:52,252 [6708] INFO  File --------------------------------------------------------
2016-01-04 08:59:53,885 [3680] INFO  File --------------------------------------------------------
2016-01-04 08:59:53,890 [3680] INFO  File RESET SO LIEU  4 record
2016-01-04 08:59:53,999 [3680] INFO  File CAPNHATSOLIEU_BAOCAO_SANLUONG_KYNAY  4 record
2016-01-04 08:59:54,131 [3680] INFO  File CAPNHATSOLIEU_BAOCAO_SANLUONG_KYTRUOC  4 record
2016-01-04 08:59:54,237 [3680] INFO  File CAPNHATSOLIEU_BAOCAO_SANLUONG_KY_NAMTRUOC  4 record
2016-01-04 08:59:54,245 [3680] INFO  File CAPNHATSOLIEU_BAOCAO_SANLUONG_KY_NAMTRUOC  4 record
2016-01-04 08:59:54,249 [3680] INFO  File --------------------------------------------------------
2016-01-04 09:00:12,365 [6960] INFO  File --------------------------------------------------------
2016-01-04 09:00:12,370 [6960] INFO  File RESET SO LIEU  4 record
2016-01-04 09:00:12,487 [6960] INFO  File CAPNHATSOLIEU_BAOCAO_SANLUONG_KYNAY  4 record
2016-01-04 09:00:12,606 [6960] INFO  File CAPNHATSOLIEU_BAOCAO_SANLUONG_KYTRUOC  4 record
2016-01-04 09:00:12,727 [6960] INFO  File CAPNHATSOLIEU_BAOCAO_SANLUONG_KY_NAMTRUOC  4 record
2016-01-04 09:00:12,735 [6960] INFO  File CAPNHATSOLIEU_BAOCAO_SANLUONG_KY_NAMTRUOC  4 record
2016-01-04 09:00:12,744 [6960] INFO  File --------------------------------------------------------
2016-01-04 09:03:49,178 [5808] INFO  File --------------------------------------------------------
2016-01-04 09:03:49,225 [5808] INFO  File RESET SO LIEU  4 record
2016-01-04 09:03:49,477 [5808] INFO  File CAPNHATSOLIEU_BAOCAO_SANLUONG_KYNAY  4 record
2016-01-04 09:03:49,629 [5808] INFO  File CAPNHATSOLIEU_BAOCAO_SANLUONG_KYTRUOC  4 record
2016-01-04 09:03:49,835 [5808] INFO  File CAPNHATSOLIEU_BAOCAO_SANLUONG_KY_NAMTRUOC  4 record
2016-01-04 09:03:49,852 [5808] INFO  File CAPNHATSOLIEU_BAOCAO_SANLUONG_KY_NAMTRUOC  4 record
2016-01-04 09:03:49,920 [5808] INFO  File --------------------------------------------------------
2016-01-04 09:05:02,264 [5808] INFO  File --------------------------------------------------------
2016-01-04 09:05:02,269 [5808] INFO  File RESET SO LIEU  4 record
2016-01-04 09:05:02,512 [5808] INFO  File CAPNHATSOLIEU_BAOCAO_SANLUONG_KYNAY  4 record
2016-01-04 09:05:02,641 [5808] INFO  File CAPNHATSOLIEU_BAOCAO_SANLUONG_KYTRUOC  4 record
2016-01-04 09:05:02,759 [5808] INFO  File CAPNHATSOLIEU_BAOCAO_SANLUONG_KY_NAMTRUOC  4 record
2016-01-04 09:05:02,767 [5808] INFO  File CAPNHATSOLIEU_BAOCAO_SANLUONG_KY_NAMTRUOC  4 record
2016-01-04 09:05:02,777 [5808] INFO  File --------------------------------------------------------
2016-02-24 10:11:54,967 [1120] ERROR File OleDbConnection getDataTableJoin expression not supported.
2016-02-24 10:11:55,050 [1120] ERROR File OleDbConnection getDataTableJoin expression not supported.
2016-02-24 10:13:06,320 [6348] ERROR File OleDbConnection getDataTableJoin expression not supported.
2016-02-24 10:13:06,373 [6348] ERROR File OleDbConnection getDataTableJoin expression not supported.
2016-02-24 10:13:10,888 [1256] ERROR File OleDbConnection getDataTableNo value given for one or more required parameters.
2016-02-24 10:13:10,938 [1256] ERROR File OleDbConnection getDataTableNo value given for one or more required parameters.
2016-02-24 10:13:14,750 [1256] ERROR File OleDbConnection getDataTableJoin expression not supported.
2016-02-24 10:13:14,807 [1256] ERROR File OleDbConnection getDataTableJoin expression not supported.
2016-02-24 10:13:20,568 [6348] ERROR File OleDbConnection getDataTableJoin expression not supported.
2016-02-24 10:13:20,624 [6348] ERROR File OleDbConnection getDataTableJoin expression not supported.
2016-02-24 10:15:30,417 [6932] ERROR File OleDbConnection getDataTableJoin expression not supported.
2016-02-24 10:15:30,449 [6932] ERROR File OleDbConnection getDataTableJoin expression not supported.
2016-03-14 10:11:10,321 [7332] ERROR File LinQConnection getDataTableIncorrect syntax near ')'.
2016-03-14 10:11:15,128 [7332] ERROR File LinQConnection getDataTableIncorrect syntax near ')'.
2016-03-14 10:11:16,846 [7332] ERROR File LinQConnection getDataTableIncorrect syntax near ')'.
2016-03-14 10:11:18,197 [7332] ERROR File LinQConnection getDataTableIncorrect syntax near ')'.
2016-03-14 10:20:12,434 [6012] ERROR File LinQConnection getDataTableIncorrect syntax near ')'.
2016-03-14 10:20:48,821 [5340] ERROR File LinQConnection getDataTableIncorrect syntax near ')'.
2016-03-14 10:21:18,035 [3040] ERROR File LinQConnection getDataTableIncorrect syntax near ')'.
2016-03-14 10:21:46,411 [3040] ERROR File LinQConnection getDataTableIncorrect syntax near ')'.
2016-03-14 10:22:22,532 [5340] ERROR File LinQConnection getDataTableIncorrect syntax near ')'.
2016-03-14 10:25:02,751 [7332] ERROR File LinQConnection getDataTableIncorrect syntax near ')'.
2016-03-14 10:26:33,379 [7332] ERROR File LinQConnection getDataTableIncorrect syntax near ')'.
2016-03-14 10:27:27,528 [1196] ERROR File LinQConnection getDataTableIncorrect syntax near ')'.
2016-03-14 10:29:16,490 [1196] ERROR File LinQConnection getDataTableIncorrect syntax near ')'.
2016-03-14 10:29:22,479 [6692] ERROR File LinQConnection getDataTableIncorrect syntax near ')'.
2016-03-14 10:29:27,677 [6692] ERROR File LinQConnection getDataTableIncorrect syntax near ')'.
2016-03-14 10:30:35,055 [8040] ERROR File LinQConnection getDataTableIncorrect syntax near ')'.
2016-03-14 10:41:22,238 [6568] ERROR File LinQConnection getDataTableIncorrect syntax near ')'.
2016-03-14 10:42:46,071 [6692] ERROR File LinQConnection getDataTableIncorrect syntax near ')'.
2016-03-14 10:44:36,795 [2360] ERROR File LinQConnection getDataTableIncorrect syntax near ')'.
2016-03-14 10:45:25,354 [6524] ERROR File LinQConnection getDataTableIncorrect syntax near ')'.
2016-03-14 10:45:55,561 [4788] ERROR File LinQConnection getDataTableIncorrect syntax near ')'.
2016-03-14 10:45:56,901 [7432] ERROR File LinQConnection getDataTableIncorrect syntax near ')'.
2016-03-14 10:45:58,038 [6524] ERROR File LinQConnection getDataTableIncorrect syntax near ')'.
2016-03-14 10:45:59,278 [4788] ERROR File LinQConnection getDataTableIncorrect syntax near ')'.
2016-03-14 10:46:00,593 [6416] ERROR File LinQConnection getDataTableIncorrect syntax near ')'.
2016-03-14 10:46:50,963 [2480] ERROR File LinQConnection getDataTableIncorrect syntax near ')'.
2016-03-14 10:47:43,395 [2480] ERROR File LinQConnection getDataTableIncorrect syntax near ')'.
2016-03-14 10:47:45,685 [8032] ERROR File LinQConnection getDataTableIncorrect syntax near ')'.
2016-03-14 10:47:47,273 [2480] ERROR File LinQConnection getDataTableIncorrect syntax near ')'.
2016-03-14 10:48:35,693 [2480] ERROR File LinQConnection getDataTableIncorrect syntax near ')'.
2016-03-14 10:49:19,286 [4872] ERROR File LinQConnection getDataTableIncorrect syntax near ')'.
2016-03-14 10:49:43,419 [4212] ERROR File LinQConnection getDataTableIncorrect syntax near ')'.
2016-03-14 10:49:49,007 [4212] ERROR File LinQConnection getDataTableIncorrect syntax near ')'.
2016-03-14 12:49:59,551 [6192] ERROR File LinQConnection getDataTableViolation of PRIMARY KEY constraint 'FK_KIEMPHIEU'. Cannot insert duplicate key in object 'dbo.KIEMPHIEU'.
The statement has been terminated.
2016-03-14 13:20:07,439 [7664] ERROR File LinQConnection getDataTableViolation of PRIMARY KEY constraint 'FK_KIEMPHIEU'. Cannot insert duplicate key in object 'dbo.KIEMPHIEU'.
The statement has been terminated.
2016-03-14 13:25:16,158 [7204] ERROR File LinQConnection getDataTableViolation of PRIMARY KEY constraint 'FK_KIEMPHIEU'. Cannot insert duplicate key in object 'dbo.KIEMPHIEU'.
The statement has been terminated.
2016-03-14 13:25:42,564 [6576] ERROR File LinQConnection getDataTableViolation of PRIMARY KEY constraint 'FK_KIEMPHIEU'. Cannot insert duplicate key in object 'dbo.KIEMPHIEU'.
The statement has been terminated.
2016-03-14 13:26:54,175 [7204] ERROR File LinQConnection getDataTableViolation of PRIMARY KEY constraint 'FK_KIEMPHIEU'. Cannot insert duplicate key in object 'dbo.KIEMPHIEU'.
The statement has been terminated.
2016-03-15 09:07:00,310 [664] ERROR File LinQConnection getDataTableViolation of PRIMARY KEY constraint 'FK_KIEMPHIEU'. Cannot insert duplicate key in object 'dbo.KIEMPHIEU'.
The statement has been terminated.
2016-03-15 09:09:41,498 [6676] ERROR File LinQConnection getDataTableViolation of PRIMARY KEY constraint 'FK_KIEMPHIEU'. Cannot insert duplicate key in object 'dbo.KIEMPHIEU'.
The statement has been terminated.
2016-03-15 09:09:42,028 [664] ERROR File LinQConnection getDataTableViolation of PRIMARY KEY constraint 'FK_KIEMPHIEU'. Cannot insert duplicate key in object 'dbo.KIEMPHIEU'.
The statement has been terminated.
2016-03-15 13:54:48,436 [6848] ERROR File LinQConnection getDataTableInvalid object name 'BIEUQUYET'.
2016-03-15 13:55:45,478 [7136] ERROR File LinQConnection getDataTableViolation of PRIMARY KEY constraint 'FK_BIEUQUYET'. Cannot insert duplicate key in object 'dbo.BIEUQUYET'.
The statement has been terminated.
2016-03-15 14:46:30,913 [212] ERROR File LinQConnection getDataTableViolation of PRIMARY KEY constraint 'FK_BIEUQUYET'. Cannot insert duplicate key in object 'dbo.BIEUQUYET'.
The statement has been terminated.
2016-03-15 14:47:08,221 [7152] ERROR File LinQConnection getDataTableViolation of PRIMARY KEY constraint 'FK_BIEUQUYET'. Cannot insert duplicate key in object 'dbo.BIEUQUYET'.
The statement has been terminated.
2016-03-15 15:28:51,810 [2808] ERROR File LinQConnection getDataTableViolation of PRIMARY KEY constraint 'FK_BIEUQUYET'. Cannot insert duplicate key in object 'dbo.BIEUQUYET'.
The statement has been terminated.
2016-03-15 16:39:12,600 [7268] ERROR File LinQConnection getDataTableViolation of PRIMARY KEY constraint 'PK__DSCODONG__603F182A0DAF0CB0'. Cannot insert duplicate key in object 'dbo.DSCODONG_THAMDU'.
The statement has been terminated.
2016-03-16 07:51:24,584 [5896] ERROR File LinQConnection getDataTableExecuteReader: CommandText property has not been initialized
2016-03-16 07:57:32,761 [6400] ERROR File LinQConnection getDataTableProcedure ttt has no parameters and arguments were supplied.
2016-03-16 07:57:36,852 [4852] ERROR File LinQConnection getDataTableProcedure ttt has no parameters and arguments were supplied.
2016-03-16 07:57:38,460 [4852] ERROR File LinQConnection getDataTableProcedure ttt has no parameters and arguments were supplied.
2016-03-16 07:57:40,537 [6052] ERROR File LinQConnection getDataTableProcedure ttt has no parameters and arguments were supplied.
2016-03-16 07:57:41,950 [4852] ERROR File LinQConnection getDataTableProcedure ttt has no parameters and arguments were supplied.
2016-03-16 07:57:49,973 [4852] ERROR File LinQConnection getDataTableProcedure ttt has no parameters and arguments were supplied.
2016-03-16 07:57:51,226 [5304] ERROR File LinQConnection getDataTableProcedure ttt has no parameters and arguments were supplied.
2016-03-16 07:57:52,819 [6400] ERROR File LinQConnection getDataTableProcedure ttt has no parameters and arguments were supplied.
2016-03-16 07:58:15,002 [6400] ERROR File LinQConnection getDataTableProcedure ttt has no parameters and arguments were supplied.
2016-03-16 07:58:33,498 [7564] ERROR File LinQConnection getDataTableProcedure ttt has no parameters and arguments were supplied.
2016-03-16 07:58:40,420 [4852] ERROR File LinQConnection getDataTableProcedure ttt has no parameters and arguments were supplied.
2016-03-16 07:58:57,696 [7564] ERROR File LinQConnection getDataTableProcedure ttt has no parameters and arguments were supplied.
2016-03-16 07:59:32,610 [7564] ERROR File LinQConnection getDataTableProcedure ttt has no parameters and arguments were supplied.
2016-03-16 07:59:51,848 [7240] ERROR File LinQConnection getDataTableProcedure ttt has no parameters and arguments were supplied.
2016-03-16 08:00:13,256 [7240] ERROR File LinQConnection getDataTableProcedure ttt has no parameters and arguments were supplied.
2016-03-16 08:18:53,047 [924] ERROR File LinQConnection getDataTableError converting data type varchar to float.
2016-03-16 08:18:58,317 [3856] ERROR File LinQConnection getDataTableError converting data type varchar to float.
2016-03-16 08:18:59,288 [7948] ERROR File LinQConnection getDataTableError converting data type varchar to float.
2016-03-16 08:19:02,047 [7000] ERROR File LinQConnection getDataTableError converting data type varchar to float.
2016-03-16 08:19:48,281 [1964] ERROR File LinQConnection getDataTableError converting data type varchar to float.
2016-03-16 08:19:49,779 [7076] ERROR File LinQConnection getDataTableError converting data type varchar to float.
2016-03-16 08:19:52,610 [2200] ERROR File LinQConnection getDataTableError converting data type varchar to float.
2016-03-16 08:19:53,648 [2200] ERROR File LinQConnection getDataTableError converting data type varchar to float.
2016-03-16 08:26:31,140 [6264] ERROR File LinQConnection getDataTableError converting data type varchar to float.
2016-03-16 08:26:34,354 [7652] ERROR File LinQConnection getDataTableError converting data type varchar to float.
2016-03-16 08:26:35,358 [1312] ERROR File LinQConnection getDataTableError converting data type varchar to float.
2016-03-16 08:30:18,042 [1480] ERROR File LinQConnection getDataTableViolation of PRIMARY KEY constraint 'FK_BIEUQUYET'. Cannot insert duplicate key in object 'dbo.BIEUQUYET'.
The statement has been terminated.
2016-03-16 08:30:26,869 [1480] ERROR File LinQConnection getDataTableViolation of PRIMARY KEY constraint 'FK_BIEUQUYET'. Cannot insert duplicate key in object 'dbo.BIEUQUYET'.
The statement has been terminated.
2016-03-16 08:31:50,228 [6712] ERROR File LinQConnection getDataTableViolation of PRIMARY KEY constraint 'FK_BIEUQUYET'. Cannot insert duplicate key in object 'dbo.BIEUQUYET'.
The statement has been terminated.
2016-03-16 08:31:52,782 [6712] ERROR File LinQConnection getDataTableViolation of PRIMARY KEY constraint 'FK_BIEUQUYET'. Cannot insert duplicate key in object 'dbo.BIEUQUYET'.
The statement has been terminated.
2016-03-16 08:31:56,685 [5332] ERROR File LinQConnection getDataTableViolation of PRIMARY KEY constraint 'FK_BIEUQUYET'. Cannot insert duplicate key in object 'dbo.BIEUQUYET'.
The statement has been terminated.
2016-03-16 08:32:04,815 [5332] ERROR File LinQConnection getDataTableViolation of PRIMARY KEY constraint 'FK_BIEUQUYET'. Cannot insert duplicate key in object 'dbo.BIEUQUYET'.
The statement has been terminated.
2016-03-16 13:06:17,091 [4352] ERROR File LinQConnection getDataTableThe select list for the INSERT statement contains more items than the insert list. The number of SELECT values must match the number of INSERT columns.
2016-03-16 13:07:55,733 [4352] ERROR File LinQConnection getDataTableThe select list for the INSERT statement contains more items than the insert list. The number of SELECT values must match the number of INSERT columns.
2016-03-16 13:07:56,245 [3536] ERROR File LinQConnection getDataTableThe select list for the INSERT statement contains more items than the insert list. The number of SELECT values must match the number of INSERT columns.
2016-03-16 13:11:32,522 [4672] ERROR File LinQConnection getDataTableViolation of PRIMARY KEY constraint 'PK__DSCODONG__603F182A0DAF0CB0'. Cannot insert duplicate key in object 'dbo.DSCODONG_THAMDU'.
The statement has been terminated.
2016-03-16 13:36:57,834 [3948] ERROR File LinQConnection getDataTableViolation of PRIMARY KEY constraint 'FK_BIEUQUYET'. Cannot insert duplicate key in object 'dbo.BIEUQUYET'.
The statement has been terminated.
2016-03-16 13:42:10,636 [5856] ERROR File LinQConnection getDataTableConversion failed when converting the varchar value '040|0018' to data type int.
2016-03-16 15:21:02,381 [7592] ERROR File LinQConnection getDataTableViolation of PRIMARY KEY constraint 'PK__DSCODONG__603F182A0DAF0CB0'. Cannot insert duplicate key in object 'dbo.DSCODONG_THAMDU'.
The statement has been terminated.
2016-03-16 15:21:16,367 [7096] ERROR File LinQConnection getDataTableViolation of PRIMARY KEY constraint 'PK__DSCODONG__603F182A0DAF0CB0'. Cannot insert duplicate key in object 'dbo.DSCODONG_THAMDU'.
The statement has been terminated.
2016-03-16 15:21:36,859 [7592] ERROR File LinQConnection getDataTableViolation of PRIMARY KEY constraint 'FK_KIEMPHIEU'. Cannot insert duplicate key in object 'dbo.KIEMPHIEU'.
The statement has been terminated.
2016-03-16 15:21:41,925 [7648] ERROR File LinQConnection getDataTableViolation of PRIMARY KEY constraint 'FK_KIEMPHIEU'. Cannot insert duplicate key in object 'dbo.KIEMPHIEU'.
The statement has been terminated.
2016-03-16 15:21:43,969 [7592] ERROR File LinQConnection getDataTableViolation of PRIMARY KEY constraint 'FK_KIEMPHIEU'. Cannot insert duplicate key in object 'dbo.KIEMPHIEU'.
The statement has been terminated.
2016-03-16 15:21:45,000 [7648] ERROR File LinQConnection getDataTableViolation of PRIMARY KEY constraint 'FK_KIEMPHIEU'. Cannot insert duplicate key in object 'dbo.KIEMPHIEU'.
The statement has been terminated.
2016-03-16 15:21:52,741 [7648] ERROR File LinQConnection getDataTableViolation of PRIMARY KEY constraint 'FK_KIEMPHIEU'. Cannot insert duplicate key in object 'dbo.KIEMPHIEU'.
The statement has been terminated.
2016-03-16 15:21:53,004 [7592] ERROR File LinQConnection getDataTableViolation of PRIMARY KEY constraint 'FK_KIEMPHIEU'. Cannot insert duplicate key in object 'dbo.KIEMPHIEU'.
The statement has been terminated.
2016-03-16 15:21:56,243 [7592] ERROR File LinQConnection getDataTableViolation of PRIMARY KEY constraint 'FK_KIEMPHIEU'. Cannot insert duplicate key in object 'dbo.KIEMPHIEU'.
The statement has been terminated.
2016-03-17 07:52:57,268 [1576] ERROR File LinQConnection getDataTableIncorrect syntax near ','.
2016-03-17 08:07:44,537 [4936] ERROR File LinQConnection getDataTableViolation of PRIMARY KEY constraint 'PK__DSCODONG__603F182A0DAF0CB0'. Cannot insert duplicate key in object 'dbo.DSCODONG_THAMDU'.
The statement has been terminated.
2016-03-17 08:08:12,812 [6284] ERROR File LinQConnection getDataTableIncorrect syntax near ','.
2016-03-17 08:30:00,142 [7196] ERROR File LinQConnection getDataTableViolation of PRIMARY KEY constraint 'PK__DSCODONG__603F182A0DAF0CB0'. Cannot insert duplicate key in object 'dbo.DSCODONG_THAMDU'.
The statement has been terminated.
2016-03-17 08:32:35,316 [6680] ERROR File LinQConnection getDataTableViolation of PRIMARY KEY constraint 'FK_BIEUQUYET'. Cannot insert duplicate key in object 'dbo.BIEUQUYET'.
The statement has been terminated.
2016-03-17 08:41:54,105 [1188] ERROR File LinQConnection getDataTableViolation of PRIMARY KEY constraint 'FK_BIEUQUYET'. Cannot insert duplicate key in object 'dbo.BIEUQUYET'.
The statement has been terminated.
2016-03-18 08:03:59,739 [4456] ERROR File LinQConnection getDataTableDivide by zero error encountered.
2016-03-18 08:09:59,491 [5712] ERROR File LinQConnection getDataTableDivide by zero error encountered.
2016-03-18 08:12:03,576 [6084] ERROR File LinQConnection getDataTableDivide by zero error encountered.
2016-03-18 08:16:30,059 [7248] ERROR File LinQConnection getDataTableDivide by zero error encountered.
2016-03-18 08:16:40,146 [1948] ERROR File LinQConnection getDataTableDivide by zero error encountered.
2016-03-30 10:17:03,300 [3668] ERROR File LinQConnection getDataTableExecuteReader: CommandText property has not been initialized
2016-04-05 16:48:36,440 [10004] ERROR File LinQConnection getDataTableViolation of PRIMARY KEY constraint 'FK_BIEUQUYET'. Cannot insert duplicate key in object 'dbo.BIEUQUYET'.
The statement has been terminated.
2016-04-05 16:48:43,156 [10004] ERROR File LinQConnection getDataTableViolation of PRIMARY KEY constraint 'FK_BIEUQUYET'. Cannot insert duplicate key in object 'dbo.BIEUQUYET'.
The statement has been terminated.
2016-04-06 13:31:45,203 [6116] ERROR File LinQConnection getDataTableViolation of PRIMARY KEY constraint 'FK_BIEUQUYET'. Cannot insert duplicate key in object 'dbo.BIEUQUYET'.
The statement has been terminated.
2016-04-06 14:09:04,687 [7084] ERROR File LinQConnection getDataTableViolation of PRIMARY KEY constraint 'PK__DSCODONG__603F182A0DAF0CB0'. Cannot insert duplicate key in object 'dbo.DSCODONG_THAMDU'.
The statement has been terminated.
2016-04-07 09:12:15,860 [5088] ERROR File LinQConnection getDataTableConversion failed when converting the varchar value '----' to data type int.
2016-04-07 09:12:15,924 [5088] ERROR File LinQConnection getDataTableIncorrect syntax near the keyword 'as'.
2016-04-07 09:12:18,842 [6356] ERROR File LinQConnection getDataTableIncorrect syntax near the keyword 'as'.
2016-04-07 09:12:28,365 [5088] ERROR File LinQConnection getDataTableIncorrect syntax near the keyword 'as'.
2016-04-07 09:12:36,047 [6356] ERROR File LinQConnection getDataTableIncorrect syntax near the keyword 'as'.
2016-04-07 09:13:17,597 [5088] ERROR File LinQConnection getDataTableIncorrect syntax near the keyword 'as'.
2016-04-07 09:13:57,316 [5832] ERROR File LinQConnection getDataTableIncorrect syntax near the keyword 'as'.
2016-04-07 09:34:32,463 [5872] ERROR File LinQConnection getDataTableConversion failed when converting the varchar value '----' to data type int.
2016-04-07 09:34:32,526 [5872] ERROR File LinQConnection getDataTableIncorrect syntax near the keyword 'as'.
2016-04-07 09:34:34,876 [5872] ERROR File LinQConnection getDataTableIncorrect syntax near the keyword 'as'.
2016-04-07 09:34:47,405 [7400] ERROR File LinQConnection getDataTableViolation of PRIMARY KEY constraint 'FK_BIEUQUYET'. Cannot insert duplicate key in object 'dbo.BIEUQUYET'.
The statement has been terminated.
2016-04-07 09:34:47,453 [7400] ERROR File LinQConnection getDataTableIncorrect syntax near the keyword 'as'.
2016-04-07 09:40:17,675 [6876] ERROR File LinQConnection getDataTableConversion failed when converting the varchar value '----' to data type int.
2016-04-07 09:40:17,690 [6876] ERROR File LinQConnection getDataTableIncorrect syntax near '='.
2016-04-07 09:40:56,997 [1156] ERROR File LinQConnection getDataTableViolation of PRIMARY KEY constraint 'FK_BIEUQUYET'. Cannot insert duplicate key in object 'dbo.BIEUQUYET'.
The statement has been terminated.
2016-04-07 09:41:53,414 [6832] ERROR File LinQConnection getDataTableConversion failed when converting the varchar value '----' to data type int.
2016-04-07 09:41:53,487 [6832] ERROR File LinQConnection getDataTableIncorrect syntax near '='.
2016-04-07 10:29:31,674 [5588] ERROR File LinQConnection getDataTableConversion failed when converting the varchar value '----' to data type int.
2016-04-07 10:29:31,732 [5588] ERROR File LinQConnection getDataTableIncorrect syntax near '='.
2016-04-07 12:00:40,301 [4548] ERROR File LinQConnection getDataTableConversion failed when converting the varchar value '----' to data type int.
2016-04-07 12:00:40,385 [4548] ERROR File LinQConnection getDataTableIncorrect syntax near '='.
2016-04-07 13:26:24,827 [6800] ERROR File LinQConnection getDataTableConversion failed when converting the varchar value '----' to data type int.
2016-04-07 13:26:24,969 [6800] ERROR File LinQConnection getDataTableIncorrect syntax near '='.
